<?xml version="1.0" encoding="UTF-8"?>
<!-- Generated by org.testng.reporters.JUnitReportReporter -->
<testsuite hostname="Yamen_Laptop" failures="0" tests="74" name="com.iot.selenium.tests.SettingsTest" time="213.019" errors="0" timestamp="2026-06-29T00:38:00 EEST" skipped="0">
  <testcase classname="com.iot.selenium.tests.SettingsTest" name="testContradiction" time="3.373"/>
  <testcase classname="com.iot.selenium.tests.SettingsTest" name="testBoundaryValidation" time="2.080"/>
  <testcase classname="com.iot.selenium.tests.SettingsTest" name="testNavigation" time="1.185"/>
  <testcase classname="com.iot.selenium.tests.SettingsTest" name="testToggleAddRemove" time="2.475"/>
  <testcase classname="com.iot.selenium.tests.SettingsTest" name="testBoundaryValidation" time="2.104"/>
  <testcase classname="com.iot.selenium.tests.SettingsTest" name="testInitialState" time="0.785"/>
  <testcase classname="com.iot.selenium.tests.SettingsTest" name="testToggleAddRemove" time="2.003"/>
  <testcase classname="com.iot.selenium.tests.SettingsTest" name="testBoundaryValidation" time="1.680"/>
  <testcase classname="com.iot.selenium.tests.SettingsTest" name="testNavigation" time="1.147"/>
  <testcase classname="com.iot.selenium.tests.SettingsTest" name="testToggleAddRemove" time="1.202"/>
  <testcase classname="com.iot.selenium.tests.SettingsTest" name="testInitialState" time="0.806"/>
  <testcase classname="com.iot.selenium.tests.SettingsTest" name="testToggleAddRemove" time="1.030"/>
  <testcase classname="com.iot.selenium.tests.SettingsTest" name="testBoundaryValidation" time="2.057"/>
  <testcase classname="com.iot.selenium.tests.SettingsTest" name="testToggleAddRemove" time="1.092"/>
  <testcase classname="com.iot.selenium.tests.SettingsTest" name="testContradiction" time="2.364"/>
  <testcase classname="com.iot.selenium.tests.SettingsTest" name="testToggleAddRemove" time="1.024"/>
  <testcase classname="com.iot.selenium.tests.SettingsTest" name="testToggleAddRemove" time="1.362"/>
  <testcase classname="com.iot.selenium.tests.SettingsTest" name="testBoundaryValidation" time="1.832"/>
  <testcase classname="com.iot.selenium.tests.SettingsTest" name="testContradiction" time="2.659"/>
  <testcase classname="com.iot.selenium.tests.SettingsTest" name="testToggleAddRemove" time="1.193"/>
  <testcase classname="com.iot.selenium.tests.SettingsTest" name="testContradiction" time="2.131"/>
  <testcase classname="com.iot.selenium.tests.SettingsTest" name="testPersistence" time="3.565"/>
  <testcase classname="com.iot.selenium.tests.SettingsTest" name="testToggleAddRemove" time="0.809"/>
  <testcase classname="com.iot.selenium.tests.SettingsTest" name="testBoundaryValidation" time="1.478"/>
  <testcase classname="com.iot.selenium.tests.SettingsTest" name="testBoundaryValidation" time="1.394"/>
  <testcase classname="com.iot.selenium.tests.SettingsTest" name="testPersistence" time="6.352"/>
  <testcase classname="com.iot.selenium.tests.SettingsTest" name="testInitialState" time="1.194"/>
  <testcase classname="com.iot.selenium.tests.SettingsTest" name="testBoundaryValidation" time="1.914"/>
  <testcase classname="com.iot.selenium.tests.SettingsTest" name="testBoundaryValidation" time="1.933"/>
  <testcase classname="com.iot.selenium.tests.SettingsTest" name="testToggleAddRemove" time="1.271"/>
  <testcase classname="com.iot.selenium.tests.SettingsTest" name="testBoundaryValidation" time="1.570"/>
  <testcase classname="com.iot.selenium.tests.SettingsTest" name="testNavigation" time="0.686"/>
  <testcase classname="com.iot.selenium.tests.SettingsTest" name="testSaveFlow" time="6.026"/>
  <testcase classname="com.iot.selenium.tests.SettingsTest" name="testToggleAddRemove" time="1.656"/>
  <testcase classname="com.iot.selenium.tests.SettingsTest" name="testInitialState" time="0.811"/>
  <testcase classname="com.iot.selenium.tests.SettingsTest" name="testBoundaryValidation" time="2.036"/>
  <testcase classname="com.iot.selenium.tests.SettingsTest" name="testInitialState" time="0.799"/>
  <testcase classname="com.iot.selenium.tests.SettingsTest" name="testNavigation" time="81.353"/>
  <testcase classname="com.iot.selenium.tests.SettingsTest" name="testToggleAddRemove" time="1.553"/>
  <testcase classname="com.iot.selenium.tests.SettingsTest" name="testBoundaryValidation" time="1.822"/>
  <testcase classname="com.iot.selenium.tests.SettingsTest" name="testInitialState" time="0.776"/>
  <testcase classname="com.iot.selenium.tests.SettingsTest" name="testPersistence" time="2.168"/>
  <testcase classname="com.iot.selenium.tests.SettingsTest" name="testToggleAddRemove" time="2.311"/>
  <testcase classname="com.iot.selenium.tests.SettingsTest" name="testBoundaryValidation" time="1.586"/>
  <testcase classname="com.iot.selenium.tests.SettingsTest" name="testBoundaryValidation" time="1.615"/>
  <testcase classname="com.iot.selenium.tests.SettingsTest" name="testBoundaryValidation" time="1.757"/>
  <testcase classname="com.iot.selenium.tests.SettingsTest" name="testNewUserEmptyState" time="1.552"/>
  <testcase classname="com.iot.selenium.tests.SettingsTest" name="testToggleAddRemove" time="2.451"/>
  <testcase classname="com.iot.selenium.tests.SettingsTest" name="testBoundaryValidation" time="1.971"/>
  <testcase classname="com.iot.selenium.tests.SettingsTest" name="testInitialState" time="0.886"/>
  <testcase classname="com.iot.selenium.tests.SettingsTest" name="testBoundaryValidation" time="1.657"/>
  <testcase classname="com.iot.selenium.tests.SettingsTest" name="testBoundaryValidation" time="2.039"/>
  <testcase classname="com.iot.selenium.tests.SettingsTest" name="testBoundaryValidation" time="1.353"/>
  <testcase classname="com.iot.selenium.tests.SettingsTest" name="testToggleAddRemove" time="1.342"/>
  <testcase classname="com.iot.selenium.tests.SettingsTest" name="testBoundaryValidation" time="1.420"/>
  <testcase classname="com.iot.selenium.tests.SettingsTest" name="testBoundaryValidation" time="2.107"/>
  <testcase classname="com.iot.selenium.tests.SettingsTest" name="testBoundaryValidation" time="1.840"/>
  <testcase classname="com.iot.selenium.tests.SettingsTest" name="testBoundaryValidation" time="2.480"/>
  <testcase classname="com.iot.selenium.tests.SettingsTest" name="testNavigation" time="0.968"/>
  <testcase classname="com.iot.selenium.tests.SettingsTest" name="testNavigation" time="0.622"/>
  <testcase classname="com.iot.selenium.tests.SettingsTest" name="testSaveFlow" time="2.065"/>
  <testcase classname="com.iot.selenium.tests.SettingsTest" name="testBoundaryValidation" time="1.715"/>
  <testcase classname="com.iot.selenium.tests.SettingsTest" name="testContradiction" time="2.069"/>
  <testcase classname="com.iot.selenium.tests.SettingsTest" name="testBoundaryValidation" time="1.599"/>
  <testcase classname="com.iot.selenium.tests.SettingsTest" name="testContradiction" time="2.748"/>
  <testcase classname="com.iot.selenium.tests.SettingsTest" name="testNavigation" time="0.800"/>
  <testcase classname="com.iot.selenium.tests.SettingsTest" name="testBoundaryValidation" time="1.866"/>
  <testcase classname="com.iot.selenium.tests.SettingsTest" name="testContradiction" time="2.503"/>
  <testcase classname="com.iot.selenium.tests.SettingsTest" name="testInitialState" time="0.791"/>
  <testcase classname="com.iot.selenium.tests.SettingsTest" name="testContradiction" time="2.482"/>
  <testcase classname="com.iot.selenium.tests.SettingsTest" name="testMultiUserIsolation" time="3.565"/>
  <testcase classname="com.iot.selenium.tests.SettingsTest" name="testBoundaryValidation" time="1.529"/>
  <testcase classname="com.iot.selenium.tests.SettingsTest" name="testInitialState" time="1.473"/>
  <testcase classname="com.iot.selenium.tests.SettingsTest" name="testNavigation" time="1.107"/>
</testsuite> <!-- com.iot.selenium.tests.SettingsTest -->
