<?xml version="1.0" encoding="UTF-8"?>
<!-- Generated by org.testng.reporters.JUnitReportReporter -->
<testsuite hostname="Salmas-MacBook-Air.local" failures="0" tests="5" name="com.iot.selenium.tests.UserProfileTest" time="19.412" errors="0" timestamp="2026-05-12T23:43:59 EEST" skipped="0">
  <testcase classname="com.iot.selenium.tests.UserProfileTest" name="testUserProfile" time="2.761"/>
  <testcase classname="com.iot.selenium.tests.UserProfileTest" name="testUserProfile" time="1.798"/>
  <testcase classname="com.iot.selenium.tests.UserProfileTest" name="testUserProfile" time="3.461"/>
  <testcase classname="com.iot.selenium.tests.UserProfileTest" name="testUserProfile" time="8.178"/>
  <testcase classname="com.iot.selenium.tests.UserProfileTest" name="testUserProfile" time="3.214"/>
</testsuite> <!-- com.iot.selenium.tests.UserProfileTest -->
