<?xml version="1.0" encoding="UTF-8"?>
<!-- Generated by org.testng.reporters.JUnitReportReporter -->
<testsuite hostname="DESKTOP-5HHP280" failures="0" tests="2" name="com.iot.selenium.tests.LoginTest" time="4.787" errors="0" timestamp="2026-05-04T03:39:10 EEST" skipped="0">
  <testcase classname="com.iot.selenium.tests.LoginTest" name="shouldShowLoginErrorForInvalidCredentials" time="2.499"/>
  <testcase classname="com.iot.selenium.tests.LoginTest" name="shouldLoginSuccessfully" time="2.288"/>
</testsuite> <!-- com.iot.selenium.tests.LoginTest -->
