<?xml version="1.0" encoding="UTF-8"?>
<!-- Generated by org.testng.reporters.JUnitReportReporter -->
<testsuite hostname="Salmas-MacBook-Air.local" failures="0" tests="12" name="com.iot.selenium.tests.SigninTest" time="67.796" errors="0" timestamp="2026-05-17T13:58:13 EEST" skipped="0">
  <testcase classname="com.iot.selenium.tests.SigninTest" name="testSignin" time="2.034"/>
  <testcase classname="com.iot.selenium.tests.SigninTest" name="testSignin" time="1.926"/>
  <testcase classname="com.iot.selenium.tests.SigninTest" name="testSignin" time="17.045"/>
  <testcase classname="com.iot.selenium.tests.SigninTest" name="testSignin" time="2.162"/>
  <testcase classname="com.iot.selenium.tests.SigninTest" name="testSignin" time="1.593"/>
  <testcase classname="com.iot.selenium.tests.SigninTest" name="testSignin" time="16.745"/>
  <testcase classname="com.iot.selenium.tests.SigninTest" name="testSignin" time="1.618"/>
  <testcase classname="com.iot.selenium.tests.SigninTest" name="testSignin" time="1.991"/>
  <testcase classname="com.iot.selenium.tests.SigninTest" name="testSignin" time="1.686"/>
  <testcase classname="com.iot.selenium.tests.SigninTest" name="testSignin" time="2.568"/>
  <testcase classname="com.iot.selenium.tests.SigninTest" name="testSignin" time="16.914"/>
  <testcase classname="com.iot.selenium.tests.SigninTest" name="testSignin" time="1.514"/>
</testsuite> <!-- com.iot.selenium.tests.SigninTest -->
