<?xml version="1.0" encoding="UTF-8"?>
<!-- Generated by org.testng.reporters.JUnitReportReporter -->
<testsuite hostname="Yamen_Laptop" failures="0" tests="3" name="com.iot.selenium.tests.LogoutTest" time="7.037" errors="0" timestamp="2026-06-29T00:38:00 EEST" skipped="0">
  <testcase classname="com.iot.selenium.tests.LogoutTest" name="testSuccessfulLogout" time="2.465"/>
  <testcase classname="com.iot.selenium.tests.LogoutTest" name="testAuthGuardAfterLogout" time="2.116"/>
  <testcase classname="com.iot.selenium.tests.LogoutTest" name="testSuccessfulLogout" time="2.456"/>
</testsuite> <!-- com.iot.selenium.tests.LogoutTest -->
