<?xml version="1.0" encoding="UTF-8"?>
<!-- Generated by org.testng.reporters.JUnitReportReporter -->
<testsuite hostname="Salmas-MacBook-Air.local" failures="0" tests="14" name="com.iot.selenium.tests.SignupTest" time="46.434" errors="0" timestamp="2026-05-17T13:58:13 EEST" skipped="0">
  <testcase classname="com.iot.selenium.tests.SignupTest" name="testSignup" time="1.701"/>
  <testcase classname="com.iot.selenium.tests.SignupTest" name="testSignup" time="2.374"/>
  <testcase classname="com.iot.selenium.tests.SignupTest" name="testSignup" time="1.833"/>
  <testcase classname="com.iot.selenium.tests.SignupTest" name="testSignup" time="5.406"/>
  <testcase classname="com.iot.selenium.tests.SignupTest" name="testSignup" time="1.268"/>
  <testcase classname="com.iot.selenium.tests.SignupTest" name="testSignup" time="1.835"/>
  <testcase classname="com.iot.selenium.tests.SignupTest" name="testSignup" time="2.181"/>
  <testcase classname="com.iot.selenium.tests.SignupTest" name="testSignup" time="1.870"/>
  <testcase classname="com.iot.selenium.tests.SignupTest" name="testSignup" time="3.473"/>
  <testcase classname="com.iot.selenium.tests.SignupTest" name="testSignup" time="1.635"/>
  <testcase classname="com.iot.selenium.tests.SignupTest" name="testSignup" time="1.786"/>
  <testcase classname="com.iot.selenium.tests.SignupTest" name="testSignup" time="1.681"/>
  <testcase classname="com.iot.selenium.tests.SignupTest" name="testSignup" time="17.015"/>
  <testcase classname="com.iot.selenium.tests.SignupTest" name="testSignup" time="2.376"/>
</testsuite> <!-- com.iot.selenium.tests.SignupTest -->
