<?xml version="1.0" encoding="UTF-8"?>
<!-- Generated by org.testng.reporters.JUnitReportReporter -->
<testsuite hostname="Yamen_Laptop" failures="0" tests="12" name="com.iot.selenium.tests.SigninTest" time="82.205" errors="0" timestamp="2026-06-29T00:38:00 EEST" skipped="0">
  <testcase classname="com.iot.selenium.tests.SigninTest" name="testSignin" time="2.985"/>
  <testcase classname="com.iot.selenium.tests.SigninTest" name="testSignin" time="18.284"/>
  <testcase classname="com.iot.selenium.tests.SigninTest" name="testSignin" time="3.114"/>
  <testcase classname="com.iot.selenium.tests.SigninTest" name="testSignin" time="3.071"/>
  <testcase classname="com.iot.selenium.tests.SigninTest" name="testSignin" time="3.359"/>
  <testcase classname="com.iot.selenium.tests.SigninTest" name="testSignin" time="18.389"/>
  <testcase classname="com.iot.selenium.tests.SigninTest" name="testSignin" time="2.805"/>
  <testcase classname="com.iot.selenium.tests.SigninTest" name="testSignin" time="2.829"/>
  <testcase classname="com.iot.selenium.tests.SigninTest" name="testSignin" time="2.575"/>
  <testcase classname="com.iot.selenium.tests.SigninTest" name="testSignin" time="18.587"/>
  <testcase classname="com.iot.selenium.tests.SigninTest" name="testSignin" time="3.339"/>
  <testcase classname="com.iot.selenium.tests.SigninTest" name="testSignin" time="2.868"/>
</testsuite> <!-- com.iot.selenium.tests.SigninTest -->
