<?xml version="1.0" encoding="UTF-8"?>
<!-- Generated by org.testng.reporters.JUnitReportReporter -->
<testsuite hostname="Yamen_Laptop" failures="0" tests="12" name="com.iot.selenium.tests.ConfigurationTest" time="23.457" errors="0" timestamp="2026-06-29T00:38:00 EEST" skipped="0">
  <testcase classname="com.iot.selenium.tests.ConfigurationTest" name="testConfiguration" time="1.633"/>
  <testcase classname="com.iot.selenium.tests.ConfigurationTest" name="testConfiguration" time="2.049"/>
  <testcase classname="com.iot.selenium.tests.ConfigurationTest" name="testConfiguration" time="2.001"/>
  <testcase classname="com.iot.selenium.tests.ConfigurationTest" name="testConfiguration" time="0.948"/>
  <testcase classname="com.iot.selenium.tests.ConfigurationTest" name="testConfiguration" time="1.973"/>
  <testcase classname="com.iot.selenium.tests.ConfigurationTest" name="testConfiguration" time="0.746"/>
  <testcase classname="com.iot.selenium.tests.ConfigurationTest" name="testConfiguration" time="1.629"/>
  <testcase classname="com.iot.selenium.tests.ConfigurationTest" name="testConfiguration" time="1.868"/>
  <testcase classname="com.iot.selenium.tests.ConfigurationTest" name="testConfiguration" time="2.338"/>
  <testcase classname="com.iot.selenium.tests.ConfigurationTest" name="testConfiguration" time="3.985"/>
  <testcase classname="com.iot.selenium.tests.ConfigurationTest" name="testConfiguration" time="1.854"/>
  <testcase classname="com.iot.selenium.tests.ConfigurationTest" name="testConfiguration" time="2.433"/>
</testsuite> <!-- com.iot.selenium.tests.ConfigurationTest -->
