<?xml version="1.0" encoding="UTF-8"?>
<!-- Generated by org.testng.reporters.JUnitReportReporter -->
<testsuite hostname="DESKTOP-5HHP280" failures="0" tests="2" name="com.iot.selenium.tests.UserProfileTest" time="5.812" errors="0" timestamp="2026-05-04T03:51:23 EEST" skipped="0">
  <testcase classname="com.iot.selenium.tests.UserProfileTest" name="shouldDisplayProfileDetails" time="2.508"/>
  <testcase classname="com.iot.selenium.tests.UserProfileTest" name="shouldReturnToDashboardFromProfile" time="3.304"/>
</testsuite> <!-- com.iot.selenium.tests.UserProfileTest -->
