<?xml version="1.0" encoding="UTF-8"?>
<!-- Generated by org.testng.reporters.JUnitReportReporter -->
<testsuite hostname="Yamen_Laptop" failures="0" tests="2" name="com.iot.selenium.tests.SensorDashboardTest" time="2.549" errors="0" timestamp="2026-07-13T17:52:26 EEST" skipped="0">
  <testcase classname="com.iot.selenium.tests.SensorDashboardTest" name="testDataAfterSeed" time="1.642"/>
  <testcase classname="com.iot.selenium.tests.SensorDashboardTest" name="testEmptyState" time="0.907"/>
</testsuite> <!-- com.iot.selenium.tests.SensorDashboardTest -->
