<?xml version="1.0" encoding="UTF-8"?>
<!-- Generated by org.testng.reporters.JUnitReportReporter -->
<testsuite hostname="Yamen_Laptop" failures="0" tests="12" name="com.iot.selenium.tests.ConfigurationTest" time="20.063" errors="0" timestamp="2026-06-24T21:15:24 EEST" skipped="0">
  <testcase classname="com.iot.selenium.tests.ConfigurationTest" name="testConfiguration" time="1.714"/>
  <testcase classname="com.iot.selenium.tests.ConfigurationTest" name="testConfiguration" time="1.928"/>
  <testcase classname="com.iot.selenium.tests.ConfigurationTest" name="testConfiguration" time="2.495"/>
  <testcase classname="com.iot.selenium.tests.ConfigurationTest" name="testConfiguration" time="2.679"/>
  <testcase classname="com.iot.selenium.tests.ConfigurationTest" name="testConfiguration" time="0.590"/>
  <testcase classname="com.iot.selenium.tests.ConfigurationTest" name="testConfiguration" time="1.382"/>
  <testcase classname="com.iot.selenium.tests.ConfigurationTest" name="testConfiguration" time="2.209"/>
  <testcase classname="com.iot.selenium.tests.ConfigurationTest" name="testConfiguration" time="1.962"/>
  <testcase classname="com.iot.selenium.tests.ConfigurationTest" name="testConfiguration" time="1.181"/>
  <testcase classname="com.iot.selenium.tests.ConfigurationTest" name="testConfiguration" time="1.409"/>
  <testcase classname="com.iot.selenium.tests.ConfigurationTest" name="testConfiguration" time="1.590"/>
  <testcase classname="com.iot.selenium.tests.ConfigurationTest" name="testConfiguration" time="0.924"/>
</testsuite> <!-- com.iot.selenium.tests.ConfigurationTest -->
