<?xml version="1.0" encoding="UTF-8"?>
<!-- Generated by org.testng.reporters.JUnitReportReporter -->
<testsuite hostname="Yamen_Laptop" failures="0" tests="14" name="com.iot.selenium.tests.SettingsTest" time="24.093" errors="0" timestamp="2026-07-13T17:52:26 EEST" skipped="0">
  <testcase classname="com.iot.selenium.tests.SettingsTest" name="testInitialState" time="0.676"/>
  <testcase classname="com.iot.selenium.tests.SettingsTest" name="testInitialState" time="0.796"/>
  <testcase classname="com.iot.selenium.tests.SettingsTest" name="testInitialState" time="1.561"/>
  <testcase classname="com.iot.selenium.tests.SettingsTest" name="testSaveFlow" time="1.666"/>
  <testcase classname="com.iot.selenium.tests.SettingsTest" name="testInitialState" time="0.720"/>
  <testcase classname="com.iot.selenium.tests.SettingsTest" name="testPersistence" time="1.464"/>
  <testcase classname="com.iot.selenium.tests.SettingsTest" name="testInitialState" time="0.924"/>
  <testcase classname="com.iot.selenium.tests.SettingsTest" name="testInitialState" time="0.778"/>
  <testcase classname="com.iot.selenium.tests.SettingsTest" name="testPersistence" time="1.741"/>
  <testcase classname="com.iot.selenium.tests.SettingsTest" name="testPersistence" time="5.630"/>
  <testcase classname="com.iot.selenium.tests.SettingsTest" name="testInitialState" time="0.756"/>
  <testcase classname="com.iot.selenium.tests.SettingsTest" name="testInitialState" time="0.910"/>
  <testcase classname="com.iot.selenium.tests.SettingsTest" name="testSaveFlow" time="5.765"/>
  <testcase classname="com.iot.selenium.tests.SettingsTest" name="testInitialState" time="0.706"/>
</testsuite> <!-- com.iot.selenium.tests.SettingsTest -->
