<?xml version="1.0" encoding="UTF-8"?>
<!-- Generated by org.testng.reporters.JUnitReportReporter -->
<testsuite hostname="Yamen_Laptop" failures="0" tests="14" name="com.iot.selenium.tests.SignupTest" time="55.267" errors="0" timestamp="2026-07-13T17:52:26 EEST" skipped="0">
  <testcase classname="com.iot.selenium.tests.SignupTest" name="testSignup" time="17.432"/>
  <testcase classname="com.iot.selenium.tests.SignupTest" name="testSignup" time="3.059"/>
  <testcase classname="com.iot.selenium.tests.SignupTest" name="testSignup" time="2.606"/>
  <testcase classname="com.iot.selenium.tests.SignupTest" name="testSignup" time="2.677"/>
  <testcase classname="com.iot.selenium.tests.SignupTest" name="testSignup" time="2.837"/>
  <testcase classname="com.iot.selenium.tests.SignupTest" name="testSignup" time="2.662"/>
  <testcase classname="com.iot.selenium.tests.SignupTest" name="testSignup" time="2.438"/>
  <testcase classname="com.iot.selenium.tests.SignupTest" name="testSignup" time="5.713"/>
  <testcase classname="com.iot.selenium.tests.SignupTest" name="testSignup" time="2.447"/>
  <testcase classname="com.iot.selenium.tests.SignupTest" name="testSignup" time="2.459"/>
  <testcase classname="com.iot.selenium.tests.SignupTest" name="testSignup" time="2.665"/>
  <testcase classname="com.iot.selenium.tests.SignupTest" name="testSignup" time="2.556"/>
  <testcase classname="com.iot.selenium.tests.SignupTest" name="testSignup" time="3.218"/>
  <testcase classname="com.iot.selenium.tests.SignupTest" name="testSignup" time="2.498"/>
</testsuite> <!-- com.iot.selenium.tests.SignupTest -->
