<?xml version="1.0" encoding="UTF-8"?>
<!-- Generated by org.testng.reporters.JUnitXMLReporter -->
<testsuite ignored="0" hostname="Yamen_Laptop" failures="0" tests="6" name="Alerts &amp; Notifications Tests" time="40.957" errors="0" timestamp="2026-07-13T16:55:29 EEST">
  <testcase classname="com.iot.selenium.tests.AlertsTest" name="testPanelOpenClose" time="12.351"/>
  <testcase classname="com.iot.selenium.tests.AlertsTest" name="testEmptyNotifications" time="1.237"/>
  <testcase classname="com.iot.selenium.tests.AlertsTest" name="testSeededNotifications" time="7.001"/>
  <testcase classname="com.iot.selenium.tests.AlertsTest" name="testJumpToSensorModal" time="11.893">
    <skipped/>
  </testcase> <!-- testJumpToSensorModal -->
  <testcase classname="com.iot.selenium.tests.AlertsTest" name="testDeleteFromModal" time="0.0">
    <skipped/>
  </testcase> <!-- testDeleteFromModal -->
  <testcase classname="com.iot.selenium.tests.AlertsTest" name="testPanelOnSettingsRoute" time="0.303"/>
</testsuite> <!-- Alerts & Notifications Tests -->
