<?xml version="1.0" encoding="UTF-8"?>
<!-- Generated by org.testng.reporters.JUnitXMLReporter -->
<testsuite ignored="0" hostname="Salmas-MacBook-Air.local" failures="0" tests="6" name="Alerts &amp; Notifications Tests" time="19.123" errors="0" timestamp="2026-05-17T13:58:13 EEST">
  <testcase classname="com.iot.selenium.tests.AlertsTest" name="testPanelOpenClose" time="6.992"/>
  <testcase classname="com.iot.selenium.tests.AlertsTest" name="testEmptyNotifications" time="0.953"/>
  <testcase classname="com.iot.selenium.tests.AlertsTest" name="testSeededNotifications" time="6.657"/>
  <testcase classname="com.iot.selenium.tests.AlertsTest" name="testJumpToSensorModal" time="1.332">
    <skipped/>
  </testcase> <!-- testJumpToSensorModal -->
  <testcase classname="com.iot.selenium.tests.AlertsTest" name="testDeleteFromModal" time="0.0">
    <skipped/>
  </testcase> <!-- testDeleteFromModal -->
  <testcase classname="com.iot.selenium.tests.AlertsTest" name="testPanelOnSettingsRoute" time="0.623"/>
</testsuite> <!-- Alerts & Notifications Tests -->
