<?xml version="1.0" encoding="UTF-8"?>
<!-- Generated by org.testng.reporters.JUnitXMLReporter -->
<testsuite ignored="0" hostname="Yamen_Laptop" failures="0" tests="12" name="Configuration Tests" time="21.437" errors="0" timestamp="2026-07-13T16:57:39 EEST">
  <testcase classname="com.iot.selenium.tests.ConfigurationTest" name="testConfiguration" time="2.707"/>
  <testcase classname="com.iot.selenium.tests.ConfigurationTest" name="testConfiguration" time="2.189"/>
  <testcase classname="com.iot.selenium.tests.ConfigurationTest" name="testConfiguration" time="2.125"/>
  <testcase classname="com.iot.selenium.tests.ConfigurationTest" name="testConfiguration" time="1.939"/>
  <testcase classname="com.iot.selenium.tests.ConfigurationTest" name="testConfiguration" time="1.972"/>
  <testcase classname="com.iot.selenium.tests.ConfigurationTest" name="testConfiguration" time="1.235"/>
  <testcase classname="com.iot.selenium.tests.ConfigurationTest" name="testConfiguration" time="1.414"/>
  <testcase classname="com.iot.selenium.tests.ConfigurationTest" name="testConfiguration" time="1.525"/>
  <testcase classname="com.iot.selenium.tests.ConfigurationTest" name="testConfiguration" time="1.41"/>
  <testcase classname="com.iot.selenium.tests.ConfigurationTest" name="testConfiguration" time="0.646"/>
  <testcase classname="com.iot.selenium.tests.ConfigurationTest" name="testConfiguration" time="0.984"/>
  <testcase classname="com.iot.selenium.tests.ConfigurationTest" name="testConfiguration" time="1.858"/>
</testsuite> <!-- Configuration Tests -->
