<?xml version="1.0" encoding="UTF-8"?>
<!-- Generated by org.testng.reporters.JUnitXMLReporter -->
<testsuite ignored="0" hostname="Salmas-MacBook-Air.local" failures="0" tests="12" name="Configuration Tests" time="14.954" errors="0" timestamp="2026-05-17T13:57:52 EEST">
  <testcase classname="com.iot.selenium.tests.ConfigurationTest" name="testConfiguration" time="1.94"/>
  <testcase classname="com.iot.selenium.tests.ConfigurationTest" name="testConfiguration" time="0.765"/>
  <testcase classname="com.iot.selenium.tests.ConfigurationTest" name="testConfiguration" time="1.277"/>
  <testcase classname="com.iot.selenium.tests.ConfigurationTest" name="testConfiguration" time="1.257"/>
  <testcase classname="com.iot.selenium.tests.ConfigurationTest" name="testConfiguration" time="1.754"/>
  <testcase classname="com.iot.selenium.tests.ConfigurationTest" name="testConfiguration" time="0.723"/>
  <testcase classname="com.iot.selenium.tests.ConfigurationTest" name="testConfiguration" time="1.213"/>
  <testcase classname="com.iot.selenium.tests.ConfigurationTest" name="testConfiguration" time="1.26"/>
  <testcase classname="com.iot.selenium.tests.ConfigurationTest" name="testConfiguration" time="1.263"/>
  <testcase classname="com.iot.selenium.tests.ConfigurationTest" name="testConfiguration" time="0.627"/>
  <testcase classname="com.iot.selenium.tests.ConfigurationTest" name="testConfiguration" time="0.106"/>
  <testcase classname="com.iot.selenium.tests.ConfigurationTest" name="testConfiguration" time="0.827"/>
</testsuite> <!-- Configuration Tests -->
