<?xml version="1.0" encoding="UTF-8"?>
<!-- Generated by org.testng.reporters.JUnitXMLReporter -->
<testsuite ignored="0" hostname="DESKTOP-5HHP280" failures="0" tests="2" name="Login Tests" time="5.524" errors="0" timestamp="2026-05-04T03:39:02 EEST">
  <testcase classname="com.iot.selenium.tests.LoginTest" name="shouldLoginSuccessfully" time="1.085"/>
  <testcase classname="com.iot.selenium.tests.LoginTest" name="shouldShowLoginErrorForInvalidCredentials" time="0.671"/>
</testsuite> <!-- Login Tests -->
