<?xml version="1.0" encoding="UTF-8"?>
<!-- Generated by org.testng.reporters.JUnitXMLReporter -->
<testsuite ignored="0" hostname="Yamen_Laptop" failures="0" tests="3" name="Logout Tests" time="70.366" errors="0" timestamp="2026-06-24T21:15:24 EEST">
  <testcase classname="com.iot.selenium.tests.LogoutTest" name="testSuccessfulLogout" time="66.024"/>
  <testcase classname="com.iot.selenium.tests.LogoutTest" name="testSuccessfulLogout" time="1.092"/>
  <testcase classname="com.iot.selenium.tests.LogoutTest" name="testAuthGuardAfterLogout" time="0.713"/>
</testsuite> <!-- Logout Tests -->
