<?xml version="1.0" encoding="UTF-8"?>
<!-- Generated by org.testng.reporters.JUnitXMLReporter -->
<testsuite ignored="0" hostname="Yamen_Laptop" failures="0" tests="3" name="Logout Tests" time="6.546" errors="0" timestamp="2026-07-13T17:00:33 EEST">
  <testcase classname="com.iot.selenium.tests.LogoutTest" name="testSuccessfulLogout" time="1.417"/>
  <testcase classname="com.iot.selenium.tests.LogoutTest" name="testSuccessfulLogout" time="1.439"/>
  <testcase classname="com.iot.selenium.tests.LogoutTest" name="testAuthGuardAfterLogout" time="0.986"/>
</testsuite> <!-- Logout Tests -->
