<?xml version="1.0" encoding="UTF-8"?>
<!-- Generated by org.testng.reporters.JUnitXMLReporter -->
<testsuite ignored="0" hostname="Yamen_Laptop" failures="0" tests="5" name="Sensor Dashboard Tests" time="7.396" errors="0" timestamp="2026-07-13T16:57:46 EEST">
  <testcase classname="com.iot.selenium.tests.SensorDashboardTest" name="testDataAfterSeed" time="1.852"/>
  <testcase classname="com.iot.selenium.tests.SensorDashboardTest" name="testEmptyState" time="0.768"/>
  <testcase classname="com.iot.selenium.tests.SensorDashboardTest" name="testRefresh" time="1.353"/>
  <testcase classname="com.iot.selenium.tests.SensorDashboardTest" name="testAlertsModal" time="0.765"/>
  <testcase classname="com.iot.selenium.tests.SensorDashboardTest" name="testHistoryDropdown" time="0.775">
    <skipped/>
  </testcase> <!-- testHistoryDropdown -->
</testsuite> <!-- Sensor Dashboard Tests -->
