<?xml version="1.0" encoding="UTF-8"?>
<!-- Generated by org.testng.reporters.JUnitXMLReporter -->
<testsuite ignored="4" hostname="Salmas-MacBook-Air.local" failures="0" tests="1" name="Sensor Dashboard Tests" time="2.431" errors="0" timestamp="2026-05-17T13:57:54 EEST">
  <testcase classname="com.iot.selenium.tests.SensorDashboardTest" name="testDataAfterSeed" time="1.507"/>
  <testcase classname="com.iot.selenium.tests.SensorDashboardTest" name="testHistoryDropdown" time="0.0">
    <ignored/>
  </testcase> <!-- testHistoryDropdown -->
  <testcase classname="com.iot.selenium.tests.SensorDashboardTest" name="testAlertsModal" time="0.0">
    <ignored/>
  </testcase> <!-- testAlertsModal -->
  <testcase classname="com.iot.selenium.tests.SensorDashboardTest" name="testEmptyState" time="0.0">
    <ignored/>
  </testcase> <!-- testEmptyState -->
  <testcase classname="com.iot.selenium.tests.SensorDashboardTest" name="testRefresh" time="0.0">
    <ignored/>
  </testcase> <!-- testRefresh -->
</testsuite> <!-- Sensor Dashboard Tests -->
