<?xml version="1.0" encoding="UTF-8"?>
<!-- Generated by org.testng.reporters.JUnitXMLReporter -->
<testsuite ignored="0" hostname="Yamen_Laptop" failures="1" tests="74" name="Settings Tests" time="108.811" errors="0" timestamp="2026-07-13T16:57:18 EEST">
  <testcase classname="com.iot.selenium.tests.SettingsTest" name="testBoundaryValidation" time="2.076"/>
  <testcase classname="com.iot.selenium.tests.SettingsTest" name="testBoundaryValidation" time="1.277"/>
  <testcase classname="com.iot.selenium.tests.SettingsTest" name="testBoundaryValidation" time="1.466"/>
  <testcase classname="com.iot.selenium.tests.SettingsTest" name="testBoundaryValidation" time="1.284"/>
  <testcase classname="com.iot.selenium.tests.SettingsTest" name="testBoundaryValidation" time="1.313"/>
  <testcase classname="com.iot.selenium.tests.SettingsTest" name="testBoundaryValidation" time="0.88"/>
  <testcase classname="com.iot.selenium.tests.SettingsTest" name="testBoundaryValidation" time="0.858"/>
  <testcase classname="com.iot.selenium.tests.SettingsTest" name="testBoundaryValidation" time="1.38"/>
  <testcase classname="com.iot.selenium.tests.SettingsTest" name="testBoundaryValidation" time="1.413"/>
  <testcase classname="com.iot.selenium.tests.SettingsTest" name="testBoundaryValidation" time="0.833"/>
  <testcase classname="com.iot.selenium.tests.SettingsTest" name="testBoundaryValidation" time="0.896"/>
  <testcase classname="com.iot.selenium.tests.SettingsTest" name="testBoundaryValidation" time="1.311"/>
  <testcase classname="com.iot.selenium.tests.SettingsTest" name="testBoundaryValidation" time="1.294"/>
  <testcase classname="com.iot.selenium.tests.SettingsTest" name="testBoundaryValidation" time="0.843"/>
  <testcase classname="com.iot.selenium.tests.SettingsTest" name="testBoundaryValidation" time="0.895"/>
  <testcase classname="com.iot.selenium.tests.SettingsTest" name="testBoundaryValidation" time="1.349"/>
  <testcase classname="com.iot.selenium.tests.SettingsTest" name="testBoundaryValidation" time="1.302"/>
  <testcase classname="com.iot.selenium.tests.SettingsTest" name="testBoundaryValidation" time="0.853"/>
  <testcase classname="com.iot.selenium.tests.SettingsTest" name="testBoundaryValidation" time="0.943"/>
  <testcase classname="com.iot.selenium.tests.SettingsTest" name="testBoundaryValidation" time="1.424"/>
  <testcase classname="com.iot.selenium.tests.SettingsTest" name="testBoundaryValidation" time="1.254"/>
  <testcase classname="com.iot.selenium.tests.SettingsTest" name="testBoundaryValidation" time="0.837"/>
  <testcase classname="com.iot.selenium.tests.SettingsTest" name="testBoundaryValidation" time="1.065"/>
  <testcase classname="com.iot.selenium.tests.SettingsTest" name="testBoundaryValidation" time="1.32"/>
  <testcase classname="com.iot.selenium.tests.SettingsTest" name="testBoundaryValidation" time="1.366"/>
  <testcase classname="com.iot.selenium.tests.SettingsTest" name="testBoundaryValidation" time="0.898"/>
  <testcase classname="com.iot.selenium.tests.SettingsTest" name="testBoundaryValidation" time="0.831"/>
  <testcase classname="com.iot.selenium.tests.SettingsTest" name="testContradiction" time="1.716"/>
  <testcase classname="com.iot.selenium.tests.SettingsTest" name="testContradiction" time="1.333"/>
  <testcase classname="com.iot.selenium.tests.SettingsTest" name="testContradiction" time="1.35"/>
  <testcase classname="com.iot.selenium.tests.SettingsTest" name="testContradiction" time="1.609"/>
  <testcase classname="com.iot.selenium.tests.SettingsTest" name="testContradiction" time="1.384"/>
  <testcase classname="com.iot.selenium.tests.SettingsTest" name="testContradiction" time="1.47"/>
  <testcase classname="com.iot.selenium.tests.SettingsTest" name="testContradiction" time="1.584"/>
  <testcase classname="com.iot.selenium.tests.SettingsTest" name="testContradiction" time="1.337"/>
  <testcase classname="com.iot.selenium.tests.SettingsTest" name="testInitialState" time="0.877"/>
  <testcase classname="com.iot.selenium.tests.SettingsTest" name="testInitialState" time="0.741"/>
  <testcase classname="com.iot.selenium.tests.SettingsTest" name="testInitialState" time="1.081"/>
  <testcase classname="com.iot.selenium.tests.SettingsTest" name="testInitialState" time="0.648"/>
  <testcase classname="com.iot.selenium.tests.SettingsTest" name="testInitialState" time="0.579"/>
  <testcase classname="com.iot.selenium.tests.SettingsTest" name="testInitialState" time="0.625"/>
  <testcase classname="com.iot.selenium.tests.SettingsTest" name="testInitialState" time="0.594"/>
  <testcase classname="com.iot.selenium.tests.SettingsTest" name="testInitialState" time="0.702"/>
  <testcase classname="com.iot.selenium.tests.SettingsTest" name="testInitialState" time="0.792"/>
  <testcase classname="com.iot.selenium.tests.SettingsTest" name="testMultiUserIsolation" time="3.567"/>
  <testcase classname="com.iot.selenium.tests.SettingsTest" name="testNavigation" time="10.614">
    <failure type="org.openqa.selenium.TimeoutException" message="Expected condition failed: waiting for com.iot.selenium.pages.SettingsPage$$Lambda$1178/0x0000026181497920@345183da (tried for 10 second(s) with 500 milliseconds interval)
Build info: version: &amp;apos;4.27.0&amp;apos;, revision: &amp;apos;d6e718d134&amp;apos;
System info: os.name: &amp;apos;Windows 11&amp;apos;, os.arch: &amp;apos;amd64&amp;apos;, os.version: &amp;apos;10.0&amp;apos;, java.version: &amp;apos;17.0.19&amp;apos;
Driver info: org.openqa.selenium.chrome.ChromeDriver
Capabilities {acceptInsecureCerts: false, browserName: chrome, browserVersion: 150.0.7871.101, chrome: {chromedriverVersion: 150.0.7871.115 (25f5b661e5b..., userDataDir: C:\Users\yamen\AppData\Loca...}, fedcm:accounts: true, goog:chromeOptions: {debuggerAddress: localhost:61795}, goog:processID: 17252, networkConnectionEnabled: false, pageLoadStrategy: normal, platformName: windows, proxy: Proxy(), se:cdp: ws://localhost:61795/devtoo..., se:cdpVersion: 150.0.7871.101, setWindowRect: true, strictFileInteractability: false, timeouts: {implicit: 0, pageLoad: 300000, script: 30000}, unhandledPromptBehavior: dismiss and notify, webauthn:extension:credBlob: true, webauthn:extension:largeBlob: true, webauthn:extension:minPinLength: true, webauthn:extension:prf: true, webauthn:virtualAuthenticators: true}
Session ID: 952ca15c2145666d7ae3793b0eb365b7">
      <![CDATA[org.openqa.selenium.TimeoutException: Expected condition failed: waiting for com.iot.selenium.pages.SettingsPage$$Lambda$1178/0x0000026181497920@345183da (tried for 10 second(s) with 500 milliseconds interval)
Build info: version: '4.27.0', revision: 'd6e718d134'
System info: os.name: 'Windows 11', os.arch: 'amd64', os.version: '10.0', java.version: '17.0.19'
Driver info: org.openqa.selenium.chrome.ChromeDriver
Capabilities {acceptInsecureCerts: false, browserName: chrome, browserVersion: 150.0.7871.101, chrome: {chromedriverVersion: 150.0.7871.115 (25f5b661e5b..., userDataDir: C:\Users\yamen\AppData\Loca...}, fedcm:accounts: true, goog:chromeOptions: {debuggerAddress: localhost:61795}, goog:processID: 17252, networkConnectionEnabled: false, pageLoadStrategy: normal, platformName: windows, proxy: Proxy(), se:cdp: ws://localhost:61795/devtoo..., se:cdpVersion: 150.0.7871.101, setWindowRect: true, strictFileInteractability: false, timeouts: {implicit: 0, pageLoad: 300000, script: 30000}, unhandledPromptBehavior: dismiss and notify, webauthn:extension:credBlob: true, webauthn:extension:largeBlob: true, webauthn:extension:minPinLength: true, webauthn:extension:prf: true, webauthn:virtualAuthenticators: true}
Session ID: 952ca15c2145666d7ae3793b0eb365b7
at org.openqa.selenium.support.ui.WebDriverWait.timeoutException(WebDriverWait.java:84)
at org.openqa.selenium.support.ui.FluentWait.until(FluentWait.java:228)
at com.iot.selenium.pages.SettingsPage.navigateToSettings(SettingsPage.java:57)
at com.iot.selenium.tests.SettingsTest.flushAndOpen(SettingsTest.java:596)
at com.iot.selenium.tests.SettingsTest.testNavigation(SettingsTest.java:203)
at java.base/java.util.ArrayList.forEach(ArrayList.java:1511)
... Removed 31 stack frames]]>
    </failure>
  </testcase> <!-- testNavigation -->
  <testcase classname="com.iot.selenium.tests.SettingsTest" name="testNavigation" time="0.658"/>
  <testcase classname="com.iot.selenium.tests.SettingsTest" name="testNavigation" time="0.966"/>
  <testcase classname="com.iot.selenium.tests.SettingsTest" name="testNavigation" time="0.846"/>
  <testcase classname="com.iot.selenium.tests.SettingsTest" name="testNavigation" time="0.485"/>
  <testcase classname="com.iot.selenium.tests.SettingsTest" name="testNavigation" time="0.849"/>
  <testcase classname="com.iot.selenium.tests.SettingsTest" name="testNavigation" time="0.913"/>
  <testcase classname="com.iot.selenium.tests.SettingsTest" name="testNavigation" time="0.784"/>
  <testcase classname="com.iot.selenium.tests.SettingsTest" name="testNewUserEmptyState" time="1.322"/>
  <testcase classname="com.iot.selenium.tests.SettingsTest" name="testPersistence" time="5.105"/>
  <testcase classname="com.iot.selenium.tests.SettingsTest" name="testPersistence" time="2.614"/>
  <testcase classname="com.iot.selenium.tests.SettingsTest" name="testPersistence" time="1.714"/>
  <testcase classname="com.iot.selenium.tests.SettingsTest" name="testSaveFlow" time="1.408"/>
  <testcase classname="com.iot.selenium.tests.SettingsTest" name="testSaveFlow" time="5.368"/>
  <testcase classname="com.iot.selenium.tests.SettingsTest" name="testToggleAddRemove" time="0.979"/>
  <testcase classname="com.iot.selenium.tests.SettingsTest" name="testToggleAddRemove" time="0.943"/>
  <testcase classname="com.iot.selenium.tests.SettingsTest" name="testToggleAddRemove" time="1.016"/>
  <testcase classname="com.iot.selenium.tests.SettingsTest" name="testToggleAddRemove" time="0.903"/>
  <testcase classname="com.iot.selenium.tests.SettingsTest" name="testToggleAddRemove" time="0.813"/>
  <testcase classname="com.iot.selenium.tests.SettingsTest" name="testToggleAddRemove" time="0.98"/>
  <testcase classname="com.iot.selenium.tests.SettingsTest" name="testToggleAddRemove" time="0.806"/>
  <testcase classname="com.iot.selenium.tests.SettingsTest" name="testToggleAddRemove" time="0.993"/>
  <testcase classname="com.iot.selenium.tests.SettingsTest" name="testToggleAddRemove" time="0.94"/>
  <testcase classname="com.iot.selenium.tests.SettingsTest" name="testToggleAddRemove" time="0.722"/>
  <testcase classname="com.iot.selenium.tests.SettingsTest" name="testToggleAddRemove" time="1.059"/>
  <testcase classname="com.iot.selenium.tests.SettingsTest" name="testToggleAddRemove" time="1.52"/>
  <testcase classname="com.iot.selenium.tests.SettingsTest" name="testToggleAddRemove" time="1.397"/>
  <testcase classname="com.iot.selenium.tests.SettingsTest" name="testToggleAddRemove" time="1.646"/>
  <testcase classname="com.iot.selenium.tests.SettingsTest" name="testToggleAddRemove" time="1.455"/>
</testsuite> <!-- Settings Tests -->
