<?xml version="1.0" encoding="UTF-8"?>
<!-- Generated by org.testng.reporters.JUnitXMLReporter -->
<testsuite ignored="0" hostname="Salmas-MacBook-Air.local" failures="0" tests="74" name="Settings Tests" time="45.538" errors="0" timestamp="2026-05-17T13:57:37 EEST">
  <testcase classname="com.iot.selenium.tests.SettingsTest" name="testBoundaryValidation" time="2.155"/>
  <testcase classname="com.iot.selenium.tests.SettingsTest" name="testBoundaryValidation" time="0.676"/>
  <testcase classname="com.iot.selenium.tests.SettingsTest" name="testBoundaryValidation" time="0.671"/>
  <testcase classname="com.iot.selenium.tests.SettingsTest" name="testBoundaryValidation" time="0.659"/>
  <testcase classname="com.iot.selenium.tests.SettingsTest" name="testBoundaryValidation" time="1.158"/>
  <testcase classname="com.iot.selenium.tests.SettingsTest" name="testBoundaryValidation" time="0.204"/>
  <testcase classname="com.iot.selenium.tests.SettingsTest" name="testBoundaryValidation" time="0.216"/>
  <testcase classname="com.iot.selenium.tests.SettingsTest" name="testBoundaryValidation" time="0.653"/>
  <testcase classname="com.iot.selenium.tests.SettingsTest" name="testBoundaryValidation" time="1.154"/>
  <testcase classname="com.iot.selenium.tests.SettingsTest" name="testBoundaryValidation" time="0.174"/>
  <testcase classname="com.iot.selenium.tests.SettingsTest" name="testBoundaryValidation" time="0.204"/>
  <testcase classname="com.iot.selenium.tests.SettingsTest" name="testBoundaryValidation" time="0.643"/>
  <testcase classname="com.iot.selenium.tests.SettingsTest" name="testBoundaryValidation" time="0.648"/>
  <testcase classname="com.iot.selenium.tests.SettingsTest" name="testBoundaryValidation" time="0.205"/>
  <testcase classname="com.iot.selenium.tests.SettingsTest" name="testBoundaryValidation" time="0.259"/>
  <testcase classname="com.iot.selenium.tests.SettingsTest" name="testBoundaryValidation" time="0.679"/>
  <testcase classname="com.iot.selenium.tests.SettingsTest" name="testBoundaryValidation" time="0.64"/>
  <testcase classname="com.iot.selenium.tests.SettingsTest" name="testBoundaryValidation" time="0.234"/>
  <testcase classname="com.iot.selenium.tests.SettingsTest" name="testBoundaryValidation" time="0.207"/>
  <testcase classname="com.iot.selenium.tests.SettingsTest" name="testBoundaryValidation" time="0.682"/>
  <testcase classname="com.iot.selenium.tests.SettingsTest" name="testBoundaryValidation" time="0.658"/>
  <testcase classname="com.iot.selenium.tests.SettingsTest" name="testBoundaryValidation" time="0.399"/>
  <testcase classname="com.iot.selenium.tests.SettingsTest" name="testBoundaryValidation" time="0.216"/>
  <testcase classname="com.iot.selenium.tests.SettingsTest" name="testBoundaryValidation" time="0.644"/>
  <testcase classname="com.iot.selenium.tests.SettingsTest" name="testBoundaryValidation" time="0.66"/>
  <testcase classname="com.iot.selenium.tests.SettingsTest" name="testBoundaryValidation" time="0.184"/>
  <testcase classname="com.iot.selenium.tests.SettingsTest" name="testBoundaryValidation" time="0.204"/>
  <testcase classname="com.iot.selenium.tests.SettingsTest" name="testContradiction" time="0.811"/>
  <testcase classname="com.iot.selenium.tests.SettingsTest" name="testContradiction" time="0.333"/>
  <testcase classname="com.iot.selenium.tests.SettingsTest" name="testContradiction" time="0.338"/>
  <testcase classname="com.iot.selenium.tests.SettingsTest" name="testContradiction" time="0.78"/>
  <testcase classname="com.iot.selenium.tests.SettingsTest" name="testContradiction" time="0.348"/>
  <testcase classname="com.iot.selenium.tests.SettingsTest" name="testContradiction" time="0.359"/>
  <testcase classname="com.iot.selenium.tests.SettingsTest" name="testContradiction" time="1.268"/>
  <testcase classname="com.iot.selenium.tests.SettingsTest" name="testContradiction" time="0.32"/>
  <testcase classname="com.iot.selenium.tests.SettingsTest" name="testInitialState" time="0.182"/>
  <testcase classname="com.iot.selenium.tests.SettingsTest" name="testInitialState" time="0.123"/>
  <testcase classname="com.iot.selenium.tests.SettingsTest" name="testInitialState" time="0.059"/>
  <testcase classname="com.iot.selenium.tests.SettingsTest" name="testInitialState" time="0.068"/>
  <testcase classname="com.iot.selenium.tests.SettingsTest" name="testInitialState" time="0.06"/>
  <testcase classname="com.iot.selenium.tests.SettingsTest" name="testInitialState" time="0.055"/>
  <testcase classname="com.iot.selenium.tests.SettingsTest" name="testInitialState" time="0.067"/>
  <testcase classname="com.iot.selenium.tests.SettingsTest" name="testInitialState" time="0.061"/>
  <testcase classname="com.iot.selenium.tests.SettingsTest" name="testInitialState" time="0.07"/>
  <testcase classname="com.iot.selenium.tests.SettingsTest" name="testMultiUserIsolation" time="1.579"/>
  <testcase classname="com.iot.selenium.tests.SettingsTest" name="testNavigation" time="0.078"/>
  <testcase classname="com.iot.selenium.tests.SettingsTest" name="testNavigation" time="0.059"/>
  <testcase classname="com.iot.selenium.tests.SettingsTest" name="testNavigation" time="0.072"/>
  <testcase classname="com.iot.selenium.tests.SettingsTest" name="testNavigation" time="1.256"/>
  <testcase classname="com.iot.selenium.tests.SettingsTest" name="testNavigation" time="0.599"/>
  <testcase classname="com.iot.selenium.tests.SettingsTest" name="testNavigation" time="0.13"/>
  <testcase classname="com.iot.selenium.tests.SettingsTest" name="testNavigation" time="0.173"/>
  <testcase classname="com.iot.selenium.tests.SettingsTest" name="testNavigation" time="0.136"/>
  <testcase classname="com.iot.selenium.tests.SettingsTest" name="testNewUserEmptyState" time="0.861"/>
  <testcase classname="com.iot.selenium.tests.SettingsTest" name="testPersistence" time="4.439"/>
  <testcase classname="com.iot.selenium.tests.SettingsTest" name="testPersistence" time="1.878"/>
  <testcase classname="com.iot.selenium.tests.SettingsTest" name="testPersistence" time="0.805"/>
  <testcase classname="com.iot.selenium.tests.SettingsTest" name="testSaveFlow" time="0.672"/>
  <testcase classname="com.iot.selenium.tests.SettingsTest" name="testSaveFlow" time="4.641"/>
  <testcase classname="com.iot.selenium.tests.SettingsTest" name="testToggleAddRemove" time="0.142"/>
  <testcase classname="com.iot.selenium.tests.SettingsTest" name="testToggleAddRemove" time="0.174"/>
  <testcase classname="com.iot.selenium.tests.SettingsTest" name="testToggleAddRemove" time="0.742"/>
  <testcase classname="com.iot.selenium.tests.SettingsTest" name="testToggleAddRemove" time="0.196"/>
  <testcase classname="com.iot.selenium.tests.SettingsTest" name="testToggleAddRemove" time="0.175"/>
  <testcase classname="com.iot.selenium.tests.SettingsTest" name="testToggleAddRemove" time="0.209"/>
  <testcase classname="com.iot.selenium.tests.SettingsTest" name="testToggleAddRemove" time="0.159"/>
  <testcase classname="com.iot.selenium.tests.SettingsTest" name="testToggleAddRemove" time="0.253"/>
  <testcase classname="com.iot.selenium.tests.SettingsTest" name="testToggleAddRemove" time="0.368"/>
  <testcase classname="com.iot.selenium.tests.SettingsTest" name="testToggleAddRemove" time="0.086"/>
  <testcase classname="com.iot.selenium.tests.SettingsTest" name="testToggleAddRemove" time="0.638"/>
  <testcase classname="com.iot.selenium.tests.SettingsTest" name="testToggleAddRemove" time="0.688"/>
  <testcase classname="com.iot.selenium.tests.SettingsTest" name="testToggleAddRemove" time="0.725"/>
  <testcase classname="com.iot.selenium.tests.SettingsTest" name="testToggleAddRemove" time="0.255"/>
  <testcase classname="com.iot.selenium.tests.SettingsTest" name="testToggleAddRemove" time="1.357"/>
</testsuite> <!-- Settings Tests -->
