<?xml version="1.0" encoding="UTF-8"?>
<!-- Generated by org.testng.reporters.JUnitXMLReporter -->
<testsuite ignored="0" hostname="Yamen_Laptop" failures="0" tests="12" name="Signin Tests" time="76.796" errors="0" timestamp="2026-07-07T17:32:36 EEST">
  <testcase classname="com.iot.selenium.tests.SigninTest" name="testSignin" time="1.888"/>
  <testcase classname="com.iot.selenium.tests.SigninTest" name="testSignin" time="1.904"/>
  <testcase classname="com.iot.selenium.tests.SigninTest" name="testSignin" time="16.374"/>
  <testcase classname="com.iot.selenium.tests.SigninTest" name="testSignin" time="1.333"/>
  <testcase classname="com.iot.selenium.tests.SigninTest" name="testSignin" time="1.225"/>
  <testcase classname="com.iot.selenium.tests.SigninTest" name="testSignin" time="1.243"/>
  <testcase classname="com.iot.selenium.tests.SigninTest" name="testSignin" time="0.922"/>
  <testcase classname="com.iot.selenium.tests.SigninTest" name="testSignin" time="1.393"/>
  <testcase classname="com.iot.selenium.tests.SigninTest" name="testSignin" time="15.954"/>
  <testcase classname="com.iot.selenium.tests.SigninTest" name="testSignin" time="16.46"/>
  <testcase classname="com.iot.selenium.tests.SigninTest" name="testSignin" time="1.819"/>
  <testcase classname="com.iot.selenium.tests.SigninTest" name="testSignin" time="1.34"/>
</testsuite> <!-- Signin Tests -->
