<?xml version="1.0" encoding="UTF-8"?>
<!-- Generated by org.testng.reporters.JUnitXMLReporter -->
<testsuite ignored="0" hostname="Yamen_Laptop" failures="0" tests="14" name="Signup Tests" time="63.305" errors="0" timestamp="2026-07-07T17:31:19 EEST">
  <testcase classname="com.iot.selenium.tests.SignupTest" name="testSignup" time="2.182"/>
  <testcase classname="com.iot.selenium.tests.SignupTest" name="testSignup" time="2.198"/>
  <testcase classname="com.iot.selenium.tests.SignupTest" name="testSignup" time="1.541"/>
  <testcase classname="com.iot.selenium.tests.SignupTest" name="testSignup" time="1.525"/>
  <testcase classname="com.iot.selenium.tests.SignupTest" name="testSignup" time="1.661"/>
  <testcase classname="com.iot.selenium.tests.SignupTest" name="testSignup" time="1.59"/>
  <testcase classname="com.iot.selenium.tests.SignupTest" name="testSignup" time="5.084"/>
  <testcase classname="com.iot.selenium.tests.SignupTest" name="testSignup" time="1.581"/>
  <testcase classname="com.iot.selenium.tests.SignupTest" name="testSignup" time="16.674"/>
  <testcase classname="com.iot.selenium.tests.SignupTest" name="testSignup" time="1.59"/>
  <testcase classname="com.iot.selenium.tests.SignupTest" name="testSignup" time="1.557"/>
  <testcase classname="com.iot.selenium.tests.SignupTest" name="testSignup" time="1.652"/>
  <testcase classname="com.iot.selenium.tests.SignupTest" name="testSignup" time="2.184"/>
  <testcase classname="com.iot.selenium.tests.SignupTest" name="testSignup" time="1.685"/>
</testsuite> <!-- Signup Tests -->
