<?xml version="1.0" encoding="UTF-8"?>
<!-- Generated by org.testng.reporters.JUnitXMLReporter -->
<testsuite ignored="0" hostname="Yamen_Laptop" failures="0" tests="12" name="Signin Tests" time="82.896" errors="0" timestamp="2026-06-29T00:29:29 EEST">
  <testcase classname="com.iot.selenium.tests.SigninTest" name="testSignin" time="1.837"/>
  <testcase classname="com.iot.selenium.tests.SigninTest" name="testSignin" time="1.916"/>
  <testcase classname="com.iot.selenium.tests.SigninTest" name="testSignin" time="16.815"/>
  <testcase classname="com.iot.selenium.tests.SigninTest" name="testSignin" time="1.428"/>
  <testcase classname="com.iot.selenium.tests.SigninTest" name="testSignin" time="1.521"/>
  <testcase classname="com.iot.selenium.tests.SigninTest" name="testSignin" time="1.312"/>
  <testcase classname="com.iot.selenium.tests.SigninTest" name="testSignin" time="1.565"/>
  <testcase classname="com.iot.selenium.tests.SigninTest" name="testSignin" time="1.337"/>
  <testcase classname="com.iot.selenium.tests.SigninTest" name="testSignin" time="17.029"/>
  <testcase classname="com.iot.selenium.tests.SigninTest" name="testSignin" time="17.109"/>
  <testcase classname="com.iot.selenium.tests.SigninTest" name="testSignin" time="1.753"/>
  <testcase classname="com.iot.selenium.tests.SigninTest" name="testSignin" time="1.469"/>
</testsuite> <!-- Signin Tests -->
