<?xml version="1.0" encoding="UTF-8"?>
<!-- Generated by org.testng.reporters.JUnitXMLReporter -->
<testsuite ignored="0" hostname="Salmas-MacBook-Air.local" failures="0" tests="5" name="User Profile Tests" time="10.7" errors="0" timestamp="2026-05-17T13:56:44 EEST">
  <testcase classname="com.iot.selenium.tests.UserProfileTest" name="testUserProfile" time="1.296"/>
  <testcase classname="com.iot.selenium.tests.UserProfileTest" name="testUserProfile" time="1.31"/>
  <testcase classname="com.iot.selenium.tests.UserProfileTest" name="testUserProfile" time="1.328"/>
  <testcase classname="com.iot.selenium.tests.UserProfileTest" name="testUserProfile" time="1.805"/>
  <testcase classname="com.iot.selenium.tests.UserProfileTest" name="testUserProfile" time="0.561"/>
</testsuite> <!-- User Profile Tests -->
