<?xml version="1.0" encoding="UTF-8"?>
<testng-results ignored="4" total="140" passed="128" failed="5" skipped="3">
  <reporter-output>
  </reporter-output>
  <suite started-at="2026-06-24T21:07:28 EEST" name="IoT Selenium Suite" finished-at="2026-06-24T21:15:24 EEST" duration-ms="475628">
    <groups>
    </groups>
    <test started-at="2026-06-24T21:07:28 EEST" name="Signup Tests" finished-at="2026-06-24T21:09:17 EEST" duration-ms="108798">
      <class name="com.iot.selenium.tests.SignupTest">
        <test-method is-config="true" signature="setUp()[pri:0, instance:com.iot.selenium.tests.SignupTest@31efacad]" started-at="2026-06-24T21:07:30 EEST" name="setUp" finished-at="2026-06-24T21:07:32 EEST" duration-ms="1821" status="PASS">
          <reporter-output>
          </reporter-output>
        </test-method> <!-- setUp -->
        <test-method is-config="true" signature="initWait()[pri:0, instance:com.iot.selenium.tests.SignupTest@31efacad]" started-at="2026-06-24T21:07:32 EEST" name="initWait" finished-at="2026-06-24T21:07:32 EEST" depends-on-methods="com.iot.selenium.tests.BaseTest.setUp" duration-ms="75" status="PASS">
          <reporter-output>
          </reporter-output>
        </test-method> <!-- initWait -->
        <test-method signature="testSignup([Ljava.lang.Object;)[pri:0, instance:com.iot.selenium.tests.SignupTest@31efacad]" started-at="2026-06-24T21:07:32 EEST" name="testSignup" data-provider="sheetData" finished-at="2026-06-24T21:07:54 EEST" duration-ms="22054" status="FAIL">
          <params>
            <param index="0">
              <value>
                <![CDATA[[Ljava.lang.Object;@470866d1]]>
              </value>
            </param>
          </params>
          <exception class="org.openqa.selenium.TimeoutException">
            <message>
              <![CDATA[Expected condition failed: waiting for url to contain "/home". Current url: "http://localhost/signup" (tried for 20 second(s) with 500 milliseconds interval)
Build info: version: '4.27.0', revision: 'd6e718d134'
System info: os.name: 'Windows 11', os.arch: 'amd64', os.version: '10.0', java.version: '17.0.19'
Driver info: org.openqa.selenium.chrome.ChromeDriver
Capabilities {acceptInsecureCerts: false, browserName: chrome, browserVersion: 149.0.7827.155, chrome: {chromedriverVersion: 149.0.7827.155 (07b52360cc1..., userDataDir: C:\Users\yamen\AppData\Loca...}, fedcm:accounts: true, goog:chromeOptions: {debuggerAddress: localhost:52488}, goog:processID: 18660, networkConnectionEnabled: false, pageLoadStrategy: normal, platformName: windows, proxy: Proxy(), se:cdp: ws://localhost:52488/devtoo..., se:cdpVersion: 149.0.7827.155, setWindowRect: true, strictFileInteractability: false, timeouts: {implicit: 0, pageLoad: 300000, script: 30000}, unhandledPromptBehavior: dismiss and notify, webauthn:extension:credBlob: true, webauthn:extension:largeBlob: true, webauthn:extension:minPinLength: true, webauthn:extension:prf: true, webauthn:virtualAuthenticators: true}
Session ID: 09904dd9cd2de9f102da513e2d5a1f95]]>
            </message>
            <full-stacktrace>
              <![CDATA[org.openqa.selenium.TimeoutException: Expected condition failed: waiting for url to contain "/home". Current url: "http://localhost/signup" (tried for 20 second(s) with 500 milliseconds interval)
Build info: version: '4.27.0', revision: 'd6e718d134'
System info: os.name: 'Windows 11', os.arch: 'amd64', os.version: '10.0', java.version: '17.0.19'
Driver info: org.openqa.selenium.chrome.ChromeDriver
Capabilities {acceptInsecureCerts: false, browserName: chrome, browserVersion: 149.0.7827.155, chrome: {chromedriverVersion: 149.0.7827.155 (07b52360cc1..., userDataDir: C:\Users\yamen\AppData\Loca...}, fedcm:accounts: true, goog:chromeOptions: {debuggerAddress: localhost:52488}, goog:processID: 18660, networkConnectionEnabled: false, pageLoadStrategy: normal, platformName: windows, proxy: Proxy(), se:cdp: ws://localhost:52488/devtoo..., se:cdpVersion: 149.0.7827.155, setWindowRect: true, strictFileInteractability: false, timeouts: {implicit: 0, pageLoad: 300000, script: 30000}, unhandledPromptBehavior: dismiss and notify, webauthn:extension:credBlob: true, webauthn:extension:largeBlob: true, webauthn:extension:minPinLength: true, webauthn:extension:prf: true, webauthn:virtualAuthenticators: true}
Session ID: 09904dd9cd2de9f102da513e2d5a1f95
at org.openqa.selenium.support.ui.WebDriverWait.timeoutException(WebDriverWait.java:84)
at org.openqa.selenium.support.ui.FluentWait.until(FluentWait.java:228)
at com.iot.selenium.tests.SignupTest.testSignup(SignupTest.java:52)
at java.base/jdk.internal.reflect.NativeMethodAccessorImpl.invoke0(Native Method)
at java.base/jdk.internal.reflect.NativeMethodAccessorImpl.invoke(NativeMethodAccessorImpl.java:77)
at java.base/jdk.internal.reflect.DelegatingMethodAccessorImpl.invoke(DelegatingMethodAccessorImpl.java:43)
at java.base/java.lang.reflect.Method.invoke(Method.java:569)
at org.testng.internal.invokers.MethodInvocationHelper.invokeMethod(MethodInvocationHelper.java:141)
at org.testng.internal.invokers.TestInvoker.invokeMethod(TestInvoker.java:687)
at org.testng.internal.invokers.TestInvoker.invokeTestMethod(TestInvoker.java:230)
at org.testng.internal.invokers.MethodRunner.runInSequence(MethodRunner.java:63)
at org.testng.internal.invokers.TestInvoker$MethodInvocationAgent.invoke(TestInvoker.java:995)
at org.testng.internal.invokers.TestInvoker.invokeTestMethods(TestInvoker.java:203)
at org.testng.internal.invokers.TestMethodWorker.invokeTestMethods(TestMethodWorker.java:154)
at org.testng.internal.invokers.TestMethodWorker.run(TestMethodWorker.java:134)
at java.base/java.util.ArrayList.forEach(ArrayList.java:1511)
at org.testng.TestRunner.privateRun(TestRunner.java:741)
at org.testng.TestRunner.run(TestRunner.java:616)
at org.testng.SuiteRunner.runTest(SuiteRunner.java:421)
at org.testng.SuiteRunner.runSequentially(SuiteRunner.java:413)
at org.testng.SuiteRunner.privateRun(SuiteRunner.java:373)
at org.testng.SuiteRunner.run(SuiteRunner.java:312)
at org.testng.SuiteRunnerWorker.runSuite(SuiteRunnerWorker.java:52)
at org.testng.SuiteRunnerWorker.run(SuiteRunnerWorker.java:95)
at org.testng.TestNG.runSuitesSequentially(TestNG.java:1274)
at org.testng.TestNG.runSuitesLocally(TestNG.java:1208)
at org.testng.TestNG.runSuites(TestNG.java:1112)
at org.testng.TestNG.run(TestNG.java:1079)
at org.apache.maven.surefire.testng.TestNGExecutor.run(TestNGExecutor.java:308)
at org.apache.maven.surefire.testng.TestNGXmlTestSuite.execute(TestNGXmlTestSuite.java:71)
at org.apache.maven.surefire.testng.TestNGProvider.invoke(TestNGProvider.java:113)
at org.apache.maven.surefire.booter.ForkedBooter.runSuitesInProcess(ForkedBooter.java:385)
at org.apache.maven.surefire.booter.ForkedBooter.execute(ForkedBooter.java:162)
at org.apache.maven.surefire.booter.ForkedBooter.run(ForkedBooter.java:507)
at org.apache.maven.surefire.booter.ForkedBooter.main(ForkedBooter.java:495)
]]>
            </full-stacktrace>
          </exception> <!-- org.openqa.selenium.TimeoutException -->
          <reporter-output>
          </reporter-output>
        </test-method> <!-- testSignup -->
        <test-method is-config="true" signature="tearDown()[pri:0, instance:com.iot.selenium.tests.SignupTest@31efacad]" started-at="2026-06-24T21:07:54 EEST" name="tearDown" finished-at="2026-06-24T21:07:54 EEST" duration-ms="210" status="PASS">
          <reporter-output>
          </reporter-output>
        </test-method> <!-- tearDown -->
        <test-method is-config="true" signature="setUp()[pri:0, instance:com.iot.selenium.tests.SignupTest@31efacad]" started-at="2026-06-24T21:07:54 EEST" name="setUp" finished-at="2026-06-24T21:07:55 EEST" duration-ms="730" status="PASS">
          <reporter-output>
          </reporter-output>
        </test-method> <!-- setUp -->
        <test-method is-config="true" signature="initWait()[pri:0, instance:com.iot.selenium.tests.SignupTest@31efacad]" started-at="2026-06-24T21:07:55 EEST" name="initWait" finished-at="2026-06-24T21:07:55 EEST" depends-on-methods="com.iot.selenium.tests.BaseTest.setUp" duration-ms="1" status="PASS">
          <reporter-output>
          </reporter-output>
        </test-method> <!-- initWait -->
        <test-method signature="testSignup([Ljava.lang.Object;)[pri:0, instance:com.iot.selenium.tests.SignupTest@31efacad]" started-at="2026-06-24T21:07:55 EEST" name="testSignup" data-provider="sheetData" finished-at="2026-06-24T21:08:16 EEST" duration-ms="21606" status="FAIL">
          <params>
            <param index="0">
              <value>
                <![CDATA[[Ljava.lang.Object;@68303aad]]>
              </value>
            </param>
          </params>
          <exception class="org.openqa.selenium.TimeoutException">
            <message>
              <![CDATA[Expected condition failed: waiting for url to contain "/home". Current url: "http://localhost/signup" (tried for 20 second(s) with 500 milliseconds interval)
Build info: version: '4.27.0', revision: 'd6e718d134'
System info: os.name: 'Windows 11', os.arch: 'amd64', os.version: '10.0', java.version: '17.0.19'
Driver info: org.openqa.selenium.chrome.ChromeDriver
Capabilities {acceptInsecureCerts: false, browserName: chrome, browserVersion: 149.0.7827.155, chrome: {chromedriverVersion: 149.0.7827.155 (07b52360cc1..., userDataDir: C:\Users\yamen\AppData\Loca...}, fedcm:accounts: true, goog:chromeOptions: {debuggerAddress: localhost:53626}, goog:processID: 27652, networkConnectionEnabled: false, pageLoadStrategy: normal, platformName: windows, proxy: Proxy(), se:cdp: ws://localhost:53626/devtoo..., se:cdpVersion: 149.0.7827.155, setWindowRect: true, strictFileInteractability: false, timeouts: {implicit: 0, pageLoad: 300000, script: 30000}, unhandledPromptBehavior: dismiss and notify, webauthn:extension:credBlob: true, webauthn:extension:largeBlob: true, webauthn:extension:minPinLength: true, webauthn:extension:prf: true, webauthn:virtualAuthenticators: true}
Session ID: eaa8403e9d784cbc61d15cb81b44e6a4]]>
            </message>
            <full-stacktrace>
              <![CDATA[org.openqa.selenium.TimeoutException: Expected condition failed: waiting for url to contain "/home". Current url: "http://localhost/signup" (tried for 20 second(s) with 500 milliseconds interval)
Build info: version: '4.27.0', revision: 'd6e718d134'
System info: os.name: 'Windows 11', os.arch: 'amd64', os.version: '10.0', java.version: '17.0.19'
Driver info: org.openqa.selenium.chrome.ChromeDriver
Capabilities {acceptInsecureCerts: false, browserName: chrome, browserVersion: 149.0.7827.155, chrome: {chromedriverVersion: 149.0.7827.155 (07b52360cc1..., userDataDir: C:\Users\yamen\AppData\Loca...}, fedcm:accounts: true, goog:chromeOptions: {debuggerAddress: localhost:53626}, goog:processID: 27652, networkConnectionEnabled: false, pageLoadStrategy: normal, platformName: windows, proxy: Proxy(), se:cdp: ws://localhost:53626/devtoo..., se:cdpVersion: 149.0.7827.155, setWindowRect: true, strictFileInteractability: false, timeouts: {implicit: 0, pageLoad: 300000, script: 30000}, unhandledPromptBehavior: dismiss and notify, webauthn:extension:credBlob: true, webauthn:extension:largeBlob: true, webauthn:extension:minPinLength: true, webauthn:extension:prf: true, webauthn:virtualAuthenticators: true}
Session ID: eaa8403e9d784cbc61d15cb81b44e6a4
at org.openqa.selenium.support.ui.WebDriverWait.timeoutException(WebDriverWait.java:84)
at org.openqa.selenium.support.ui.FluentWait.until(FluentWait.java:228)
at com.iot.selenium.tests.SignupTest.testSignup(SignupTest.java:52)
at java.base/jdk.internal.reflect.NativeMethodAccessorImpl.invoke0(Native Method)
at java.base/jdk.internal.reflect.NativeMethodAccessorImpl.invoke(NativeMethodAccessorImpl.java:77)
at java.base/jdk.internal.reflect.DelegatingMethodAccessorImpl.invoke(DelegatingMethodAccessorImpl.java:43)
at java.base/java.lang.reflect.Method.invoke(Method.java:569)
at org.testng.internal.invokers.MethodInvocationHelper.invokeMethod(MethodInvocationHelper.java:141)
at org.testng.internal.invokers.TestInvoker.invokeMethod(TestInvoker.java:687)
at org.testng.internal.invokers.TestInvoker.invokeTestMethod(TestInvoker.java:230)
at org.testng.internal.invokers.MethodRunner.runInSequence(MethodRunner.java:63)
at org.testng.internal.invokers.TestInvoker$MethodInvocationAgent.invoke(TestInvoker.java:995)
at org.testng.internal.invokers.TestInvoker.invokeTestMethods(TestInvoker.java:203)
at org.testng.internal.invokers.TestMethodWorker.invokeTestMethods(TestMethodWorker.java:154)
at org.testng.internal.invokers.TestMethodWorker.run(TestMethodWorker.java:134)
at java.base/java.util.ArrayList.forEach(ArrayList.java:1511)
at org.testng.TestRunner.privateRun(TestRunner.java:741)
at org.testng.TestRunner.run(TestRunner.java:616)
at org.testng.SuiteRunner.runTest(SuiteRunner.java:421)
at org.testng.SuiteRunner.runSequentially(SuiteRunner.java:413)
at org.testng.SuiteRunner.privateRun(SuiteRunner.java:373)
at org.testng.SuiteRunner.run(SuiteRunner.java:312)
at org.testng.SuiteRunnerWorker.runSuite(SuiteRunnerWorker.java:52)
at org.testng.SuiteRunnerWorker.run(SuiteRunnerWorker.java:95)
at org.testng.TestNG.runSuitesSequentially(TestNG.java:1274)
at org.testng.TestNG.runSuitesLocally(TestNG.java:1208)
at org.testng.TestNG.runSuites(TestNG.java:1112)
at org.testng.TestNG.run(TestNG.java:1079)
at org.apache.maven.surefire.testng.TestNGExecutor.run(TestNGExecutor.java:308)
at org.apache.maven.surefire.testng.TestNGXmlTestSuite.execute(TestNGXmlTestSuite.java:71)
at org.apache.maven.surefire.testng.TestNGProvider.invoke(TestNGProvider.java:113)
at org.apache.maven.surefire.booter.ForkedBooter.runSuitesInProcess(ForkedBooter.java:385)
at org.apache.maven.surefire.booter.ForkedBooter.execute(ForkedBooter.java:162)
at org.apache.maven.surefire.booter.ForkedBooter.run(ForkedBooter.java:507)
at org.apache.maven.surefire.booter.ForkedBooter.main(ForkedBooter.java:495)
]]>
            </full-stacktrace>
          </exception> <!-- org.openqa.selenium.TimeoutException -->
          <reporter-output>
          </reporter-output>
        </test-method> <!-- testSignup -->
        <test-method is-config="true" signature="tearDown()[pri:0, instance:com.iot.selenium.tests.SignupTest@31efacad]" started-at="2026-06-24T21:08:16 EEST" name="tearDown" finished-at="2026-06-24T21:08:17 EEST" duration-ms="193" status="PASS">
          <reporter-output>
          </reporter-output>
        </test-method> <!-- tearDown -->
        <test-method is-config="true" signature="setUp()[pri:0, instance:com.iot.selenium.tests.SignupTest@31efacad]" started-at="2026-06-24T21:08:17 EEST" name="setUp" finished-at="2026-06-24T21:08:17 EEST" duration-ms="687" status="PASS">
          <reporter-output>
          </reporter-output>
        </test-method> <!-- setUp -->
        <test-method is-config="true" signature="initWait()[pri:0, instance:com.iot.selenium.tests.SignupTest@31efacad]" started-at="2026-06-24T21:08:17 EEST" name="initWait" finished-at="2026-06-24T21:08:17 EEST" depends-on-methods="com.iot.selenium.tests.BaseTest.setUp" duration-ms="0" status="PASS">
          <reporter-output>
          </reporter-output>
        </test-method> <!-- initWait -->
        <test-method signature="testSignup([Ljava.lang.Object;)[pri:0, instance:com.iot.selenium.tests.SignupTest@31efacad]" started-at="2026-06-24T21:08:17 EEST" name="testSignup" data-provider="sheetData" finished-at="2026-06-24T21:08:18 EEST" duration-ms="838" status="PASS">
          <params>
            <param index="0">
              <value>
                <![CDATA[[Ljava.lang.Object;@72321701]]>
              </value>
            </param>
          </params>
          <reporter-output>
          </reporter-output>
        </test-method> <!-- testSignup -->
        <test-method is-config="true" signature="tearDown()[pri:0, instance:com.iot.selenium.tests.SignupTest@31efacad]" started-at="2026-06-24T21:08:18 EEST" name="tearDown" finished-at="2026-06-24T21:08:18 EEST" duration-ms="166" status="PASS">
          <reporter-output>
          </reporter-output>
        </test-method> <!-- tearDown -->
        <test-method is-config="true" signature="setUp()[pri:0, instance:com.iot.selenium.tests.SignupTest@31efacad]" started-at="2026-06-24T21:08:18 EEST" name="setUp" finished-at="2026-06-24T21:08:19 EEST" duration-ms="670" status="PASS">
          <reporter-output>
          </reporter-output>
        </test-method> <!-- setUp -->
        <test-method is-config="true" signature="initWait()[pri:0, instance:com.iot.selenium.tests.SignupTest@31efacad]" started-at="2026-06-24T21:08:19 EEST" name="initWait" finished-at="2026-06-24T21:08:19 EEST" depends-on-methods="com.iot.selenium.tests.BaseTest.setUp" duration-ms="0" status="PASS">
          <reporter-output>
          </reporter-output>
        </test-method> <!-- initWait -->
        <test-method signature="testSignup([Ljava.lang.Object;)[pri:0, instance:com.iot.selenium.tests.SignupTest@31efacad]" started-at="2026-06-24T21:08:19 EEST" name="testSignup" data-provider="sheetData" finished-at="2026-06-24T21:08:20 EEST" duration-ms="847" status="PASS">
          <params>
            <param index="0">
              <value>
                <![CDATA[[Ljava.lang.Object;@4b517357]]>
              </value>
            </param>
          </params>
          <reporter-output>
          </reporter-output>
        </test-method> <!-- testSignup -->
        <test-method is-config="true" signature="tearDown()[pri:0, instance:com.iot.selenium.tests.SignupTest@31efacad]" started-at="2026-06-24T21:08:20 EEST" name="tearDown" finished-at="2026-06-24T21:08:20 EEST" duration-ms="156" status="PASS">
          <reporter-output>
          </reporter-output>
        </test-method> <!-- tearDown -->
        <test-method is-config="true" signature="setUp()[pri:0, instance:com.iot.selenium.tests.SignupTest@31efacad]" started-at="2026-06-24T21:08:20 EEST" name="setUp" finished-at="2026-06-24T21:08:21 EEST" duration-ms="721" status="PASS">
          <reporter-output>
          </reporter-output>
        </test-method> <!-- setUp -->
        <test-method is-config="true" signature="initWait()[pri:0, instance:com.iot.selenium.tests.SignupTest@31efacad]" started-at="2026-06-24T21:08:21 EEST" name="initWait" finished-at="2026-06-24T21:08:21 EEST" depends-on-methods="com.iot.selenium.tests.BaseTest.setUp" duration-ms="1" status="PASS">
          <reporter-output>
          </reporter-output>
        </test-method> <!-- initWait -->
        <test-method signature="testSignup([Ljava.lang.Object;)[pri:0, instance:com.iot.selenium.tests.SignupTest@31efacad]" started-at="2026-06-24T21:08:21 EEST" name="testSignup" data-provider="sheetData" finished-at="2026-06-24T21:08:22 EEST" duration-ms="1405" status="PASS">
          <params>
            <param index="0">
              <value>
                <![CDATA[[Ljava.lang.Object;@a15e3c1]]>
              </value>
            </param>
          </params>
          <reporter-output>
          </reporter-output>
        </test-method> <!-- testSignup -->
        <test-method is-config="true" signature="tearDown()[pri:0, instance:com.iot.selenium.tests.SignupTest@31efacad]" started-at="2026-06-24T21:08:22 EEST" name="tearDown" finished-at="2026-06-24T21:08:22 EEST" duration-ms="158" status="PASS">
          <reporter-output>
          </reporter-output>
        </test-method> <!-- tearDown -->
        <test-method is-config="true" signature="setUp()[pri:0, instance:com.iot.selenium.tests.SignupTest@31efacad]" started-at="2026-06-24T21:08:22 EEST" name="setUp" finished-at="2026-06-24T21:08:23 EEST" duration-ms="650" status="PASS">
          <reporter-output>
          </reporter-output>
        </test-method> <!-- setUp -->
        <test-method is-config="true" signature="initWait()[pri:0, instance:com.iot.selenium.tests.SignupTest@31efacad]" started-at="2026-06-24T21:08:23 EEST" name="initWait" finished-at="2026-06-24T21:08:23 EEST" depends-on-methods="com.iot.selenium.tests.BaseTest.setUp" duration-ms="2" status="PASS">
          <reporter-output>
          </reporter-output>
        </test-method> <!-- initWait -->
        <test-method signature="testSignup([Ljava.lang.Object;)[pri:0, instance:com.iot.selenium.tests.SignupTest@31efacad]" started-at="2026-06-24T21:08:23 EEST" name="testSignup" data-provider="sheetData" finished-at="2026-06-24T21:08:24 EEST" duration-ms="1303" status="PASS">
          <params>
            <param index="0">
              <value>
                <![CDATA[[Ljava.lang.Object;@3b2317b7]]>
              </value>
            </param>
          </params>
          <reporter-output>
          </reporter-output>
        </test-method> <!-- testSignup -->
        <test-method is-config="true" signature="tearDown()[pri:0, instance:com.iot.selenium.tests.SignupTest@31efacad]" started-at="2026-06-24T21:08:24 EEST" name="tearDown" finished-at="2026-06-24T21:08:24 EEST" duration-ms="152" status="PASS">
          <reporter-output>
          </reporter-output>
        </test-method> <!-- tearDown -->
        <test-method is-config="true" signature="setUp()[pri:0, instance:com.iot.selenium.tests.SignupTest@31efacad]" started-at="2026-06-24T21:08:24 EEST" name="setUp" finished-at="2026-06-24T21:08:25 EEST" duration-ms="650" status="PASS">
          <reporter-output>
          </reporter-output>
        </test-method> <!-- setUp -->
        <test-method is-config="true" signature="initWait()[pri:0, instance:com.iot.selenium.tests.SignupTest@31efacad]" started-at="2026-06-24T21:08:25 EEST" name="initWait" finished-at="2026-06-24T21:08:25 EEST" depends-on-methods="com.iot.selenium.tests.BaseTest.setUp" duration-ms="1" status="PASS">
          <reporter-output>
          </reporter-output>
        </test-method> <!-- initWait -->
        <test-method signature="testSignup([Ljava.lang.Object;)[pri:0, instance:com.iot.selenium.tests.SignupTest@31efacad]" started-at="2026-06-24T21:08:25 EEST" name="testSignup" data-provider="sheetData" finished-at="2026-06-24T21:08:26 EEST" duration-ms="1324" status="PASS">
          <params>
            <param index="0">
              <value>
                <![CDATA[[Ljava.lang.Object;@32be672d]]>
              </value>
            </param>
          </params>
          <reporter-output>
          </reporter-output>
        </test-method> <!-- testSignup -->
        <test-method is-config="true" signature="tearDown()[pri:0, instance:com.iot.selenium.tests.SignupTest@31efacad]" started-at="2026-06-24T21:08:26 EEST" name="tearDown" finished-at="2026-06-24T21:08:27 EEST" duration-ms="153" status="PASS">
          <reporter-output>
          </reporter-output>
        </test-method> <!-- tearDown -->
        <test-method is-config="true" signature="setUp()[pri:0, instance:com.iot.selenium.tests.SignupTest@31efacad]" started-at="2026-06-24T21:08:27 EEST" name="setUp" finished-at="2026-06-24T21:08:27 EEST" duration-ms="643" status="PASS">
          <reporter-output>
          </reporter-output>
        </test-method> <!-- setUp -->
        <test-method is-config="true" signature="initWait()[pri:0, instance:com.iot.selenium.tests.SignupTest@31efacad]" started-at="2026-06-24T21:08:27 EEST" name="initWait" finished-at="2026-06-24T21:08:27 EEST" depends-on-methods="com.iot.selenium.tests.BaseTest.setUp" duration-ms="0" status="PASS">
          <reporter-output>
          </reporter-output>
        </test-method> <!-- initWait -->
        <test-method signature="testSignup([Ljava.lang.Object;)[pri:0, instance:com.iot.selenium.tests.SignupTest@31efacad]" started-at="2026-06-24T21:08:27 EEST" name="testSignup" data-provider="sheetData" finished-at="2026-06-24T21:08:29 EEST" duration-ms="1335" status="PASS">
          <params>
            <param index="0">
              <value>
                <![CDATA[[Ljava.lang.Object;@58178b69]]>
              </value>
            </param>
          </params>
          <reporter-output>
          </reporter-output>
        </test-method> <!-- testSignup -->
        <test-method is-config="true" signature="tearDown()[pri:0, instance:com.iot.selenium.tests.SignupTest@31efacad]" started-at="2026-06-24T21:08:29 EEST" name="tearDown" finished-at="2026-06-24T21:08:29 EEST" duration-ms="158" status="PASS">
          <reporter-output>
          </reporter-output>
        </test-method> <!-- tearDown -->
        <test-method is-config="true" signature="setUp()[pri:0, instance:com.iot.selenium.tests.SignupTest@31efacad]" started-at="2026-06-24T21:08:29 EEST" name="setUp" finished-at="2026-06-24T21:08:29 EEST" duration-ms="661" status="PASS">
          <reporter-output>
          </reporter-output>
        </test-method> <!-- setUp -->
        <test-method is-config="true" signature="initWait()[pri:0, instance:com.iot.selenium.tests.SignupTest@31efacad]" started-at="2026-06-24T21:08:29 EEST" name="initWait" finished-at="2026-06-24T21:08:29 EEST" depends-on-methods="com.iot.selenium.tests.BaseTest.setUp" duration-ms="0" status="PASS">
          <reporter-output>
          </reporter-output>
        </test-method> <!-- initWait -->
        <test-method signature="testSignup([Ljava.lang.Object;)[pri:0, instance:com.iot.selenium.tests.SignupTest@31efacad]" started-at="2026-06-24T21:08:29 EEST" name="testSignup" data-provider="sheetData" finished-at="2026-06-24T21:08:45 EEST" duration-ms="15978" status="PASS">
          <params>
            <param index="0">
              <value>
                <![CDATA[[Ljava.lang.Object;@643947d1]]>
              </value>
            </param>
          </params>
          <reporter-output>
          </reporter-output>
        </test-method> <!-- testSignup -->
        <test-method is-config="true" signature="tearDown()[pri:0, instance:com.iot.selenium.tests.SignupTest@31efacad]" started-at="2026-06-24T21:08:45 EEST" name="tearDown" finished-at="2026-06-24T21:08:46 EEST" duration-ms="209" status="PASS">
          <reporter-output>
          </reporter-output>
        </test-method> <!-- tearDown -->
        <test-method is-config="true" signature="setUp()[pri:0, instance:com.iot.selenium.tests.SignupTest@31efacad]" started-at="2026-06-24T21:08:46 EEST" name="setUp" finished-at="2026-06-24T21:08:46 EEST" duration-ms="667" status="PASS">
          <reporter-output>
          </reporter-output>
        </test-method> <!-- setUp -->
        <test-method is-config="true" signature="initWait()[pri:0, instance:com.iot.selenium.tests.SignupTest@31efacad]" started-at="2026-06-24T21:08:46 EEST" name="initWait" finished-at="2026-06-24T21:08:46 EEST" depends-on-methods="com.iot.selenium.tests.BaseTest.setUp" duration-ms="0" status="PASS">
          <reporter-output>
          </reporter-output>
        </test-method> <!-- initWait -->
        <test-method signature="testSignup([Ljava.lang.Object;)[pri:0, instance:com.iot.selenium.tests.SignupTest@31efacad]" started-at="2026-06-24T21:08:46 EEST" name="testSignup" data-provider="sheetData" finished-at="2026-06-24T21:08:48 EEST" duration-ms="1267" status="PASS">
          <params>
            <param index="0">
              <value>
                <![CDATA[[Ljava.lang.Object;@b9750f0]]>
              </value>
            </param>
          </params>
          <reporter-output>
          </reporter-output>
        </test-method> <!-- testSignup -->
        <test-method is-config="true" signature="tearDown()[pri:0, instance:com.iot.selenium.tests.SignupTest@31efacad]" started-at="2026-06-24T21:08:48 EEST" name="tearDown" finished-at="2026-06-24T21:08:48 EEST" duration-ms="144" status="PASS">
          <reporter-output>
          </reporter-output>
        </test-method> <!-- tearDown -->
        <test-method is-config="true" signature="setUp()[pri:0, instance:com.iot.selenium.tests.SignupTest@31efacad]" started-at="2026-06-24T21:08:48 EEST" name="setUp" finished-at="2026-06-24T21:08:48 EEST" duration-ms="658" status="PASS">
          <reporter-output>
          </reporter-output>
        </test-method> <!-- setUp -->
        <test-method is-config="true" signature="initWait()[pri:0, instance:com.iot.selenium.tests.SignupTest@31efacad]" started-at="2026-06-24T21:08:48 EEST" name="initWait" finished-at="2026-06-24T21:08:48 EEST" depends-on-methods="com.iot.selenium.tests.BaseTest.setUp" duration-ms="1" status="PASS">
          <reporter-output>
          </reporter-output>
        </test-method> <!-- initWait -->
        <test-method signature="testSignup([Ljava.lang.Object;)[pri:0, instance:com.iot.selenium.tests.SignupTest@31efacad]" started-at="2026-06-24T21:08:48 EEST" name="testSignup" data-provider="sheetData" finished-at="2026-06-24T21:08:50 EEST" duration-ms="1311" status="PASS">
          <params>
            <param index="0">
              <value>
                <![CDATA[[Ljava.lang.Object;@2762bd70]]>
              </value>
            </param>
          </params>
          <reporter-output>
          </reporter-output>
        </test-method> <!-- testSignup -->
        <test-method is-config="true" signature="tearDown()[pri:0, instance:com.iot.selenium.tests.SignupTest@31efacad]" started-at="2026-06-24T21:08:50 EEST" name="tearDown" finished-at="2026-06-24T21:08:50 EEST" duration-ms="143" status="PASS">
          <reporter-output>
          </reporter-output>
        </test-method> <!-- tearDown -->
        <test-method is-config="true" signature="setUp()[pri:0, instance:com.iot.selenium.tests.SignupTest@31efacad]" started-at="2026-06-24T21:08:50 EEST" name="setUp" finished-at="2026-06-24T21:08:50 EEST" duration-ms="646" status="PASS">
          <reporter-output>
          </reporter-output>
        </test-method> <!-- setUp -->
        <test-method is-config="true" signature="initWait()[pri:0, instance:com.iot.selenium.tests.SignupTest@31efacad]" started-at="2026-06-24T21:08:50 EEST" name="initWait" finished-at="2026-06-24T21:08:50 EEST" depends-on-methods="com.iot.selenium.tests.BaseTest.setUp" duration-ms="1" status="PASS">
          <reporter-output>
          </reporter-output>
        </test-method> <!-- initWait -->
        <test-method signature="testSignup([Ljava.lang.Object;)[pri:0, instance:com.iot.selenium.tests.SignupTest@31efacad]" started-at="2026-06-24T21:08:50 EEST" name="testSignup" data-provider="sheetData" finished-at="2026-06-24T21:08:52 EEST" duration-ms="1280" status="PASS">
          <params>
            <param index="0">
              <value>
                <![CDATA[[Ljava.lang.Object;@247added]]>
              </value>
            </param>
          </params>
          <reporter-output>
          </reporter-output>
        </test-method> <!-- testSignup -->
        <test-method is-config="true" signature="tearDown()[pri:0, instance:com.iot.selenium.tests.SignupTest@31efacad]" started-at="2026-06-24T21:08:52 EEST" name="tearDown" finished-at="2026-06-24T21:08:52 EEST" duration-ms="168" status="PASS">
          <reporter-output>
          </reporter-output>
        </test-method> <!-- tearDown -->
        <test-method is-config="true" signature="setUp()[pri:0, instance:com.iot.selenium.tests.SignupTest@31efacad]" started-at="2026-06-24T21:08:52 EEST" name="setUp" finished-at="2026-06-24T21:08:53 EEST" duration-ms="651" status="PASS">
          <reporter-output>
          </reporter-output>
        </test-method> <!-- setUp -->
        <test-method is-config="true" signature="initWait()[pri:0, instance:com.iot.selenium.tests.SignupTest@31efacad]" started-at="2026-06-24T21:08:53 EEST" name="initWait" finished-at="2026-06-24T21:08:53 EEST" depends-on-methods="com.iot.selenium.tests.BaseTest.setUp" duration-ms="1" status="PASS">
          <reporter-output>
          </reporter-output>
        </test-method> <!-- initWait -->
        <test-method signature="testSignup([Ljava.lang.Object;)[pri:0, instance:com.iot.selenium.tests.SignupTest@31efacad]" started-at="2026-06-24T21:08:53 EEST" name="testSignup" data-provider="sheetData" finished-at="2026-06-24T21:09:14 EEST" duration-ms="21746" status="FAIL">
          <params>
            <param index="0">
              <value>
                <![CDATA[[Ljava.lang.Object;@6cad2d5f]]>
              </value>
            </param>
          </params>
          <exception class="org.openqa.selenium.TimeoutException">
            <message>
              <![CDATA[Expected condition failed: waiting for url to contain "/home". Current url: "http://localhost/signup" (tried for 20 second(s) with 500 milliseconds interval)
Build info: version: '4.27.0', revision: 'd6e718d134'
System info: os.name: 'Windows 11', os.arch: 'amd64', os.version: '10.0', java.version: '17.0.19'
Driver info: org.openqa.selenium.chrome.ChromeDriver
Capabilities {acceptInsecureCerts: false, browserName: chrome, browserVersion: 149.0.7827.155, chrome: {chromedriverVersion: 149.0.7827.155 (07b52360cc1..., userDataDir: C:\Users\yamen\AppData\Loca...}, fedcm:accounts: true, goog:chromeOptions: {debuggerAddress: localhost:61523}, goog:processID: 20532, networkConnectionEnabled: false, pageLoadStrategy: normal, platformName: windows, proxy: Proxy(), se:cdp: ws://localhost:61523/devtoo..., se:cdpVersion: 149.0.7827.155, setWindowRect: true, strictFileInteractability: false, timeouts: {implicit: 0, pageLoad: 300000, script: 30000}, unhandledPromptBehavior: dismiss and notify, webauthn:extension:credBlob: true, webauthn:extension:largeBlob: true, webauthn:extension:minPinLength: true, webauthn:extension:prf: true, webauthn:virtualAuthenticators: true}
Session ID: 661d67b1a127c99e4740f20bd0bc2900]]>
            </message>
            <full-stacktrace>
              <![CDATA[org.openqa.selenium.TimeoutException: Expected condition failed: waiting for url to contain "/home". Current url: "http://localhost/signup" (tried for 20 second(s) with 500 milliseconds interval)
Build info: version: '4.27.0', revision: 'd6e718d134'
System info: os.name: 'Windows 11', os.arch: 'amd64', os.version: '10.0', java.version: '17.0.19'
Driver info: org.openqa.selenium.chrome.ChromeDriver
Capabilities {acceptInsecureCerts: false, browserName: chrome, browserVersion: 149.0.7827.155, chrome: {chromedriverVersion: 149.0.7827.155 (07b52360cc1..., userDataDir: C:\Users\yamen\AppData\Loca...}, fedcm:accounts: true, goog:chromeOptions: {debuggerAddress: localhost:61523}, goog:processID: 20532, networkConnectionEnabled: false, pageLoadStrategy: normal, platformName: windows, proxy: Proxy(), se:cdp: ws://localhost:61523/devtoo..., se:cdpVersion: 149.0.7827.155, setWindowRect: true, strictFileInteractability: false, timeouts: {implicit: 0, pageLoad: 300000, script: 30000}, unhandledPromptBehavior: dismiss and notify, webauthn:extension:credBlob: true, webauthn:extension:largeBlob: true, webauthn:extension:minPinLength: true, webauthn:extension:prf: true, webauthn:virtualAuthenticators: true}
Session ID: 661d67b1a127c99e4740f20bd0bc2900
at org.openqa.selenium.support.ui.WebDriverWait.timeoutException(WebDriverWait.java:84)
at org.openqa.selenium.support.ui.FluentWait.until(FluentWait.java:228)
at com.iot.selenium.tests.SignupTest.testSignup(SignupTest.java:52)
at java.base/jdk.internal.reflect.NativeMethodAccessorImpl.invoke0(Native Method)
at java.base/jdk.internal.reflect.NativeMethodAccessorImpl.invoke(NativeMethodAccessorImpl.java:77)
at java.base/jdk.internal.reflect.DelegatingMethodAccessorImpl.invoke(DelegatingMethodAccessorImpl.java:43)
at java.base/java.lang.reflect.Method.invoke(Method.java:569)
at org.testng.internal.invokers.MethodInvocationHelper.invokeMethod(MethodInvocationHelper.java:141)
at org.testng.internal.invokers.TestInvoker.invokeMethod(TestInvoker.java:687)
at org.testng.internal.invokers.TestInvoker.invokeTestMethod(TestInvoker.java:230)
at org.testng.internal.invokers.MethodRunner.runInSequence(MethodRunner.java:63)
at org.testng.internal.invokers.TestInvoker$MethodInvocationAgent.invoke(TestInvoker.java:995)
at org.testng.internal.invokers.TestInvoker.invokeTestMethods(TestInvoker.java:203)
at org.testng.internal.invokers.TestMethodWorker.invokeTestMethods(TestMethodWorker.java:154)
at org.testng.internal.invokers.TestMethodWorker.run(TestMethodWorker.java:134)
at java.base/java.util.ArrayList.forEach(ArrayList.java:1511)
at org.testng.TestRunner.privateRun(TestRunner.java:741)
at org.testng.TestRunner.run(TestRunner.java:616)
at org.testng.SuiteRunner.runTest(SuiteRunner.java:421)
at org.testng.SuiteRunner.runSequentially(SuiteRunner.java:413)
at org.testng.SuiteRunner.privateRun(SuiteRunner.java:373)
at org.testng.SuiteRunner.run(SuiteRunner.java:312)
at org.testng.SuiteRunnerWorker.runSuite(SuiteRunnerWorker.java:52)
at org.testng.SuiteRunnerWorker.run(SuiteRunnerWorker.java:95)
at org.testng.TestNG.runSuitesSequentially(TestNG.java:1274)
at org.testng.TestNG.runSuitesLocally(TestNG.java:1208)
at org.testng.TestNG.runSuites(TestNG.java:1112)
at org.testng.TestNG.run(TestNG.java:1079)
at org.apache.maven.surefire.testng.TestNGExecutor.run(TestNGExecutor.java:308)
at org.apache.maven.surefire.testng.TestNGXmlTestSuite.execute(TestNGXmlTestSuite.java:71)
at org.apache.maven.surefire.testng.TestNGProvider.invoke(TestNGProvider.java:113)
at org.apache.maven.surefire.booter.ForkedBooter.runSuitesInProcess(ForkedBooter.java:385)
at org.apache.maven.surefire.booter.ForkedBooter.execute(ForkedBooter.java:162)
at org.apache.maven.surefire.booter.ForkedBooter.run(ForkedBooter.java:507)
at org.apache.maven.surefire.booter.ForkedBooter.main(ForkedBooter.java:495)
]]>
            </full-stacktrace>
          </exception> <!-- org.openqa.selenium.TimeoutException -->
          <reporter-output>
          </reporter-output>
        </test-method> <!-- testSignup -->
        <test-method is-config="true" signature="tearDown()[pri:0, instance:com.iot.selenium.tests.SignupTest@31efacad]" started-at="2026-06-24T21:09:14 EEST" name="tearDown" finished-at="2026-06-24T21:09:14 EEST" duration-ms="197" status="PASS">
          <reporter-output>
          </reporter-output>
        </test-method> <!-- tearDown -->
        <test-method is-config="true" signature="setUp()[pri:0, instance:com.iot.selenium.tests.SignupTest@31efacad]" started-at="2026-06-24T21:09:14 EEST" name="setUp" finished-at="2026-06-24T21:09:15 EEST" duration-ms="643" status="PASS">
          <reporter-output>
          </reporter-output>
        </test-method> <!-- setUp -->
        <test-method is-config="true" signature="initWait()[pri:0, instance:com.iot.selenium.tests.SignupTest@31efacad]" started-at="2026-06-24T21:09:15 EEST" name="initWait" finished-at="2026-06-24T21:09:15 EEST" depends-on-methods="com.iot.selenium.tests.BaseTest.setUp" duration-ms="1" status="PASS">
          <reporter-output>
          </reporter-output>
        </test-method> <!-- initWait -->
        <test-method signature="testSignup([Ljava.lang.Object;)[pri:0, instance:com.iot.selenium.tests.SignupTest@31efacad]" started-at="2026-06-24T21:09:15 EEST" name="testSignup" data-provider="sheetData" finished-at="2026-06-24T21:09:17 EEST" duration-ms="1391" status="PASS">
          <params>
            <param index="0">
              <value>
                <![CDATA[[Ljava.lang.Object;@474aeac5]]>
              </value>
            </param>
          </params>
          <reporter-output>
          </reporter-output>
        </test-method> <!-- testSignup -->
        <test-method is-config="true" signature="tearDown()[pri:0, instance:com.iot.selenium.tests.SignupTest@31efacad]" started-at="2026-06-24T21:09:17 EEST" name="tearDown" finished-at="2026-06-24T21:09:17 EEST" duration-ms="146" status="PASS">
          <reporter-output>
          </reporter-output>
        </test-method> <!-- tearDown -->
      </class> <!-- com.iot.selenium.tests.SignupTest -->
    </test> <!-- Signup Tests -->
    <test started-at="2026-06-24T21:09:17 EEST" name="Signin Tests" finished-at="2026-06-24T21:10:26 EEST" duration-ms="69184">
      <class name="com.iot.selenium.tests.SigninTest">
        <test-method is-config="true" signature="setUp()[pri:0, instance:com.iot.selenium.tests.SigninTest@4b03cbad]" started-at="2026-06-24T21:09:17 EEST" name="setUp" finished-at="2026-06-24T21:09:18 EEST" duration-ms="1427" status="PASS">
          <reporter-output>
          </reporter-output>
        </test-method> <!-- setUp -->
        <test-method is-config="true" signature="initWait()[pri:0, instance:com.iot.selenium.tests.SigninTest@4b03cbad]" started-at="2026-06-24T21:09:18 EEST" name="initWait" finished-at="2026-06-24T21:09:18 EEST" depends-on-methods="com.iot.selenium.tests.BaseTest.setUp" duration-ms="1" status="PASS">
          <reporter-output>
          </reporter-output>
        </test-method> <!-- initWait -->
        <test-method signature="testSignin([Ljava.lang.Object;)[pri:0, instance:com.iot.selenium.tests.SigninTest@4b03cbad]" started-at="2026-06-24T21:09:18 EEST" name="testSignin" data-provider="sheetData" finished-at="2026-06-24T21:09:20 EEST" duration-ms="1525" status="PASS">
          <params>
            <param index="0">
              <value>
                <![CDATA[[Ljava.lang.Object;@1d07fb2]]>
              </value>
            </param>
          </params>
          <reporter-output>
          </reporter-output>
        </test-method> <!-- testSignin -->
        <test-method is-config="true" signature="tearDown()[pri:0, instance:com.iot.selenium.tests.SigninTest@4b03cbad]" started-at="2026-06-24T21:09:20 EEST" name="tearDown" finished-at="2026-06-24T21:09:20 EEST" duration-ms="153" status="PASS">
          <reporter-output>
          </reporter-output>
        </test-method> <!-- tearDown -->
        <test-method is-config="true" signature="setUp()[pri:0, instance:com.iot.selenium.tests.SigninTest@4b03cbad]" started-at="2026-06-24T21:09:20 EEST" name="setUp" finished-at="2026-06-24T21:09:21 EEST" duration-ms="656" status="PASS">
          <reporter-output>
          </reporter-output>
        </test-method> <!-- setUp -->
        <test-method is-config="true" signature="initWait()[pri:0, instance:com.iot.selenium.tests.SigninTest@4b03cbad]" started-at="2026-06-24T21:09:21 EEST" name="initWait" finished-at="2026-06-24T21:09:21 EEST" depends-on-methods="com.iot.selenium.tests.BaseTest.setUp" duration-ms="0" status="PASS">
          <reporter-output>
          </reporter-output>
        </test-method> <!-- initWait -->
        <test-method signature="testSignin([Ljava.lang.Object;)[pri:0, instance:com.iot.selenium.tests.SigninTest@4b03cbad]" started-at="2026-06-24T21:09:21 EEST" name="testSignin" data-provider="sheetData" finished-at="2026-06-24T21:09:22 EEST" duration-ms="1499" status="PASS">
          <params>
            <param index="0">
              <value>
                <![CDATA[[Ljava.lang.Object;@7f336491]]>
              </value>
            </param>
          </params>
          <reporter-output>
          </reporter-output>
        </test-method> <!-- testSignin -->
        <test-method is-config="true" signature="tearDown()[pri:0, instance:com.iot.selenium.tests.SigninTest@4b03cbad]" started-at="2026-06-24T21:09:22 EEST" name="tearDown" finished-at="2026-06-24T21:09:22 EEST" duration-ms="170" status="PASS">
          <reporter-output>
          </reporter-output>
        </test-method> <!-- tearDown -->
        <test-method is-config="true" signature="setUp()[pri:0, instance:com.iot.selenium.tests.SigninTest@4b03cbad]" started-at="2026-06-24T21:09:22 EEST" name="setUp" finished-at="2026-06-24T21:09:23 EEST" duration-ms="640" status="PASS">
          <reporter-output>
          </reporter-output>
        </test-method> <!-- setUp -->
        <test-method is-config="true" signature="initWait()[pri:0, instance:com.iot.selenium.tests.SigninTest@4b03cbad]" started-at="2026-06-24T21:09:23 EEST" name="initWait" finished-at="2026-06-24T21:09:23 EEST" depends-on-methods="com.iot.selenium.tests.BaseTest.setUp" duration-ms="0" status="PASS">
          <reporter-output>
          </reporter-output>
        </test-method> <!-- initWait -->
        <test-method signature="testSignin([Ljava.lang.Object;)[pri:0, instance:com.iot.selenium.tests.SigninTest@4b03cbad]" started-at="2026-06-24T21:09:23 EEST" name="testSignin" data-provider="sheetData" finished-at="2026-06-24T21:09:39 EEST" duration-ms="16031" status="PASS">
          <params>
            <param index="0">
              <value>
                <![CDATA[[Ljava.lang.Object;@344ab465]]>
              </value>
            </param>
          </params>
          <reporter-output>
          </reporter-output>
        </test-method> <!-- testSignin -->
        <test-method is-config="true" signature="tearDown()[pri:0, instance:com.iot.selenium.tests.SigninTest@4b03cbad]" started-at="2026-06-24T21:09:39 EEST" name="tearDown" finished-at="2026-06-24T21:09:39 EEST" duration-ms="185" status="PASS">
          <reporter-output>
          </reporter-output>
        </test-method> <!-- tearDown -->
        <test-method is-config="true" signature="setUp()[pri:0, instance:com.iot.selenium.tests.SigninTest@4b03cbad]" started-at="2026-06-24T21:09:39 EEST" name="setUp" finished-at="2026-06-24T21:09:40 EEST" duration-ms="636" status="PASS">
          <reporter-output>
          </reporter-output>
        </test-method> <!-- setUp -->
        <test-method is-config="true" signature="initWait()[pri:0, instance:com.iot.selenium.tests.SigninTest@4b03cbad]" started-at="2026-06-24T21:09:40 EEST" name="initWait" finished-at="2026-06-24T21:09:40 EEST" depends-on-methods="com.iot.selenium.tests.BaseTest.setUp" duration-ms="0" status="PASS">
          <reporter-output>
          </reporter-output>
        </test-method> <!-- initWait -->
        <test-method signature="testSignin([Ljava.lang.Object;)[pri:0, instance:com.iot.selenium.tests.SigninTest@4b03cbad]" started-at="2026-06-24T21:09:40 EEST" name="testSignin" data-provider="sheetData" finished-at="2026-06-24T21:09:41 EEST" duration-ms="946" status="PASS">
          <params>
            <param index="0">
              <value>
                <![CDATA[[Ljava.lang.Object;@1bf3af3d]]>
              </value>
            </param>
          </params>
          <reporter-output>
          </reporter-output>
        </test-method> <!-- testSignin -->
        <test-method is-config="true" signature="tearDown()[pri:0, instance:com.iot.selenium.tests.SigninTest@4b03cbad]" started-at="2026-06-24T21:09:41 EEST" name="tearDown" finished-at="2026-06-24T21:09:41 EEST" duration-ms="168" status="PASS">
          <reporter-output>
          </reporter-output>
        </test-method> <!-- tearDown -->
        <test-method is-config="true" signature="setUp()[pri:0, instance:com.iot.selenium.tests.SigninTest@4b03cbad]" started-at="2026-06-24T21:09:41 EEST" name="setUp" finished-at="2026-06-24T21:09:42 EEST" duration-ms="643" status="PASS">
          <reporter-output>
          </reporter-output>
        </test-method> <!-- setUp -->
        <test-method is-config="true" signature="initWait()[pri:0, instance:com.iot.selenium.tests.SigninTest@4b03cbad]" started-at="2026-06-24T21:09:42 EEST" name="initWait" finished-at="2026-06-24T21:09:42 EEST" depends-on-methods="com.iot.selenium.tests.BaseTest.setUp" duration-ms="1" status="PASS">
          <reporter-output>
          </reporter-output>
        </test-method> <!-- initWait -->
        <test-method signature="testSignin([Ljava.lang.Object;)[pri:0, instance:com.iot.selenium.tests.SigninTest@4b03cbad]" started-at="2026-06-24T21:09:42 EEST" name="testSignin" data-provider="sheetData" finished-at="2026-06-24T21:09:43 EEST" duration-ms="1002" status="PASS">
          <params>
            <param index="0">
              <value>
                <![CDATA[[Ljava.lang.Object;@5b3c2e59]]>
              </value>
            </param>
          </params>
          <reporter-output>
          </reporter-output>
        </test-method> <!-- testSignin -->
        <test-method is-config="true" signature="tearDown()[pri:0, instance:com.iot.selenium.tests.SigninTest@4b03cbad]" started-at="2026-06-24T21:09:43 EEST" name="tearDown" finished-at="2026-06-24T21:09:43 EEST" duration-ms="155" status="PASS">
          <reporter-output>
          </reporter-output>
        </test-method> <!-- tearDown -->
        <test-method is-config="true" signature="setUp()[pri:0, instance:com.iot.selenium.tests.SigninTest@4b03cbad]" started-at="2026-06-24T21:09:43 EEST" name="setUp" finished-at="2026-06-24T21:09:43 EEST" duration-ms="641" status="PASS">
          <reporter-output>
          </reporter-output>
        </test-method> <!-- setUp -->
        <test-method is-config="true" signature="initWait()[pri:0, instance:com.iot.selenium.tests.SigninTest@4b03cbad]" started-at="2026-06-24T21:09:43 EEST" name="initWait" finished-at="2026-06-24T21:09:43 EEST" depends-on-methods="com.iot.selenium.tests.BaseTest.setUp" duration-ms="0" status="PASS">
          <reporter-output>
          </reporter-output>
        </test-method> <!-- initWait -->
        <test-method signature="testSignin([Ljava.lang.Object;)[pri:0, instance:com.iot.selenium.tests.SigninTest@4b03cbad]" started-at="2026-06-24T21:09:43 EEST" name="testSignin" data-provider="sheetData" finished-at="2026-06-24T21:09:44 EEST" duration-ms="552" status="PASS">
          <params>
            <param index="0">
              <value>
                <![CDATA[[Ljava.lang.Object;@570fc662]]>
              </value>
            </param>
          </params>
          <reporter-output>
          </reporter-output>
        </test-method> <!-- testSignin -->
        <test-method is-config="true" signature="tearDown()[pri:0, instance:com.iot.selenium.tests.SigninTest@4b03cbad]" started-at="2026-06-24T21:09:44 EEST" name="tearDown" finished-at="2026-06-24T21:09:44 EEST" duration-ms="160" status="PASS">
          <reporter-output>
          </reporter-output>
        </test-method> <!-- tearDown -->
        <test-method is-config="true" signature="setUp()[pri:0, instance:com.iot.selenium.tests.SigninTest@4b03cbad]" started-at="2026-06-24T21:09:44 EEST" name="setUp" finished-at="2026-06-24T21:09:45 EEST" duration-ms="655" status="PASS">
          <reporter-output>
          </reporter-output>
        </test-method> <!-- setUp -->
        <test-method is-config="true" signature="initWait()[pri:0, instance:com.iot.selenium.tests.SigninTest@4b03cbad]" started-at="2026-06-24T21:09:45 EEST" name="initWait" finished-at="2026-06-24T21:09:45 EEST" depends-on-methods="com.iot.selenium.tests.BaseTest.setUp" duration-ms="2" status="PASS">
          <reporter-output>
          </reporter-output>
        </test-method> <!-- initWait -->
        <test-method signature="testSignin([Ljava.lang.Object;)[pri:0, instance:com.iot.selenium.tests.SigninTest@4b03cbad]" started-at="2026-06-24T21:09:45 EEST" name="testSignin" data-provider="sheetData" finished-at="2026-06-24T21:09:46 EEST" duration-ms="1051" status="PASS">
          <params>
            <param index="0">
              <value>
                <![CDATA[[Ljava.lang.Object;@223c1a82]]>
              </value>
            </param>
          </params>
          <reporter-output>
          </reporter-output>
        </test-method> <!-- testSignin -->
        <test-method is-config="true" signature="tearDown()[pri:0, instance:com.iot.selenium.tests.SigninTest@4b03cbad]" started-at="2026-06-24T21:09:46 EEST" name="tearDown" finished-at="2026-06-24T21:09:46 EEST" duration-ms="190" status="PASS">
          <reporter-output>
          </reporter-output>
        </test-method> <!-- tearDown -->
        <test-method is-config="true" signature="setUp()[pri:0, instance:com.iot.selenium.tests.SigninTest@4b03cbad]" started-at="2026-06-24T21:09:46 EEST" name="setUp" finished-at="2026-06-24T21:09:47 EEST" duration-ms="758" status="PASS">
          <reporter-output>
          </reporter-output>
        </test-method> <!-- setUp -->
        <test-method is-config="true" signature="initWait()[pri:0, instance:com.iot.selenium.tests.SigninTest@4b03cbad]" started-at="2026-06-24T21:09:47 EEST" name="initWait" finished-at="2026-06-24T21:09:47 EEST" depends-on-methods="com.iot.selenium.tests.BaseTest.setUp" duration-ms="0" status="PASS">
          <reporter-output>
          </reporter-output>
        </test-method> <!-- initWait -->
        <test-method signature="testSignin([Ljava.lang.Object;)[pri:0, instance:com.iot.selenium.tests.SigninTest@4b03cbad]" started-at="2026-06-24T21:09:47 EEST" name="testSignin" data-provider="sheetData" finished-at="2026-06-24T21:09:47 EEST" duration-ms="579" status="PASS">
          <params>
            <param index="0">
              <value>
                <![CDATA[[Ljava.lang.Object;@4a09f5b]]>
              </value>
            </param>
          </params>
          <reporter-output>
          </reporter-output>
        </test-method> <!-- testSignin -->
        <test-method is-config="true" signature="tearDown()[pri:0, instance:com.iot.selenium.tests.SigninTest@4b03cbad]" started-at="2026-06-24T21:09:47 EEST" name="tearDown" finished-at="2026-06-24T21:09:48 EEST" duration-ms="146" status="PASS">
          <reporter-output>
          </reporter-output>
        </test-method> <!-- tearDown -->
        <test-method is-config="true" signature="setUp()[pri:0, instance:com.iot.selenium.tests.SigninTest@4b03cbad]" started-at="2026-06-24T21:09:48 EEST" name="setUp" finished-at="2026-06-24T21:09:48 EEST" duration-ms="772" status="PASS">
          <reporter-output>
          </reporter-output>
        </test-method> <!-- setUp -->
        <test-method is-config="true" signature="initWait()[pri:0, instance:com.iot.selenium.tests.SigninTest@4b03cbad]" started-at="2026-06-24T21:09:48 EEST" name="initWait" finished-at="2026-06-24T21:09:48 EEST" depends-on-methods="com.iot.selenium.tests.BaseTest.setUp" duration-ms="0" status="PASS">
          <reporter-output>
          </reporter-output>
        </test-method> <!-- initWait -->
        <test-method signature="testSignin([Ljava.lang.Object;)[pri:0, instance:com.iot.selenium.tests.SigninTest@4b03cbad]" started-at="2026-06-24T21:09:48 EEST" name="testSignin" data-provider="sheetData" finished-at="2026-06-24T21:10:04 EEST" duration-ms="16034" status="PASS">
          <params>
            <param index="0">
              <value>
                <![CDATA[[Ljava.lang.Object;@81bc4da]]>
              </value>
            </param>
          </params>
          <reporter-output>
          </reporter-output>
        </test-method> <!-- testSignin -->
        <test-method is-config="true" signature="tearDown()[pri:0, instance:com.iot.selenium.tests.SigninTest@4b03cbad]" started-at="2026-06-24T21:10:04 EEST" name="tearDown" finished-at="2026-06-24T21:10:05 EEST" duration-ms="190" status="PASS">
          <reporter-output>
          </reporter-output>
        </test-method> <!-- tearDown -->
        <test-method is-config="true" signature="setUp()[pri:0, instance:com.iot.selenium.tests.SigninTest@4b03cbad]" started-at="2026-06-24T21:10:05 EEST" name="setUp" finished-at="2026-06-24T21:10:05 EEST" duration-ms="644" status="PASS">
          <reporter-output>
          </reporter-output>
        </test-method> <!-- setUp -->
        <test-method is-config="true" signature="initWait()[pri:0, instance:com.iot.selenium.tests.SigninTest@4b03cbad]" started-at="2026-06-24T21:10:05 EEST" name="initWait" finished-at="2026-06-24T21:10:05 EEST" depends-on-methods="com.iot.selenium.tests.BaseTest.setUp" duration-ms="1" status="PASS">
          <reporter-output>
          </reporter-output>
        </test-method> <!-- initWait -->
        <test-method signature="testSignin([Ljava.lang.Object;)[pri:0, instance:com.iot.selenium.tests.SigninTest@4b03cbad]" started-at="2026-06-24T21:10:05 EEST" name="testSignin" data-provider="sheetData" finished-at="2026-06-24T21:10:21 EEST" duration-ms="16261" status="PASS">
          <params>
            <param index="0">
              <value>
                <![CDATA[[Ljava.lang.Object;@42930a42]]>
              </value>
            </param>
          </params>
          <reporter-output>
          </reporter-output>
        </test-method> <!-- testSignin -->
        <test-method is-config="true" signature="tearDown()[pri:0, instance:com.iot.selenium.tests.SigninTest@4b03cbad]" started-at="2026-06-24T21:10:21 EEST" name="tearDown" finished-at="2026-06-24T21:10:22 EEST" duration-ms="193" status="PASS">
          <reporter-output>
          </reporter-output>
        </test-method> <!-- tearDown -->
        <test-method is-config="true" signature="setUp()[pri:0, instance:com.iot.selenium.tests.SigninTest@4b03cbad]" started-at="2026-06-24T21:10:22 EEST" name="setUp" finished-at="2026-06-24T21:10:22 EEST" duration-ms="645" status="PASS">
          <reporter-output>
          </reporter-output>
        </test-method> <!-- setUp -->
        <test-method is-config="true" signature="initWait()[pri:0, instance:com.iot.selenium.tests.SigninTest@4b03cbad]" started-at="2026-06-24T21:10:22 EEST" name="initWait" finished-at="2026-06-24T21:10:22 EEST" depends-on-methods="com.iot.selenium.tests.BaseTest.setUp" duration-ms="0" status="PASS">
          <reporter-output>
          </reporter-output>
        </test-method> <!-- initWait -->
        <test-method signature="testSignin([Ljava.lang.Object;)[pri:0, instance:com.iot.selenium.tests.SigninTest@4b03cbad]" started-at="2026-06-24T21:10:22 EEST" name="testSignin" data-provider="sheetData" finished-at="2026-06-24T21:10:24 EEST" duration-ms="1550" status="PASS">
          <params>
            <param index="0">
              <value>
                <![CDATA[[Ljava.lang.Object;@70661538]]>
              </value>
            </param>
          </params>
          <reporter-output>
          </reporter-output>
        </test-method> <!-- testSignin -->
        <test-method is-config="true" signature="tearDown()[pri:0, instance:com.iot.selenium.tests.SigninTest@4b03cbad]" started-at="2026-06-24T21:10:24 EEST" name="tearDown" finished-at="2026-06-24T21:10:24 EEST" duration-ms="152" status="PASS">
          <reporter-output>
          </reporter-output>
        </test-method> <!-- tearDown -->
        <test-method is-config="true" signature="setUp()[pri:0, instance:com.iot.selenium.tests.SigninTest@4b03cbad]" started-at="2026-06-24T21:10:24 EEST" name="setUp" finished-at="2026-06-24T21:10:25 EEST" duration-ms="639" status="PASS">
          <reporter-output>
          </reporter-output>
        </test-method> <!-- setUp -->
        <test-method is-config="true" signature="initWait()[pri:0, instance:com.iot.selenium.tests.SigninTest@4b03cbad]" started-at="2026-06-24T21:10:25 EEST" name="initWait" finished-at="2026-06-24T21:10:25 EEST" depends-on-methods="com.iot.selenium.tests.BaseTest.setUp" duration-ms="0" status="PASS">
          <reporter-output>
          </reporter-output>
        </test-method> <!-- initWait -->
        <test-method signature="testSignin([Ljava.lang.Object;)[pri:0, instance:com.iot.selenium.tests.SigninTest@4b03cbad]" started-at="2026-06-24T21:10:25 EEST" name="testSignin" data-provider="sheetData" finished-at="2026-06-24T21:10:26 EEST" duration-ms="1036" status="PASS">
          <params>
            <param index="0">
              <value>
                <![CDATA[[Ljava.lang.Object;@5f4491b9]]>
              </value>
            </param>
          </params>
          <reporter-output>
          </reporter-output>
        </test-method> <!-- testSignin -->
        <test-method is-config="true" signature="tearDown()[pri:0, instance:com.iot.selenium.tests.SigninTest@4b03cbad]" started-at="2026-06-24T21:10:26 EEST" name="tearDown" finished-at="2026-06-24T21:10:26 EEST" duration-ms="171" status="PASS">
          <reporter-output>
          </reporter-output>
        </test-method> <!-- tearDown -->
      </class> <!-- com.iot.selenium.tests.SigninTest -->
    </test> <!-- Signin Tests -->
    <test started-at="2026-06-24T21:10:26 EEST" name="Suite Auth Prime" finished-at="2026-06-24T21:10:26 EEST" duration-ms="81">
      <class name="com.iot.selenium.tests.SuiteAuthBootstrap">
        <test-method signature="primeSharedApiAuth()[pri:0, instance:com.iot.selenium.tests.SuiteAuthBootstrap@4b957db0]" started-at="2026-06-24T21:10:26 EEST" name="primeSharedApiAuth" description="Cache JWT + iot_user for later restoreAuthenticatedSession() calls" finished-at="2026-06-24T21:10:26 EEST" duration-ms="78" status="PASS">
          <reporter-output>
          </reporter-output>
        </test-method> <!-- primeSharedApiAuth -->
      </class> <!-- com.iot.selenium.tests.SuiteAuthBootstrap -->
    </test> <!-- Suite Auth Prime -->
    <test started-at="2026-06-24T21:10:26 EEST" name="User Profile Tests" finished-at="2026-06-24T21:10:35 EEST" duration-ms="9078">
      <class name="com.iot.selenium.tests.UserProfileTest">
        <test-method is-config="true" signature="setUp()[pri:0, instance:com.iot.selenium.tests.UserProfileTest@527a8665]" started-at="2026-06-24T21:10:26 EEST" name="setUp" finished-at="2026-06-24T21:10:27 EEST" duration-ms="762" status="PASS">
          <reporter-output>
          </reporter-output>
        </test-method> <!-- setUp -->
        <test-method is-config="true" signature="initWait()[pri:0, instance:com.iot.selenium.tests.UserProfileTest@527a8665]" started-at="2026-06-24T21:10:27 EEST" name="initWait" finished-at="2026-06-24T21:10:27 EEST" depends-on-methods="com.iot.selenium.tests.BaseTest.setUp" duration-ms="1" status="PASS">
          <reporter-output>
          </reporter-output>
        </test-method> <!-- initWait -->
        <test-method signature="testUserProfile([Ljava.lang.Object;)[pri:0, instance:com.iot.selenium.tests.UserProfileTest@527a8665]" started-at="2026-06-24T21:10:27 EEST" name="testUserProfile" data-provider="sheetData" finished-at="2026-06-24T21:10:28 EEST" duration-ms="989" status="PASS">
          <params>
            <param index="0">
              <value>
                <![CDATA[[Ljava.lang.Object;@93bc1be]]>
              </value>
            </param>
          </params>
          <reporter-output>
          </reporter-output>
        </test-method> <!-- testUserProfile -->
        <test-method is-config="true" signature="tearDown()[pri:0, instance:com.iot.selenium.tests.UserProfileTest@527a8665]" started-at="2026-06-24T21:10:28 EEST" name="tearDown" finished-at="2026-06-24T21:10:28 EEST" duration-ms="165" status="PASS">
          <reporter-output>
          </reporter-output>
        </test-method> <!-- tearDown -->
        <test-method is-config="true" signature="setUp()[pri:0, instance:com.iot.selenium.tests.UserProfileTest@527a8665]" started-at="2026-06-24T21:10:28 EEST" name="setUp" finished-at="2026-06-24T21:10:29 EEST" duration-ms="683" status="PASS">
          <reporter-output>
          </reporter-output>
        </test-method> <!-- setUp -->
        <test-method is-config="true" signature="initWait()[pri:0, instance:com.iot.selenium.tests.UserProfileTest@527a8665]" started-at="2026-06-24T21:10:29 EEST" name="initWait" finished-at="2026-06-24T21:10:29 EEST" depends-on-methods="com.iot.selenium.tests.BaseTest.setUp" duration-ms="1" status="PASS">
          <reporter-output>
          </reporter-output>
        </test-method> <!-- initWait -->
        <test-method signature="testUserProfile([Ljava.lang.Object;)[pri:0, instance:com.iot.selenium.tests.UserProfileTest@527a8665]" started-at="2026-06-24T21:10:29 EEST" name="testUserProfile" data-provider="sheetData" finished-at="2026-06-24T21:10:29 EEST" duration-ms="515" status="PASS">
          <params>
            <param index="0">
              <value>
                <![CDATA[[Ljava.lang.Object;@79ee7d2e]]>
              </value>
            </param>
          </params>
          <reporter-output>
          </reporter-output>
        </test-method> <!-- testUserProfile -->
        <test-method is-config="true" signature="tearDown()[pri:0, instance:com.iot.selenium.tests.UserProfileTest@527a8665]" started-at="2026-06-24T21:10:29 EEST" name="tearDown" finished-at="2026-06-24T21:10:29 EEST" duration-ms="163" status="PASS">
          <reporter-output>
          </reporter-output>
        </test-method> <!-- tearDown -->
        <test-method is-config="true" signature="setUp()[pri:0, instance:com.iot.selenium.tests.UserProfileTest@527a8665]" started-at="2026-06-24T21:10:29 EEST" name="setUp" finished-at="2026-06-24T21:10:30 EEST" duration-ms="693" status="PASS">
          <reporter-output>
          </reporter-output>
        </test-method> <!-- setUp -->
        <test-method is-config="true" signature="initWait()[pri:0, instance:com.iot.selenium.tests.UserProfileTest@527a8665]" started-at="2026-06-24T21:10:30 EEST" name="initWait" finished-at="2026-06-24T21:10:30 EEST" depends-on-methods="com.iot.selenium.tests.BaseTest.setUp" duration-ms="0" status="PASS">
          <reporter-output>
          </reporter-output>
        </test-method> <!-- initWait -->
        <test-method signature="testUserProfile([Ljava.lang.Object;)[pri:0, instance:com.iot.selenium.tests.UserProfileTest@527a8665]" started-at="2026-06-24T21:10:30 EEST" name="testUserProfile" data-provider="sheetData" finished-at="2026-06-24T21:10:31 EEST" duration-ms="710" status="PASS">
          <params>
            <param index="0">
              <value>
                <![CDATA[[Ljava.lang.Object;@1c175d38]]>
              </value>
            </param>
          </params>
          <reporter-output>
          </reporter-output>
        </test-method> <!-- testUserProfile -->
        <test-method is-config="true" signature="tearDown()[pri:0, instance:com.iot.selenium.tests.UserProfileTest@527a8665]" started-at="2026-06-24T21:10:31 EEST" name="tearDown" finished-at="2026-06-24T21:10:31 EEST" duration-ms="178" status="PASS">
          <reporter-output>
          </reporter-output>
        </test-method> <!-- tearDown -->
        <test-method is-config="true" signature="setUp()[pri:0, instance:com.iot.selenium.tests.UserProfileTest@527a8665]" started-at="2026-06-24T21:10:31 EEST" name="setUp" finished-at="2026-06-24T21:10:32 EEST" duration-ms="648" status="PASS">
          <reporter-output>
          </reporter-output>
        </test-method> <!-- setUp -->
        <test-method is-config="true" signature="initWait()[pri:0, instance:com.iot.selenium.tests.UserProfileTest@527a8665]" started-at="2026-06-24T21:10:32 EEST" name="initWait" finished-at="2026-06-24T21:10:32 EEST" depends-on-methods="com.iot.selenium.tests.BaseTest.setUp" duration-ms="0" status="PASS">
          <reporter-output>
          </reporter-output>
        </test-method> <!-- initWait -->
        <test-method signature="testUserProfile([Ljava.lang.Object;)[pri:0, instance:com.iot.selenium.tests.UserProfileTest@527a8665]" started-at="2026-06-24T21:10:32 EEST" name="testUserProfile" data-provider="sheetData" finished-at="2026-06-24T21:10:33 EEST" duration-ms="1747" status="FAIL">
          <params>
            <param index="0">
              <value>
                <![CDATA[[Ljava.lang.Object;@c030d36]]>
              </value>
            </param>
          </params>
          <exception class="org.openqa.selenium.ElementClickInterceptedException">
            <message>
              <![CDATA[element click intercepted: Element <button _ngcontent-ng-c2733553190="" type="button" class="avatar avatar-button" aria-label="Open profile">...</button> is not clickable at point (1489, 29). Other element would receive the click: <div _ngcontent-ng-c3847880224="" class="alert-toast severity-warning type-traffic">...</div>
  (Session info: chrome=149.0.7827.155)
Build info: version: '4.27.0', revision: 'd6e718d134'
System info: os.name: 'Windows 11', os.arch: 'amd64', os.version: '10.0', java.version: '17.0.19'
Driver info: org.openqa.selenium.chrome.ChromeDriver
Command: [9db81bf5f2e06448287b5d20732fb6dc, clickElement {id=f.955C7768E098E74DD52D9B0D217387D3.d.10D527FE687F4812EAC2B4615D120C2D.e.31}]
Capabilities {acceptInsecureCerts: false, browserName: chrome, browserVersion: 149.0.7827.155, chrome: {chromedriverVersion: 149.0.7827.155 (07b52360cc1..., userDataDir: C:\Users\yamen\AppData\Loca...}, fedcm:accounts: true, goog:chromeOptions: {debuggerAddress: localhost:62104}, goog:processID: 2852, networkConnectionEnabled: false, pageLoadStrategy: normal, platformName: windows, proxy: Proxy(), se:cdp: ws://localhost:62104/devtoo..., se:cdpVersion: 149.0.7827.155, setWindowRect: true, strictFileInteractability: false, timeouts: {implicit: 0, pageLoad: 300000, script: 30000}, unhandledPromptBehavior: dismiss and notify, webauthn:extension:credBlob: true, webauthn:extension:largeBlob: true, webauthn:extension:minPinLength: true, webauthn:extension:prf: true, webauthn:virtualAuthenticators: true}
Element: [[ChromeDriver: chrome on windows (9db81bf5f2e06448287b5d20732fb6dc)] -> css selector: .avatar-button]
Session ID: 9db81bf5f2e06448287b5d20732fb6dc]]>
            </message>
            <full-stacktrace>
              <![CDATA[org.openqa.selenium.ElementClickInterceptedException: element click intercepted: Element <button _ngcontent-ng-c2733553190="" type="button" class="avatar avatar-button" aria-label="Open profile">...</button> is not clickable at point (1489, 29). Other element would receive the click: <div _ngcontent-ng-c3847880224="" class="alert-toast severity-warning type-traffic">...</div>
  (Session info: chrome=149.0.7827.155)
Build info: version: '4.27.0', revision: 'd6e718d134'
System info: os.name: 'Windows 11', os.arch: 'amd64', os.version: '10.0', java.version: '17.0.19'
Driver info: org.openqa.selenium.chrome.ChromeDriver
Command: [9db81bf5f2e06448287b5d20732fb6dc, clickElement {id=f.955C7768E098E74DD52D9B0D217387D3.d.10D527FE687F4812EAC2B4615D120C2D.e.31}]
Capabilities {acceptInsecureCerts: false, browserName: chrome, browserVersion: 149.0.7827.155, chrome: {chromedriverVersion: 149.0.7827.155 (07b52360cc1..., userDataDir: C:\Users\yamen\AppData\Loca...}, fedcm:accounts: true, goog:chromeOptions: {debuggerAddress: localhost:62104}, goog:processID: 2852, networkConnectionEnabled: false, pageLoadStrategy: normal, platformName: windows, proxy: Proxy(), se:cdp: ws://localhost:62104/devtoo..., se:cdpVersion: 149.0.7827.155, setWindowRect: true, strictFileInteractability: false, timeouts: {implicit: 0, pageLoad: 300000, script: 30000}, unhandledPromptBehavior: dismiss and notify, webauthn:extension:credBlob: true, webauthn:extension:largeBlob: true, webauthn:extension:minPinLength: true, webauthn:extension:prf: true, webauthn:virtualAuthenticators: true}
Element: [[ChromeDriver: chrome on windows (9db81bf5f2e06448287b5d20732fb6dc)] -> css selector: .avatar-button]
Session ID: 9db81bf5f2e06448287b5d20732fb6dc
at java.base/jdk.internal.reflect.NativeConstructorAccessorImpl.newInstance0(Native Method)
at java.base/jdk.internal.reflect.NativeConstructorAccessorImpl.newInstance(NativeConstructorAccessorImpl.java:77)
at java.base/jdk.internal.reflect.DelegatingConstructorAccessorImpl.newInstance(DelegatingConstructorAccessorImpl.java:45)
at java.base/java.lang.reflect.Constructor.newInstanceWithCaller(Constructor.java:500)
at java.base/java.lang.reflect.Constructor.newInstance(Constructor.java:481)
at org.openqa.selenium.remote.ErrorCodec.decode(ErrorCodec.java:167)
at org.openqa.selenium.remote.codec.w3c.W3CHttpResponseCodec.decode(W3CHttpResponseCodec.java:138)
at org.openqa.selenium.remote.codec.w3c.W3CHttpResponseCodec.decode(W3CHttpResponseCodec.java:50)
at org.openqa.selenium.remote.HttpCommandExecutor.execute(HttpCommandExecutor.java:190)
at org.openqa.selenium.remote.service.DriverCommandExecutor.invokeExecute(DriverCommandExecutor.java:216)
at org.openqa.selenium.remote.service.DriverCommandExecutor.execute(DriverCommandExecutor.java:174)
at org.openqa.selenium.remote.RemoteWebDriver.execute(RemoteWebDriver.java:545)
at org.openqa.selenium.remote.RemoteWebElement.execute(RemoteWebElement.java:223)
at org.openqa.selenium.remote.RemoteWebElement.click(RemoteWebElement.java:76)
at com.iot.selenium.pages.BasePage.click(BasePage.java:35)
at com.iot.selenium.pages.DashboardPage.clickAvatar(DashboardPage.java:25)
at com.iot.selenium.tests.UserProfileTest.testUserProfile(UserProfileTest.java:70)
at java.base/jdk.internal.reflect.NativeMethodAccessorImpl.invoke0(Native Method)
at java.base/jdk.internal.reflect.NativeMethodAccessorImpl.invoke(NativeMethodAccessorImpl.java:77)
at java.base/jdk.internal.reflect.DelegatingMethodAccessorImpl.invoke(DelegatingMethodAccessorImpl.java:43)
at java.base/java.lang.reflect.Method.invoke(Method.java:569)
at org.testng.internal.invokers.MethodInvocationHelper.invokeMethod(MethodInvocationHelper.java:141)
at org.testng.internal.invokers.TestInvoker.invokeMethod(TestInvoker.java:687)
at org.testng.internal.invokers.TestInvoker.invokeTestMethod(TestInvoker.java:230)
at org.testng.internal.invokers.MethodRunner.runInSequence(MethodRunner.java:63)
at org.testng.internal.invokers.TestInvoker$MethodInvocationAgent.invoke(TestInvoker.java:995)
at org.testng.internal.invokers.TestInvoker.invokeTestMethods(TestInvoker.java:203)
at org.testng.internal.invokers.TestMethodWorker.invokeTestMethods(TestMethodWorker.java:154)
at org.testng.internal.invokers.TestMethodWorker.run(TestMethodWorker.java:134)
at java.base/java.util.ArrayList.forEach(ArrayList.java:1511)
at org.testng.TestRunner.privateRun(TestRunner.java:741)
at org.testng.TestRunner.run(TestRunner.java:616)
at org.testng.SuiteRunner.runTest(SuiteRunner.java:421)
at org.testng.SuiteRunner.runSequentially(SuiteRunner.java:413)
at org.testng.SuiteRunner.privateRun(SuiteRunner.java:373)
at org.testng.SuiteRunner.run(SuiteRunner.java:312)
at org.testng.SuiteRunnerWorker.runSuite(SuiteRunnerWorker.java:52)
at org.testng.SuiteRunnerWorker.run(SuiteRunnerWorker.java:95)
at org.testng.TestNG.runSuitesSequentially(TestNG.java:1274)
at org.testng.TestNG.runSuitesLocally(TestNG.java:1208)
at org.testng.TestNG.runSuites(TestNG.java:1112)
at org.testng.TestNG.run(TestNG.java:1079)
at org.apache.maven.surefire.testng.TestNGExecutor.run(TestNGExecutor.java:308)
at org.apache.maven.surefire.testng.TestNGXmlTestSuite.execute(TestNGXmlTestSuite.java:71)
at org.apache.maven.surefire.testng.TestNGProvider.invoke(TestNGProvider.java:113)
at org.apache.maven.surefire.booter.ForkedBooter.runSuitesInProcess(ForkedBooter.java:385)
at org.apache.maven.surefire.booter.ForkedBooter.execute(ForkedBooter.java:162)
at org.apache.maven.surefire.booter.ForkedBooter.run(ForkedBooter.java:507)
at org.apache.maven.surefire.booter.ForkedBooter.main(ForkedBooter.java:495)
]]>
            </full-stacktrace>
          </exception> <!-- org.openqa.selenium.ElementClickInterceptedException -->
          <reporter-output>
          </reporter-output>
        </test-method> <!-- testUserProfile -->
        <test-method is-config="true" signature="tearDown()[pri:0, instance:com.iot.selenium.tests.UserProfileTest@527a8665]" started-at="2026-06-24T21:10:33 EEST" name="tearDown" finished-at="2026-06-24T21:10:34 EEST" duration-ms="157" status="PASS">
          <reporter-output>
          </reporter-output>
        </test-method> <!-- tearDown -->
        <test-method is-config="true" signature="setUp()[pri:0, instance:com.iot.selenium.tests.UserProfileTest@527a8665]" started-at="2026-06-24T21:10:34 EEST" name="setUp" finished-at="2026-06-24T21:10:34 EEST" duration-ms="640" status="PASS">
          <reporter-output>
          </reporter-output>
        </test-method> <!-- setUp -->
        <test-method is-config="true" signature="initWait()[pri:0, instance:com.iot.selenium.tests.UserProfileTest@527a8665]" started-at="2026-06-24T21:10:34 EEST" name="initWait" finished-at="2026-06-24T21:10:34 EEST" depends-on-methods="com.iot.selenium.tests.BaseTest.setUp" duration-ms="0" status="PASS">
          <reporter-output>
          </reporter-output>
        </test-method> <!-- initWait -->
        <test-method signature="testUserProfile([Ljava.lang.Object;)[pri:0, instance:com.iot.selenium.tests.UserProfileTest@527a8665]" started-at="2026-06-24T21:10:34 EEST" name="testUserProfile" data-provider="sheetData" finished-at="2026-06-24T21:10:35 EEST" duration-ms="653" status="PASS">
          <params>
            <param index="0">
              <value>
                <![CDATA[[Ljava.lang.Object;@6e5bb7aa]]>
              </value>
            </param>
          </params>
          <reporter-output>
          </reporter-output>
        </test-method> <!-- testUserProfile -->
        <test-method is-config="true" signature="tearDown()[pri:0, instance:com.iot.selenium.tests.UserProfileTest@527a8665]" started-at="2026-06-24T21:10:35 EEST" name="tearDown" finished-at="2026-06-24T21:10:35 EEST" duration-ms="156" status="PASS">
          <reporter-output>
          </reporter-output>
        </test-method> <!-- tearDown -->
      </class> <!-- com.iot.selenium.tests.UserProfileTest -->
    </test> <!-- User Profile Tests -->
    <test started-at="2026-06-24T21:10:35 EEST" name="Alerts &amp; Notifications Tests" finished-at="2026-06-24T21:11:27 EEST" duration-ms="51511">
      <class name="com.iot.selenium.tests.AlertsTest">
        <test-method is-config="true" signature="seedAlertsBeforeClass()[pri:0, instance:com.iot.selenium.tests.AlertsTest@65eb3597]" started-at="2026-06-24T21:10:35 EEST" name="seedAlertsBeforeClass" finished-at="2026-06-24T21:10:42 EEST" duration-ms="7200" status="PASS">
          <reporter-output>
          </reporter-output>
        </test-method> <!-- seedAlertsBeforeClass -->
        <test-method is-config="true" signature="setUp()[pri:0, instance:com.iot.selenium.tests.AlertsTest@65eb3597]" started-at="2026-06-24T21:10:42 EEST" name="setUp" finished-at="2026-06-24T21:10:42 EEST" duration-ms="2" status="PASS">
          <reporter-output>
          </reporter-output>
        </test-method> <!-- setUp -->
        <test-method signature="testPanelOpenClose()[pri:1, instance:com.iot.selenium.tests.AlertsTest@65eb3597]" started-at="2026-06-24T21:10:42 EEST" name="testPanelOpenClose" finished-at="2026-06-24T21:10:55 EEST" duration-ms="12238" status="PASS">
          <reporter-output>
          </reporter-output>
        </test-method> <!-- testPanelOpenClose -->
        <test-method is-config="true" signature="tearDown()[pri:0, instance:com.iot.selenium.tests.AlertsTest@65eb3597]" started-at="2026-06-24T21:10:55 EEST" name="tearDown" finished-at="2026-06-24T21:10:55 EEST" duration-ms="1" status="PASS">
          <reporter-output>
          </reporter-output>
        </test-method> <!-- tearDown -->
        <test-method is-config="true" signature="setUp()[pri:0, instance:com.iot.selenium.tests.AlertsTest@65eb3597]" started-at="2026-06-24T21:10:55 EEST" name="setUp" finished-at="2026-06-24T21:10:55 EEST" duration-ms="2" status="PASS">
          <reporter-output>
          </reporter-output>
        </test-method> <!-- setUp -->
        <test-method signature="testEmptyNotifications()[pri:2, instance:com.iot.selenium.tests.AlertsTest@65eb3597]" started-at="2026-06-24T21:10:55 EEST" name="testEmptyNotifications" finished-at="2026-06-24T21:10:55 EEST" depends-on-methods="com.iot.selenium.tests.AlertsTest.testPanelOpenClose" duration-ms="626" status="PASS">
          <reporter-output>
          </reporter-output>
        </test-method> <!-- testEmptyNotifications -->
        <test-method is-config="true" signature="tearDown()[pri:0, instance:com.iot.selenium.tests.AlertsTest@65eb3597]" started-at="2026-06-24T21:10:55 EEST" name="tearDown" finished-at="2026-06-24T21:10:55 EEST" duration-ms="2" status="PASS">
          <reporter-output>
          </reporter-output>
        </test-method> <!-- tearDown -->
[...]
          <exception class="org.testng.SkipException">
            <message>
              <![CDATA[[TC-F6-06] BUG 86c9y6abu: Street Lights nav card is missing data-testid='street-lights-nav-card']]>
            </message>
            <full-stacktrace>
              <![CDATA[org.testng.SkipException: [TC-F6-06] BUG 86c9y6abu: Street Lights nav card is missing data-testid='street-lights-nav-card'
at com.iot.selenium.tests.TrafficDashboardTest.runStreetLightsNavCardCase(TrafficDashboardTest.java:288)
at com.iot.selenium.tests.TrafficDashboardTest.testEntryPoint(TrafficDashboardTest.java:91)
at java.base/jdk.internal.reflect.NativeMethodAccessorImpl.invoke0(Native Method)
at java.base/jdk.internal.reflect.NativeMethodAccessorImpl.invoke(NativeMethodAccessorImpl.java:77)
at java.base/jdk.internal.reflect.DelegatingMethodAccessorImpl.invoke(DelegatingMethodAccessorImpl.java:43)
at java.base/java.lang.reflect.Method.invoke(Method.java:569)
at org.testng.internal.invokers.MethodInvocationHelper.invokeMethod(MethodInvocationHelper.java:141)
at org.testng.internal.invokers.TestInvoker.invokeMethod(TestInvoker.java:687)
at org.testng.internal.invokers.TestInvoker.invokeTestMethod(TestInvoker.java:230)
at org.testng.internal.invokers.MethodRunner.runInSequence(MethodRunner.java:63)
at org.testng.internal.invokers.TestInvoker$MethodInvocationAgent.invoke(TestInvoker.java:995)
at org.testng.internal.invokers.TestInvoker.invokeTestMethods(TestInvoker.java:203)
at org.testng.internal.invokers.TestMethodWorker.invokeTestMethods(TestMethodWorker.java:154)
at org.testng.internal.invokers.TestMethodWorker.run(TestMethodWorker.java:134)
at java.base/java.util.ArrayList.forEach(ArrayList.java:1511)
at org.testng.TestRunner.privateRun(TestRunner.java:741)
at org.testng.TestRunner.run(TestRunner.java:616)
at org.testng.SuiteRunner.runTest(SuiteRunner.java:421)
at org.testng.SuiteRunner.runSequentially(SuiteRunner.java:413)
at org.testng.SuiteRunner.privateRun(SuiteRunner.java:373)
at org.testng.SuiteRunner.run(SuiteRunner.java:312)
at org.testng.SuiteRunnerWorker.runSuite(SuiteRunnerWorker.java:52)
at org.testng.SuiteRunnerWorker.run(SuiteRunnerWorker.java:95)
at org.testng.TestNG.runSuitesSequentially(TestNG.java:1274)
at org.testng.TestNG.runSuitesLocally(TestNG.java:1208)
at org.testng.TestNG.runSuites(TestNG.java:1112)
at org.testng.TestNG.run(TestNG.java:1079)
at org.apache.maven.surefire.testng.TestNGExecutor.run(TestNGExecutor.java:308)
at org.apache.maven.surefire.testng.TestNGXmlTestSuite.execute(TestNGXmlTestSuite.java:71)
at org.apache.maven.surefire.testng.TestNGProvider.invoke(TestNGProvider.java:113)
at org.apache.maven.surefire.booter.ForkedBooter.runSuitesInProcess(ForkedBooter.java:385)
at org.apache.maven.surefire.booter.ForkedBooter.execute(ForkedBooter.java:162)
at org.apache.maven.surefire.booter.ForkedBooter.run(ForkedBooter.java:507)
at org.apache.maven.surefire.booter.ForkedBooter.main(ForkedBooter.java:495)
]]>
            </full-stacktrace>
          </exception> <!-- org.testng.SkipException -->
          <reporter-output>
          </reporter-output>
        </test-method> <!-- testEntryPoint -->
        <test-method is-config="true" signature="tearDown()[pri:0, instance:com.iot.selenium.tests.TrafficDashboardTest@7c950b3b]" started-at="2026-06-24T21:13:30 EEST" name="tearDown" finished-at="2026-06-24T21:13:30 EEST" duration-ms="0" status="PASS">
          <reporter-output>
          </reporter-output>
        </test-method> <!-- tearDown -->
        <test-method is-config="true" signature="setUp()[pri:0, instance:com.iot.selenium.tests.TrafficDashboardTest@7c950b3b]" started-at="2026-06-24T21:13:30 EEST" name="setUp" finished-at="2026-06-24T21:13:30 EEST" duration-ms="0" status="PASS">
          <reporter-output>
          </reporter-output>
        </test-method> <!-- setUp -->
        <test-method signature="testDashboardNavigation()[pri:2, instance:com.iot.selenium.tests.TrafficDashboardTest@7c950b3b]" started-at="2026-06-24T21:13:30 EEST" name="testDashboardNavigation" finished-at="2026-06-24T21:13:38 EEST" duration-ms="8060" status="PASS">
          <reporter-output>
          </reporter-output>
        </test-method> <!-- testDashboardNavigation -->
        <test-method is-config="true" signature="tearDown()[pri:0, instance:com.iot.selenium.tests.TrafficDashboardTest@7c950b3b]" started-at="2026-06-24T21:13:38 EEST" name="tearDown" finished-at="2026-06-24T21:13:38 EEST" duration-ms="1" status="PASS">
          <reporter-output>
          </reporter-output>
        </test-method> <!-- tearDown -->
        <test-method is-config="true" signature="setUp()[pri:0, instance:com.iot.selenium.tests.TrafficDashboardTest@7c950b3b]" started-at="2026-06-24T21:13:38 EEST" name="setUp" finished-at="2026-06-24T21:13:38 EEST" duration-ms="1" status="PASS">
          <reporter-output>
          </reporter-output>
        </test-method> <!-- setUp -->
        <test-method signature="testFilters()[pri:3, instance:com.iot.selenium.tests.TrafficDashboardTest@7c950b3b]" started-at="2026-06-24T21:13:38 EEST" name="testFilters" finished-at="2026-06-24T21:13:46 EEST" duration-ms="8003" status="PASS">
          <reporter-output>
          </reporter-output>
        </test-method> <!-- testFilters -->
        <test-method is-config="true" signature="tearDown()[pri:0, instance:com.iot.selenium.tests.TrafficDashboardTest@7c950b3b]" started-at="2026-06-24T21:13:46 EEST" name="tearDown" finished-at="2026-06-24T21:13:46 EEST" duration-ms="0" status="PASS">
          <reporter-output>
          </reporter-output>
        </test-method> <!-- tearDown -->
        <test-method is-config="true" signature="setUp()[pri:0, instance:com.iot.selenium.tests.TrafficDashboardTest@7c950b3b]" started-at="2026-06-24T21:13:46 EEST" name="setUp" finished-at="2026-06-24T21:13:46 EEST" duration-ms="0" status="PASS">
          <reporter-output>
          </reporter-output>
        </test-method> <!-- setUp -->
        <test-method signature="testSorting()[pri:4, instance:com.iot.selenium.tests.TrafficDashboardTest@7c950b3b]" started-at="2026-06-24T21:13:46 EEST" name="testSorting" finished-at="2026-06-24T21:13:54 EEST" duration-ms="7738" status="PASS">
          <reporter-output>
          </reporter-output>
        </test-method> <!-- testSorting -->
        <test-method is-config="true" signature="tearDown()[pri:0, instance:com.iot.selenium.tests.TrafficDashboardTest@7c950b3b]" started-at="2026-06-24T21:13:54 EEST" name="tearDown" finished-at="2026-06-24T21:13:54 EEST" duration-ms="0" status="PASS">
          <reporter-output>
          </reporter-output>
        </test-method> <!-- tearDown -->
        <test-method is-config="true" signature="setUp()[pri:0, instance:com.iot.selenium.tests.TrafficDashboardTest@7c950b3b]" started-at="2026-06-24T21:13:54 EEST" name="setUp" finished-at="2026-06-24T21:13:54 EEST" duration-ms="1" status="PASS">
          <reporter-output>
          </reporter-output>
        </test-method> <!-- setUp -->
        <test-method signature="testPagination()[pri:5, instance:com.iot.selenium.tests.TrafficDashboardTest@7c950b3b]" started-at="2026-06-24T21:13:54 EEST" name="testPagination" finished-at="2026-06-24T21:13:59 EEST" duration-ms="5452" status="PASS">
          <reporter-output>
          </reporter-output>
        </test-method> <!-- testPagination -->
        <test-method is-config="true" signature="tearDown()[pri:0, instance:com.iot.selenium.tests.TrafficDashboardTest@7c950b3b]" started-at="2026-06-24T21:13:59 EEST" name="tearDown" finished-at="2026-06-24T21:13:59 EEST" duration-ms="0" status="PASS">
          <reporter-output>
          </reporter-output>
        </test-method> <!-- tearDown -->
        <test-method is-config="true" signature="setUp()[pri:0, instance:com.iot.selenium.tests.TrafficDashboardTest@7c950b3b]" started-at="2026-06-24T21:13:59 EEST" name="setUp" finished-at="2026-06-24T21:13:59 EEST" duration-ms="0" status="PASS">
          <reporter-output>
          </reporter-output>
        </test-method> <!-- setUp -->
        <test-method signature="testFilterEdgeCases()[pri:6, instance:com.iot.selenium.tests.TrafficDashboardTest@7c950b3b]" started-at="2026-06-24T21:13:59 EEST" name="testFilterEdgeCases" finished-at="2026-06-24T21:14:03 EEST" duration-ms="3832" status="PASS">
          <reporter-output>
          </reporter-output>
        </test-method> <!-- testFilterEdgeCases -->
        <test-method is-config="true" signature="tearDown()[pri:0, instance:com.iot.selenium.tests.TrafficDashboardTest@7c950b3b]" started-at="2026-06-24T21:14:03 EEST" name="tearDown" finished-at="2026-06-24T21:14:03 EEST" duration-ms="1" status="PASS">
          <reporter-output>
          </reporter-output>
        </test-method> <!-- tearDown -->
        <test-method is-config="true" signature="setUp()[pri:0, instance:com.iot.selenium.tests.TrafficDashboardTest@7c950b3b]" started-at="2026-06-24T21:14:03 EEST" name="setUp" finished-at="2026-06-24T21:14:03 EEST" duration-ms="2" status="PASS">
          <reporter-output>
          </reporter-output>
        </test-method> <!-- setUp -->
        <test-method signature="testAlertBanners()[pri:7, instance:com.iot.selenium.tests.TrafficDashboardTest@7c950b3b]" started-at="2026-06-24T21:14:03 EEST" name="testAlertBanners" finished-at="2026-06-24T21:14:12 EEST" duration-ms="8609" status="PASS">
          <reporter-output>
          </reporter-output>
        </test-method> <!-- testAlertBanners -->
        <test-method is-config="true" signature="tearDown()[pri:0, instance:com.iot.selenium.tests.TrafficDashboardTest@7c950b3b]" started-at="2026-06-24T21:14:12 EEST" name="tearDown" finished-at="2026-06-24T21:14:12 EEST" duration-ms="0" status="PASS">
          <reporter-output>
          </reporter-output>
        </test-method> <!-- tearDown -->
        <test-method is-config="true" signature="setUp()[pri:0, instance:com.iot.selenium.tests.TrafficDashboardTest@7c950b3b]" started-at="2026-06-24T21:14:12 EEST" name="setUp" finished-at="2026-06-24T21:14:12 EEST" duration-ms="1" status="PASS">
          <reporter-output>
          </reporter-output>
        </test-method> <!-- setUp -->
        <test-method signature="testAnalytics()[pri:8, instance:com.iot.selenium.tests.TrafficDashboardTest@7c950b3b]" started-at="2026-06-24T21:14:12 EEST" name="testAnalytics" finished-at="2026-06-24T21:14:13 EEST" duration-ms="1100" status="FAIL">
          <exception class="java.lang.AssertionError">
            <message>
              <![CDATA[[TC-F10-02] Analytics panel should expand again after second header click expected [true] but found [false]]]>
            </message>
            <full-stacktrace>
              <![CDATA[java.lang.AssertionError: [TC-F10-02] Analytics panel should expand again after second header click expected [true] but found [false]
at org.testng.Assert.fail(Assert.java:111)
at org.testng.Assert.failNotEquals(Assert.java:1590)
at org.testng.Assert.assertTrue(Assert.java:57)
at com.iot.selenium.tests.TrafficDashboardTest.runAnalyticsToggleCase(TrafficDashboardTest.java:984)
at com.iot.selenium.tests.TrafficDashboardTest.testAnalytics(TrafficDashboardTest.java:168)
at java.base/jdk.internal.reflect.NativeMethodAccessorImpl.invoke0(Native Method)
at java.base/jdk.internal.reflect.NativeMethodAccessorImpl.invoke(NativeMethodAccessorImpl.java:77)
at java.base/jdk.internal.reflect.DelegatingMethodAccessorImpl.invoke(DelegatingMethodAccessorImpl.java:43)
at java.base/java.lang.reflect.Method.invoke(Method.java:569)
at org.testng.internal.invokers.MethodInvocationHelper.invokeMethod(MethodInvocationHelper.java:141)
at org.testng.internal.invokers.TestInvoker.invokeMethod(TestInvoker.java:687)
at org.testng.internal.invokers.TestInvoker.invokeTestMethod(TestInvoker.java:230)
at org.testng.internal.invokers.MethodRunner.runInSequence(MethodRunner.java:63)
at org.testng.internal.invokers.TestInvoker$MethodInvocationAgent.invoke(TestInvoker.java:995)
at org.testng.internal.invokers.TestInvoker.invokeTestMethods(TestInvoker.java:203)
at org.testng.internal.invokers.TestMethodWorker.invokeTestMethods(TestMethodWorker.java:154)
at org.testng.internal.invokers.TestMethodWorker.run(TestMethodWorker.java:134)
at java.base/java.util.ArrayList.forEach(ArrayList.java:1511)
at org.testng.TestRunner.privateRun(TestRunner.java:741)
at org.testng.TestRunner.run(TestRunner.java:616)
at org.testng.SuiteRunner.runTest(SuiteRunner.java:421)
at org.testng.SuiteRunner.runSequentially(SuiteRunner.java:413)
at org.testng.SuiteRunner.privateRun(SuiteRunner.java:373)
at org.testng.SuiteRunner.run(SuiteRunner.java:312)
at org.testng.SuiteRunnerWorker.runSuite(SuiteRunnerWorker.java:52)
at org.testng.SuiteRunnerWorker.run(SuiteRunnerWorker.java:95)
at org.testng.TestNG.runSuitesSequentially(TestNG.java:1274)
at org.testng.TestNG.runSuitesLocally(TestNG.java:1208)
at org.testng.TestNG.runSuites(TestNG.java:1112)
at org.testng.TestNG.run(TestNG.java:1079)
at org.apache.maven.surefire.testng.TestNGExecutor.run(TestNGExecutor.java:308)
at org.apache.maven.surefire.testng.TestNGXmlTestSuite.execute(TestNGXmlTestSuite.java:71)
at org.apache.maven.surefire.testng.TestNGProvider.invoke(TestNGProvider.java:113)
at org.apache.maven.surefire.booter.ForkedBooter.runSuitesInProcess(ForkedBooter.java:385)
at org.apache.maven.surefire.booter.ForkedBooter.execute(ForkedBooter.java:162)
at org.apache.maven.surefire.booter.ForkedBooter.run(ForkedBooter.java:507)
at org.apache.maven.surefire.booter.ForkedBooter.main(ForkedBooter.java:495)
]]>
            </full-stacktrace>
          </exception> <!-- java.lang.AssertionError -->
          <reporter-output>
          </reporter-output>
        </test-method> <!-- testAnalytics -->
        <test-method is-config="true" signature="tearDown()[pri:0, instance:com.iot.selenium.tests.TrafficDashboardTest@7c950b3b]" started-at="2026-06-24T21:14:13 EEST" name="tearDown" finished-at="2026-06-24T21:14:13 EEST" duration-ms="1" status="PASS">
          <reporter-output>
          </reporter-output>
        </test-method> <!-- tearDown -->
        <test-method is-config="true" signature="tearDownClass()[pri:0, instance:com.iot.selenium.tests.TrafficDashboardTest@7c950b3b]" started-at="2026-06-24T21:14:13 EEST" name="tearDownClass" finished-at="2026-06-24T21:14:13 EEST" duration-ms="239" status="PASS">
          <reporter-output>
          </reporter-output>
        </test-method> <!-- tearDownClass -->
      </class> <!-- com.iot.selenium.tests.TrafficDashboardTest -->
    </test> <!-- Traffic Dashboard Tests -->
    <test started-at="2026-06-24T21:14:13 EEST" name="Logout Tests" finished-at="2026-06-24T21:15:24 EEST" duration-ms="70366">
      <class name="com.iot.selenium.tests.LogoutTest">
        <test-method is-config="true" signature="setUp()[pri:0, instance:com.iot.selenium.tests.LogoutTest@6424e613]" started-at="2026-06-24T21:14:13 EEST" name="setUp" finished-at="2026-06-24T21:14:14 EEST" duration-ms="665" status="PASS">
          <reporter-output>
          </reporter-output>
        </test-method> <!-- setUp -->
        <test-method is-config="true" signature="initWait()[pri:0, instance:com.iot.selenium.tests.LogoutTest@6424e613]" started-at="2026-06-24T21:14:14 EEST" name="initWait" finished-at="2026-06-24T21:14:14 EEST" depends-on-methods="com.iot.selenium.tests.BaseTest.setUp" duration-ms="0" status="PASS">
          <reporter-output>
          </reporter-output>
        </test-method> <!-- initWait -->
        <test-method signature="testSuccessfulLogout([Ljava.lang.Object;)[pri:0, instance:com.iot.selenium.tests.LogoutTest@6424e613]" started-at="2026-06-24T21:14:14 EEST" name="testSuccessfulLogout" data-provider="sheetData" finished-at="2026-06-24T21:15:20 EEST" duration-ms="66024" status="PASS">
          <params>
            <param index="0">
              <value>
                <![CDATA[[Ljava.lang.Object;@242b5dfc]]>
              </value>
            </param>
          </params>
          <reporter-output>
          </reporter-output>
        </test-method> <!-- testSuccessfulLogout -->
        <test-method is-config="true" signature="tearDown()[pri:0, instance:com.iot.selenium.tests.LogoutTest@6424e613]" started-at="2026-06-24T21:15:20 EEST" name="tearDown" finished-at="2026-06-24T21:15:20 EEST" duration-ms="222" status="PASS">
          <reporter-output>
          </reporter-output>
        </test-method> <!-- tearDown -->
        <test-method is-config="true" signature="setUp()[pri:0, instance:com.iot.selenium.tests.LogoutTest@6424e613]" started-at="2026-06-24T21:15:20 EEST" name="setUp" finished-at="2026-06-24T21:15:21 EEST" duration-ms="633" status="PASS">
          <reporter-output>
          </reporter-output>
        </test-method> <!-- setUp -->
        <test-method is-config="true" signature="initWait()[pri:0, instance:com.iot.selenium.tests.LogoutTest@6424e613]" started-at="2026-06-24T21:15:21 EEST" name="initWait" finished-at="2026-06-24T21:15:21 EEST" depends-on-methods="com.iot.selenium.tests.BaseTest.setUp" duration-ms="0" status="PASS">
          <reporter-output>
          </reporter-output>
        </test-method> <!-- initWait -->
        <test-method signature="testSuccessfulLogout([Ljava.lang.Object;)[pri:0, instance:com.iot.selenium.tests.LogoutTest@6424e613]" started-at="2026-06-24T21:15:21 EEST" name="testSuccessfulLogout" data-provider="sheetData" finished-at="2026-06-24T21:15:22 EEST" duration-ms="1092" status="PASS">
          <params>
            <param index="0">
              <value>
                <![CDATA[[Ljava.lang.Object;@2d2a9407]]>
              </value>
            </param>
          </params>
          <reporter-output>
          </reporter-output>
        </test-method> <!-- testSuccessfulLogout -->
        <test-method is-config="true" signature="tearDown()[pri:0, instance:com.iot.selenium.tests.LogoutTest@6424e613]" started-at="2026-06-24T21:15:22 EEST" name="tearDown" finished-at="2026-06-24T21:15:22 EEST" duration-ms="158" status="PASS">
          <reporter-output>
          </reporter-output>
        </test-method> <!-- tearDown -->
        <test-method is-config="true" signature="setUp()[pri:0, instance:com.iot.selenium.tests.LogoutTest@6424e613]" started-at="2026-06-24T21:15:22 EEST" name="setUp" finished-at="2026-06-24T21:15:23 EEST" duration-ms="642" status="PASS">
          <reporter-output>
          </reporter-output>
        </test-method> <!-- setUp -->
        <test-method is-config="true" signature="initWait()[pri:0, instance:com.iot.selenium.tests.LogoutTest@6424e613]" started-at="2026-06-24T21:15:23 EEST" name="initWait" finished-at="2026-06-24T21:15:23 EEST" depends-on-methods="com.iot.selenium.tests.BaseTest.setUp" duration-ms="1" status="PASS">
          <reporter-output>
          </reporter-output>
        </test-method> <!-- initWait -->
        <test-method signature="testAuthGuardAfterLogout()[pri:0, instance:com.iot.selenium.tests.LogoutTest@6424e613]" started-at="2026-06-24T21:15:23 EEST" name="testAuthGuardAfterLogout" finished-at="2026-06-24T21:15:23 EEST" depends-on-methods="com.iot.selenium.tests.LogoutTest.testSuccessfulLogout" duration-ms="713" status="PASS">
          <reporter-output>
          </reporter-output>
        </test-method> <!-- testAuthGuardAfterLogout -->
        <test-method is-config="true" signature="tearDown()[pri:0, instance:com.iot.selenium.tests.LogoutTest@6424e613]" started-at="2026-06-24T21:15:23 EEST" name="tearDown" finished-at="2026-06-24T21:15:24 EEST" duration-ms="146" status="PASS">
          <reporter-output>
          </reporter-output>
        </test-method> <!-- tearDown -->
      </class> <!-- com.iot.selenium.tests.LogoutTest -->
    </test> <!-- Logout Tests -->
  </suite> <!-- IoT Selenium Suite -->
</testng-results>
