<?xml version="1.0" encoding="UTF-8"?>
<testsuite xmlns:xsi="http://www.w3.org/2001/XMLSchema-instance" xsi:noNamespaceSchemaLocation="https://maven.apache.org/surefire/maven-surefire-plugin/xsd/surefire-test-report.xsd" version="3.0.2" name="TestSuite" time="215.046" tests="127" errors="0" skipped="2" failures="0">
  <properties>
[...]
</properties>
  <testcase name="testSignup[[Ljava.lang.Object;@263bbfeb](1)" classname="com.iot.selenium.tests.SignupTest" time="2.418">
    <system-out><![CDATA[2026-05-17T10:54:38.873147Z main ERROR Log4j API could not find a logging provider.
TC-S01 | Selenium Valid Registration — all fields valid
]]></system-out>
    <system-err><![CDATA[SLF4J(W): No SLF4J providers were found.
SLF4J(W): Defaulting to no-operation (NOP) logger implementation
SLF4J(W): See https://www.slf4j.org/codes.html#noProviders for further details.
ERROR POIXMLDocumentPart Skipped invalid entry /xl/sharedStrings.xml
May 17, 2026 1:54:43 PM org.openqa.selenium.devtools.CdpVersionFinder findNearestMatch
WARNING: Unable to find CDP implementation matching 148
May 17, 2026 1:54:43 PM org.openqa.selenium.chromium.ChromiumDriver lambda$new$5
WARNING: Unable to find version of CDP to use for 148.0.7778.168. You may need to include a dependency on a specific version of the CDP using something similar to `org.seleniumhq.selenium:selenium-devtools-v86:4.27.0` where the version ("v86") matches the version of the chromium-based browser you're using and the version number of the artifact is the same as Selenium's.
]]></system-err>
  </testcase>
  <testcase name="testSignup[[Ljava.lang.Object;@3b4d50b](2)" classname="com.iot.selenium.tests.SignupTest" time="1.388">
    <system-out><![CDATA[TC-S02 | Selenium Registration — password at exact minimum (8 chars)
]]></system-out>
    <system-err><![CDATA[May 17, 2026 1:54:47 PM org.openqa.selenium.devtools.CdpVersionFinder findNearestMatch
WARNING: Unable to find CDP implementation matching 148
May 17, 2026 1:54:47 PM org.openqa.selenium.chromium.ChromiumDriver lambda$new$5
WARNING: Unable to find version of CDP to use for 148.0.7778.168. You may need to include a dependency on a specific version of the CDP using something similar to `org.seleniumhq.selenium:selenium-devtools-v86:4.27.0` where the version ("v86") matches the version of the chromium-based browser you're using and the version number of the artifact is the same as Selenium's.
]]></system-err>
  </testcase>
  <testcase name="testSignup[[Ljava.lang.Object;@7b4a0aef](3)" classname="com.iot.selenium.tests.SignupTest" time="0.888">
    <system-out><![CDATA[TC-S03 | Selenium Registration — empty email
]]></system-out>
    <system-err><![CDATA[May 17, 2026 1:54:49 PM org.openqa.selenium.devtools.CdpVersionFinder findNearestMatch
WARNING: Unable to find CDP implementation matching 148
May 17, 2026 1:54:49 PM org.openqa.selenium.chromium.ChromiumDriver lambda$new$5
WARNING: Unable to find version of CDP to use for 148.0.7778.168. You may need to include a dependency on a specific version of the CDP using something similar to `org.seleniumhq.selenium:selenium-devtools-v86:4.27.0` where the version ("v86") matches the version of the chromium-based browser you're using and the version number of the artifact is the same as Selenium's.
]]></system-err>
  </testcase>
  <testcase name="testSignup[[Ljava.lang.Object;@6801b414](4)" classname="com.iot.selenium.tests.SignupTest" time="0.889">
    <system-out><![CDATA[TC-S04 | Selenium Registration — empty firstName
]]></system-out>
    <system-err><![CDATA[May 17, 2026 1:54:51 PM org.openqa.selenium.devtools.CdpVersionFinder findNearestMatch
WARNING: Unable to find CDP implementation matching 148
May 17, 2026 1:54:51 PM org.openqa.selenium.chromium.ChromiumDriver lambda$new$5
WARNING: Unable to find version of CDP to use for 148.0.7778.168. You may need to include a dependency on a specific version of the CDP using something similar to `org.seleniumhq.selenium:selenium-devtools-v86:4.27.0` where the version ("v86") matches the version of the chromium-based browser you're using and the version number of the artifact is the same as Selenium's.
]]></system-err>
  </testcase>
  <testcase name="testSignup[[Ljava.lang.Object;@124dac75](5)" classname="com.iot.selenium.tests.SignupTest" time="0.87">
    <system-out><![CDATA[TC-S05 | Selenium Registration — empty lastName
]]></system-out>
    <system-err><![CDATA[May 17, 2026 1:54:53 PM org.openqa.selenium.devtools.CdpVersionFinder findNearestMatch
WARNING: Unable to find CDP implementation matching 148
May 17, 2026 1:54:53 PM org.openqa.selenium.chromium.ChromiumDriver lambda$new$5
WARNING: Unable to find version of CDP to use for 148.0.7778.168. You may need to include a dependency on a specific version of the CDP using something similar to `org.seleniumhq.selenium:selenium-devtools-v86:4.27.0` where the version ("v86") matches the version of the chromium-based browser you're using and the version number of the artifact is the same as Selenium's.
]]></system-err>
  </testcase>
  <testcase name="testSignup[[Ljava.lang.Object;@2d2b6960](6)" classname="com.iot.selenium.tests.SignupTest" time="0.371">
    <system-out><![CDATA[TC-S06 | Selenium Registration — empty password
]]></system-out>
    <system-err><![CDATA[May 17, 2026 1:54:55 PM org.openqa.selenium.devtools.CdpVersionFinder findNearestMatch
WARNING: Unable to find CDP implementation matching 148
May 17, 2026 1:54:55 PM org.openqa.selenium.chromium.ChromiumDriver lambda$new$5
WARNING: Unable to find version of CDP to use for 148.0.7778.168. You may need to include a dependency on a specific version of the CDP using something similar to `org.seleniumhq.selenium:selenium-devtools-v86:4.27.0` where the version ("v86") matches the version of the chromium-based browser you're using and the version number of the artifact is the same as Selenium's.
]]></system-err>
  </testcase>
  <testcase name="testSignup[[Ljava.lang.Object;@1a950fdd](7)" classname="com.iot.selenium.tests.SignupTest" time="0.798">
    <system-out><![CDATA[TC-S07 | Selenium Registration — all fields empty
]]></system-out>
    <system-err><![CDATA[May 17, 2026 1:54:56 PM org.openqa.selenium.devtools.CdpVersionFinder findNearestMatch
WARNING: Unable to find CDP implementation matching 148
May 17, 2026 1:54:56 PM org.openqa.selenium.chromium.ChromiumDriver lambda$new$5
WARNING: Unable to find version of CDP to use for 148.0.7778.168. You may need to include a dependency on a specific version of the CDP using something similar to `org.seleniumhq.selenium:selenium-devtools-v86:4.27.0` where the version ("v86") matches the version of the chromium-based browser you're using and the version number of the artifact is the same as Selenium's.
]]></system-err>
  </testcase>
  <testcase name="testSignup[[Ljava.lang.Object;@7f2c57fe](8)" classname="com.iot.selenium.tests.SignupTest" time="0.873">
    <system-out><![CDATA[TC-S08 | Selenium Registration — malformed email
]]></system-out>
    <system-err><![CDATA[May 17, 2026 1:54:58 PM org.openqa.selenium.devtools.CdpVersionFinder findNearestMatch
WARNING: Unable to find CDP implementation matching 148
May 17, 2026 1:54:58 PM org.openqa.selenium.chromium.ChromiumDriver lambda$new$5
WARNING: Unable to find version of CDP to use for 148.0.7778.168. You may need to include a dependency on a specific version of the CDP using something similar to `org.seleniumhq.selenium:selenium-devtools-v86:4.27.0` where the version ("v86") matches the version of the chromium-based browser you're using and the version number of the artifact is the same as Selenium's.
]]></system-err>
  </testcase>
  <testcase name="testSignup[[Ljava.lang.Object;@52f8a6f4](9)" classname="com.iot.selenium.tests.SignupTest" time="16.112">
    <system-out><![CDATA[TC-S09 | Selenium Registration — duplicate email
]]></system-out>
    <system-err><![CDATA[May 17, 2026 1:54:59 PM org.openqa.selenium.devtools.CdpVersionFinder findNearestMatch
WARNING: Unable to find CDP implementation matching 148
May 17, 2026 1:54:59 PM org.openqa.selenium.chromium.ChromiumDriver lambda$new$5
WARNING: Unable to find version of CDP to use for 148.0.7778.168. You may need to include a dependency on a specific version of the CDP using something similar to `org.seleniumhq.selenium:selenium-devtools-v86:4.27.0` where the version ("v86") matches the version of the chromium-based browser you're using and the version number of the artifact is the same as Selenium's.
]]></system-err>
  </testcase>
  <testcase name="testSignup[[Ljava.lang.Object;@32a8ca06](10)" classname="com.iot.selenium.tests.SignupTest" time="1.061">
    <system-out><![CDATA[TC-S10 | Selenium Registration — password 7 chars (one below minimum)
]]></system-out>
    <system-err><![CDATA[May 17, 2026 1:55:16 PM org.openqa.selenium.devtools.CdpVersionFinder findNearestMatch
WARNING: Unable to find CDP implementation matching 148
May 17, 2026 1:55:16 PM org.openqa.selenium.chromium.ChromiumDriver lambda$new$5
WARNING: Unable to find version of CDP to use for 148.0.7778.168. You may need to include a dependency on a specific version of the CDP using something similar to `org.seleniumhq.selenium:selenium-devtools-v86:4.27.0` where the version ("v86") matches the version of the chromium-based browser you're using and the version number of the artifact is the same as Selenium's.
]]></system-err>
  </testcase>
  <testcase name="testSignup[[Ljava.lang.Object;@3df77dfa](11)" classname="com.iot.selenium.tests.SignupTest" time="0.858">
    <system-out><![CDATA[TC-S11 | Selenium Registration — password missing special character
]]></system-out>
    <system-err><![CDATA[May 17, 2026 1:55:18 PM org.openqa.selenium.devtools.CdpVersionFinder findNearestMatch
WARNING: Unable to find CDP implementation matching 148
May 17, 2026 1:55:18 PM org.openqa.selenium.chromium.ChromiumDriver lambda$new$5
WARNING: Unable to find version of CDP to use for 148.0.7778.168. You may need to include a dependency on a specific version of the CDP using something similar to `org.seleniumhq.selenium:selenium-devtools-v86:4.27.0` where the version ("v86") matches the version of the chromium-based browser you're using and the version number of the artifact is the same as Selenium's.
]]></system-err>
  </testcase>
  <testcase name="testSignup[[Ljava.lang.Object;@c6a692e](12)" classname="com.iot.selenium.tests.SignupTest" time="0.868">
    <system-out><![CDATA[TC-S12 | Selenium Registration — confirm password does not match password
]]></system-out>
    <system-err><![CDATA[May 17, 2026 1:55:20 PM org.openqa.selenium.devtools.CdpVersionFinder findNearestMatch
WARNING: Unable to find CDP implementation matching 148
May 17, 2026 1:55:20 PM org.openqa.selenium.chromium.ChromiumDriver lambda$new$5
WARNING: Unable to find version of CDP to use for 148.0.7778.168. You may need to include a dependency on a specific version of the CDP using something similar to `org.seleniumhq.selenium:selenium-devtools-v86:4.27.0` where the version ("v86") matches the version of the chromium-based browser you're using and the version number of the artifact is the same as Selenium's.
]]></system-err>
  </testcase>
  <testcase name="testSignup[[Ljava.lang.Object;@37986daf](13)" classname="com.iot.selenium.tests.SignupTest" time="1.384">
    <system-out><![CDATA[TC-S13 | Selenium Registration — password at exact maximum (64 chars)
]]></system-out>
    <system-err><![CDATA[May 17, 2026 1:55:22 PM org.openqa.selenium.devtools.CdpVersionFinder findNearestMatch
WARNING: Unable to find CDP implementation matching 148
May 17, 2026 1:55:22 PM org.openqa.selenium.chromium.ChromiumDriver lambda$new$5
WARNING: Unable to find version of CDP to use for 148.0.7778.168. You may need to include a dependency on a specific version of the CDP using something similar to `org.seleniumhq.selenium:selenium-devtools-v86:4.27.0` where the version ("v86") matches the version of the chromium-based browser you're using and the version number of the artifact is the same as Selenium's.
]]></system-err>
  </testcase>
  <testcase name="testSignup[[Ljava.lang.Object;@3221588e](14)" classname="com.iot.selenium.tests.SignupTest" time="0.884">
    <system-out><![CDATA[TC-S14 | Selenium Registration — password 65 chars (one above maximum)
]]></system-out>
    <system-err><![CDATA[May 17, 2026 1:55:24 PM org.openqa.selenium.devtools.CdpVersionFinder findNearestMatch
WARNING: Unable to find CDP implementation matching 148
May 17, 2026 1:55:24 PM org.openqa.selenium.chromium.ChromiumDriver lambda$new$5
WARNING: Unable to find version of CDP to use for 148.0.7778.168. You may need to include a dependency on a specific version of the CDP using something similar to `org.seleniumhq.selenium:selenium-devtools-v86:4.27.0` where the version ("v86") matches the version of the chromium-based browser you're using and the version number of the artifact is the same as Selenium's.
]]></system-err>
  </testcase>
  <testcase name="testSignin[[Ljava.lang.Object;@56f72909](1)" classname="com.iot.selenium.tests.SigninTest" time="1.236">
    <system-out><![CDATA[TC-L01 | Selenium Valid Login — correct credentials
]]></system-out>
    <system-err><![CDATA[ERROR POIXMLDocumentPart Skipped invalid entry /xl/sharedStrings.xml
May 17, 2026 1:55:26 PM org.openqa.selenium.devtools.CdpVersionFinder findNearestMatch
WARNING: Unable to find CDP implementation matching 148
May 17, 2026 1:55:26 PM org.openqa.selenium.chromium.ChromiumDriver lambda$new$5
WARNING: Unable to find version of CDP to use for 148.0.7778.168. You may need to include a dependency on a specific version of the CDP using something similar to `org.seleniumhq.selenium:selenium-devtools-v86:4.27.0` where the version ("v86") matches the version of the chromium-based browser you're using and the version number of the artifact is the same as Selenium's.
]]></system-err>
  </testcase>
  <testcase name="testSignin[[Ljava.lang.Object;@7747cc1b](2)" classname="com.iot.selenium.tests.SigninTest" time="1.237">
    <system-out><![CDATA[TC-L02 | Selenium Login — password at exact minimum length (8 chars)
]]></system-out>
    <system-err><![CDATA[May 17, 2026 1:55:28 PM org.openqa.selenium.devtools.CdpVersionFinder findNearestMatch
WARNING: Unable to find CDP implementation matching 148
May 17, 2026 1:55:28 PM org.openqa.selenium.chromium.ChromiumDriver lambda$new$5
WARNING: Unable to find version of CDP to use for 148.0.7778.168. You may need to include a dependency on a specific version of the CDP using something similar to `org.seleniumhq.selenium:selenium-devtools-v86:4.27.0` where the version ("v86") matches the version of the chromium-based browser you're using and the version number of the artifact is the same as Selenium's.
]]></system-err>
  </testcase>
  <testcase name="testSignin[[Ljava.lang.Object;@3aab42d6](3)" classname="com.iot.selenium.tests.SigninTest" time="16.013">
    <system-out><![CDATA[TC-L03 | Selenium Login — wrong password
]]></system-out>
    <system-err><![CDATA[May 17, 2026 1:55:30 PM org.openqa.selenium.devtools.CdpVersionFinder findNearestMatch
WARNING: Unable to find CDP implementation matching 148
May 17, 2026 1:55:30 PM org.openqa.selenium.chromium.ChromiumDriver lambda$new$5
WARNING: Unable to find version of CDP to use for 148.0.7778.168. You may need to include a dependency on a specific version of the CDP using something similar to `org.seleniumhq.selenium:selenium-devtools-v86:4.27.0` where the version ("v86") matches the version of the chromium-based browser you're using and the version number of the artifact is the same as Selenium's.
]]></system-err>
  </testcase>
  <testcase name="testSignin[[Ljava.lang.Object;@234ce7ff](4)" classname="com.iot.selenium.tests.SigninTest" time="0.754">
    <system-out><![CDATA[TC-L04 | Selenium Login — empty email field
]]></system-out>
    <system-err><![CDATA[May 17, 2026 1:55:47 PM org.openqa.selenium.devtools.CdpVersionFinder findNearestMatch
WARNING: Unable to find CDP implementation matching 148
May 17, 2026 1:55:47 PM org.openqa.selenium.chromium.ChromiumDriver lambda$new$5
WARNING: Unable to find version of CDP to use for 148.0.7778.168. You may need to include a dependency on a specific version of the CDP using something similar to `org.seleniumhq.selenium:selenium-devtools-v86:4.27.0` where the version ("v86") matches the version of the chromium-based browser you're using and the version number of the artifact is the same as Selenium's.
]]></system-err>
  </testcase>
  <testcase name="testSignin[[Ljava.lang.Object;@27a6384b](5)" classname="com.iot.selenium.tests.SigninTest" time="1.248">
    <system-out><![CDATA[TC-L05 | Selenium Login — empty password field
]]></system-out>
    <system-err><![CDATA[May 17, 2026 1:55:49 PM org.openqa.selenium.devtools.CdpVersionFinder findNearestMatch
WARNING: Unable to find CDP implementation matching 148
May 17, 2026 1:55:49 PM org.openqa.selenium.chromium.ChromiumDriver lambda$new$5
WARNING: Unable to find version of CDP to use for 148.0.7778.168. You may need to include a dependency on a specific version of the CDP using something similar to `org.seleniumhq.selenium:selenium-devtools-v86:4.27.0` where the version ("v86") matches the version of the chromium-based browser you're using and the version number of the artifact is the same as Selenium's.
]]></system-err>
  </testcase>
  <testcase name="testSignin[[Ljava.lang.Object;@11ca8f71](6)" classname="com.iot.selenium.tests.SigninTest" time="0.691">
    <system-out><![CDATA[TC-L06 | Selenium Login — both fields empty
]]></system-out>
    <system-err><![CDATA[May 17, 2026 1:55:51 PM org.openqa.selenium.devtools.CdpVersionFinder findNearestMatch
WARNING: Unable to find CDP implementation matching 148
May 17, 2026 1:55:51 PM org.openqa.selenium.chromium.ChromiumDriver lambda$new$5
WARNING: Unable to find version of CDP to use for 148.0.7778.168. You may need to include a dependency on a specific version of the CDP using something similar to `org.seleniumhq.selenium:selenium-devtools-v86:4.27.0` where the version ("v86") matches the version of the chromium-based browser you're using and the version number of the artifact is the same as Selenium's.
]]></system-err>
  </testcase>
  <testcase name="testSignin[[Ljava.lang.Object;@2e2cd42c](7)" classname="com.iot.selenium.tests.SigninTest" time="0.737">
    <system-out><![CDATA[TC-L07 | Selenium Login — malformed email (missing @)
]]></system-out>
    <system-err><![CDATA[May 17, 2026 1:55:52 PM org.openqa.selenium.devtools.CdpVersionFinder findNearestMatch
WARNING: Unable to find CDP implementation matching 148
May 17, 2026 1:55:52 PM org.openqa.selenium.chromium.ChromiumDriver lambda$new$5
WARNING: Unable to find version of CDP to use for 148.0.7778.168. You may need to include a dependency on a specific version of the CDP using something similar to `org.seleniumhq.selenium:selenium-devtools-v86:4.27.0` where the version ("v86") matches the version of the chromium-based browser you're using and the version number of the artifact is the same as Selenium's.
]]></system-err>
  </testcase>
  <testcase name="testSignin[[Ljava.lang.Object;@48188d23](8)" classname="com.iot.selenium.tests.SigninTest" time="0.724">
    <system-out><![CDATA[TC-L08 | Selenium Login — whitespace-only email
]]></system-out>
    <system-err><![CDATA[May 17, 2026 1:55:54 PM org.openqa.selenium.devtools.CdpVersionFinder findNearestMatch
WARNING: Unable to find CDP implementation matching 148
May 17, 2026 1:55:54 PM org.openqa.selenium.chromium.ChromiumDriver lambda$new$5
WARNING: Unable to find version of CDP to use for 148.0.7778.168. You may need to include a dependency on a specific version of the CDP using something similar to `org.seleniumhq.selenium:selenium-devtools-v86:4.27.0` where the version ("v86") matches the version of the chromium-based browser you're using and the version number of the artifact is the same as Selenium's.
]]></system-err>
  </testcase>
  <testcase name="testSignin[[Ljava.lang.Object;@10d97b64](9)" classname="com.iot.selenium.tests.SigninTest" time="15.963">
    <system-out><![CDATA[TC-L09 | Selenium Login — password 7 (1 char below minimum)
]]></system-out>
    <system-err><![CDATA[May 17, 2026 1:55:56 PM org.openqa.selenium.devtools.CdpVersionFinder findNearestMatch
WARNING: Unable to find CDP implementation matching 148
May 17, 2026 1:55:56 PM org.openqa.selenium.chromium.ChromiumDriver lambda$new$5
WARNING: Unable to find version of CDP to use for 148.0.7778.168. You may need to include a dependency on a specific version of the CDP using something similar to `org.seleniumhq.selenium:selenium-devtools-v86:4.27.0` where the version ("v86") matches the version of the chromium-based browser you're using and the version number of the artifact is the same as Selenium's.
]]></system-err>
  </testcase>
  <testcase name="testSignin[[Ljava.lang.Object;@5b8599c7](10)" classname="com.iot.selenium.tests.SigninTest" time="16.084">
    <system-out><![CDATA[TC-L10 | Selenium Login — unregistered email
]]></system-out>
    <system-err><![CDATA[May 17, 2026 1:56:12 PM org.openqa.selenium.devtools.CdpVersionFinder findNearestMatch
WARNING: Unable to find CDP implementation matching 148
May 17, 2026 1:56:12 PM org.openqa.selenium.chromium.ChromiumDriver lambda$new$5
WARNING: Unable to find version of CDP to use for 148.0.7778.168. You may need to include a dependency on a specific version of the CDP using something similar to `org.seleniumhq.selenium:selenium-devtools-v86:4.27.0` where the version ("v86") matches the version of the chromium-based browser you're using and the version number of the artifact is the same as Selenium's.
]]></system-err>
  </testcase>
  <testcase name="testSignin[[Ljava.lang.Object;@344769b9](11)" classname="com.iot.selenium.tests.SigninTest" time="1.763">
    <system-out><![CDATA[TC-L11 | Selenium Login —password at exact maximum
]]></system-out>
    <system-err><![CDATA[May 17, 2026 1:56:30 PM org.openqa.selenium.devtools.CdpVersionFinder findNearestMatch
WARNING: Unable to find CDP implementation matching 148
May 17, 2026 1:56:30 PM org.openqa.selenium.chromium.ChromiumDriver lambda$new$5
WARNING: Unable to find version of CDP to use for 148.0.7778.168. You may need to include a dependency on a specific version of the CDP using something similar to `org.seleniumhq.selenium:selenium-devtools-v86:4.27.0` where the version ("v86") matches the version of the chromium-based browser you're using and the version number of the artifact is the same as Selenium's.
]]></system-err>
  </testcase>
  <testcase name="testSignin[[Ljava.lang.Object;@981d9d2](12)" classname="com.iot.selenium.tests.SigninTest" time="0.745">
    <system-out><![CDATA[TC-L12 | Selenium Login — password 65 chars (one above maximum)
]]></system-out>
    <system-err><![CDATA[May 17, 2026 1:56:32 PM org.openqa.selenium.devtools.CdpVersionFinder findNearestMatch
WARNING: Unable to find CDP implementation matching 148
May 17, 2026 1:56:32 PM org.openqa.selenium.chromium.ChromiumDriver lambda$new$5
WARNING: Unable to find version of CDP to use for 148.0.7778.168. You may need to include a dependency on a specific version of the CDP using something similar to `org.seleniumhq.selenium:selenium-devtools-v86:4.27.0` where the version ("v86") matches the version of the chromium-based browser you're using and the version number of the artifact is the same as Selenium's.
]]></system-err>
  </testcase>
  <testcase name="testUserProfile[[Ljava.lang.Object;@48dc9950](1)" classname="com.iot.selenium.tests.UserProfileTest" time="1.296">
    <system-out><![CDATA[TC-P01 | Selenium Profile — displays correct user name after login
]]></system-out>
    <system-err><![CDATA[ERROR POIXMLDocumentPart Skipped invalid entry /xl/sharedStrings.xml
May 17, 2026 1:56:34 PM org.openqa.selenium.devtools.CdpVersionFinder findNearestMatch
WARNING: Unable to find CDP implementation matching 148
May 17, 2026 1:56:34 PM org.openqa.selenium.chromium.ChromiumDriver lambda$new$5
WARNING: Unable to find version of CDP to use for 148.0.7778.168. You may need to include a dependency on a specific version of the CDP using something similar to `org.seleniumhq.selenium:selenium-devtools-v86:4.27.0` where the version ("v86") matches the version of the chromium-based browser you're using and the version number of the artifact is the same as Selenium's.
]]></system-err>
  </testcase>
  <testcase name="testUserProfile[[Ljava.lang.Object;@25af1dbf](2)" classname="com.iot.selenium.tests.UserProfileTest" time="1.311">
    <system-out><![CDATA[TC-P02 | Selenium Profile — displays correct email after login
]]></system-out>
    <system-err><![CDATA[May 17, 2026 1:56:36 PM org.openqa.selenium.devtools.CdpVersionFinder findNearestMatch
WARNING: Unable to find CDP implementation matching 148
May 17, 2026 1:56:36 PM org.openqa.selenium.chromium.ChromiumDriver lambda$new$5
WARNING: Unable to find version of CDP to use for 148.0.7778.168. You may need to include a dependency on a specific version of the CDP using something similar to `org.seleniumhq.selenium:selenium-devtools-v86:4.27.0` where the version ("v86") matches the version of the chromium-based browser you're using and the version number of the artifact is the same as Selenium's.
]]></system-err>
  </testcase>
  <testcase name="testUserProfile[[Ljava.lang.Object;@2d5b549b](3)" classname="com.iot.selenium.tests.UserProfileTest" time="1.329">
    <system-out><![CDATA[TC-P03 | Selenium Profile — back button returns to dashboard
]]></system-out>
    <system-err><![CDATA[May 17, 2026 1:56:38 PM org.openqa.selenium.devtools.CdpVersionFinder findNearestMatch
WARNING: Unable to find CDP implementation matching 148
May 17, 2026 1:56:38 PM org.openqa.selenium.chromium.ChromiumDriver lambda$new$5
WARNING: Unable to find version of CDP to use for 148.0.7778.168. You may need to include a dependency on a specific version of the CDP using something similar to `org.seleniumhq.selenium:selenium-devtools-v86:4.27.0` where the version ("v86") matches the version of the chromium-based browser you're using and the version number of the artifact is the same as Selenium's.
]]></system-err>
  </testcase>
  <testcase name="testUserProfile[[Ljava.lang.Object;@120661d2](4)" classname="com.iot.selenium.tests.UserProfileTest" time="1.806">
    <system-out><![CDATA[TC-P04 | Selenium Profile — avatar click on dashboard navigates to profile
]]></system-out>
    <system-err><![CDATA[May 17, 2026 1:56:41 PM org.openqa.selenium.devtools.CdpVersionFinder findNearestMatch
WARNING: Unable to find CDP implementation matching 148
May 17, 2026 1:56:41 PM org.openqa.selenium.chromium.ChromiumDriver lambda$new$5
WARNING: Unable to find version of CDP to use for 148.0.7778.168. You may need to include a dependency on a specific version of the CDP using something similar to `org.seleniumhq.selenium:selenium-devtools-v86:4.27.0` where the version ("v86") matches the version of the chromium-based browser you're using and the version number of the artifact is the same as Selenium's.
]]></system-err>
  </testcase>
  <testcase name="testUserProfile[[Ljava.lang.Object;@322399e6](5)" classname="com.iot.selenium.tests.UserProfileTest" time="0.561">
    <system-out><![CDATA[TC-P05 | Selenium Profile — unauthenticated direct navigation redirects to login
]]></system-out>
    <system-err><![CDATA[May 17, 2026 1:56:43 PM org.openqa.selenium.devtools.CdpVersionFinder findNearestMatch
WARNING: Unable to find CDP implementation matching 148
May 17, 2026 1:56:43 PM org.openqa.selenium.chromium.ChromiumDriver lambda$new$5
WARNING: Unable to find version of CDP to use for 148.0.7778.168. You may need to include a dependency on a specific version of the CDP using something similar to `org.seleniumhq.selenium:selenium-devtools-v86:4.27.0` where the version ("v86") matches the version of the chromium-based browser you're using and the version number of the artifact is the same as Selenium's.
]]></system-err>
  </testcase>
  <testcase name="testSuccessfulLogout[[Ljava.lang.Object;@50ac63b2](1)" classname="com.iot.selenium.tests.LogoutTest" time="1.824">
    <system-out><![CDATA[TC-LO06
]]></system-out>
    <system-err><![CDATA[ERROR POIXMLDocumentPart Skipped invalid entry /xl/sharedStrings.xml
May 17, 2026 1:56:45 PM org.openqa.selenium.devtools.CdpVersionFinder findNearestMatch
WARNING: Unable to find CDP implementation matching 148
May 17, 2026 1:56:45 PM org.openqa.selenium.chromium.ChromiumDriver lambda$new$5
WARNING: Unable to find version of CDP to use for 148.0.7778.168. You may need to include a dependency on a specific version of the CDP using something similar to `org.seleniumhq.selenium:selenium-devtools-v86:4.27.0` where the version ("v86") matches the version of the chromium-based browser you're using and the version number of the artifact is the same as Selenium's.
]]></system-err>
  </testcase>
  <testcase name="testSuccessfulLogout[[Ljava.lang.Object;@497cf31a](2)" classname="com.iot.selenium.tests.LogoutTest" time="1.805">
    <system-out><![CDATA[TC-LO07
]]></system-out>
    <system-err><![CDATA[May 17, 2026 1:56:47 PM org.openqa.selenium.devtools.CdpVersionFinder findNearestMatch
WARNING: Unable to find CDP implementation matching 148
May 17, 2026 1:56:47 PM org.openqa.selenium.chromium.ChromiumDriver lambda$new$5
WARNING: Unable to find version of CDP to use for 148.0.7778.168. You may need to include a dependency on a specific version of the CDP using something similar to `org.seleniumhq.selenium:selenium-devtools-v86:4.27.0` where the version ("v86") matches the version of the chromium-based browser you're using and the version number of the artifact is the same as Selenium's.
]]></system-err>
  </testcase>
  <testcase name="testAuthGuardAfterLogout" classname="com.iot.selenium.tests.LogoutTest" time="0.604">
    <system-out><![CDATA[TC-LO07
]]></system-out>
    <system-err><![CDATA[May 17, 2026 1:56:50 PM org.openqa.selenium.devtools.CdpVersionFinder findNearestMatch
WARNING: Unable to find CDP implementation matching 148
May 17, 2026 1:56:50 PM org.openqa.selenium.chromium.ChromiumDriver lambda$new$5
WARNING: Unable to find version of CDP to use for 148.0.7778.168. You may need to include a dependency on a specific version of the CDP using something similar to `org.seleniumhq.selenium:selenium-devtools-v86:4.27.0` where the version ("v86") matches the version of the chromium-based browser you're using and the version number of the artifact is the same as Selenium's.
ERROR POIXMLDocumentPart Skipped invalid entry /xl/sharedStrings.xml
]]></system-err>
  </testcase>
  <testcase name="testBoundaryValidation[[Ljava.lang.Object;@7725470b](1)" classname="com.iot.selenium.tests.SettingsTest" time="2.156">
    <system-err><![CDATA[ERROR POIXMLDocumentPart Skipped invalid entry /xl/sharedStrings.xml
May 17, 2026 1:56:52 PM org.openqa.selenium.devtools.CdpVersionFinder findNearestMatch
WARNING: Unable to find CDP implementation matching 148
May 17, 2026 1:56:52 PM org.openqa.selenium.chromium.ChromiumDriver lambda$new$5
WARNING: Unable to find version of CDP to use for 148.0.7778.168. You may need to include a dependency on a specific version of the CDP using something similar to `org.seleniumhq.selenium:selenium-devtools-v86:4.27.0` where the version ("v86") matches the version of the chromium-based browser you're using and the version number of the artifact is the same as Selenium's.
]]></system-err>
  </testcase>
  <testcase name="testBoundaryValidation[[Ljava.lang.Object;@39240aa3](2)" classname="com.iot.selenium.tests.SettingsTest" time="0.676"/>
  <testcase name="testBoundaryValidation[[Ljava.lang.Object;@62284954](3)" classname="com.iot.selenium.tests.SettingsTest" time="0.672"/>
  <testcase name="testBoundaryValidation[[Ljava.lang.Object;@4781bb01](4)" classname="com.iot.selenium.tests.SettingsTest" time="0.658"/>
  <testcase name="testBoundaryValidation[[Ljava.lang.Object;@1d0fae45](5)" classname="com.iot.selenium.tests.SettingsTest" time="1.159"/>
  <testcase name="testBoundaryValidation[[Ljava.lang.Object;@18be7f57](6)" classname="com.iot.selenium.tests.SettingsTest" time="0.205"/>
  <testcase name="testBoundaryValidation[[Ljava.lang.Object;@43076326](7)" classname="com.iot.selenium.tests.SettingsTest" time="0.215"/>
  <testcase name="testBoundaryValidation[[Ljava.lang.Object;@45da40ad](8)" classname="com.iot.selenium.tests.SettingsTest" time="0.652"/>
  <testcase name="testBoundaryValidation[[Ljava.lang.Object;@538c90bf](9)" classname="com.iot.selenium.tests.SettingsTest" time="1.155"/>
  <testcase name="testBoundaryValidation[[Ljava.lang.Object;@70721c2d](10)" classname="com.iot.selenium.tests.SettingsTest" time="0.174"/>
  <testcase name="testBoundaryValidation[[Ljava.lang.Object;@99e03a9](11)" classname="com.iot.selenium.tests.SettingsTest" time="0.204"/>
  <testcase name="testBoundaryValidation[[Ljava.lang.Object;@3fcc58f8](12)" classname="com.iot.selenium.tests.SettingsTest" time="0.643"/>
  <testcase name="testBoundaryValidation[[Ljava.lang.Object;@7d91e9c9](13)" classname="com.iot.selenium.tests.SettingsTest" time="0.649"/>
  <testcase name="testBoundaryValidation[[Ljava.lang.Object;@54cb2cee](14)" classname="com.iot.selenium.tests.SettingsTest" time="0.206"/>
  <testcase name="testBoundaryValidation[[Ljava.lang.Object;@6f2d0d25](15)" classname="com.iot.selenium.tests.SettingsTest" time="0.259"/>
  <testcase name="testBoundaryValidation[[Ljava.lang.Object;@12300573](16)" classname="com.iot.selenium.tests.SettingsTest" time="0.68"/>
  <testcase name="testBoundaryValidation[[Ljava.lang.Object;@64b6d6dd](17)" classname="com.iot.selenium.tests.SettingsTest" time="0.641"/>
  <testcase name="testBoundaryValidation[[Ljava.lang.Object;@38300447](18)" classname="com.iot.selenium.tests.SettingsTest" time="0.234"/>
  <testcase name="testBoundaryValidation[[Ljava.lang.Object;@427faf19](19)" classname="com.iot.selenium.tests.SettingsTest" time="0.206"/>
  <testcase name="testBoundaryValidation[[Ljava.lang.Object;@1ff359b7](20)" classname="com.iot.selenium.tests.SettingsTest" time="0.683"/>
  <testcase name="testBoundaryValidation[[Ljava.lang.Object;@286e2b71](21)" classname="com.iot.selenium.tests.SettingsTest" time="0.657"/>
  <testcase name="testBoundaryValidation[[Ljava.lang.Object;@2d95c3ef](22)" classname="com.iot.selenium.tests.SettingsTest" time="0.4"/>
  <testcase name="testBoundaryValidation[[Ljava.lang.Object;@4d2d0eda](23)" classname="com.iot.selenium.tests.SettingsTest" time="0.217"/>
  <testcase name="testBoundaryValidation[[Ljava.lang.Object;@6ab36cee](24)" classname="com.iot.selenium.tests.SettingsTest" time="0.644"/>
  <testcase name="testBoundaryValidation[[Ljava.lang.Object;@7a56c3c7](25)" classname="com.iot.selenium.tests.SettingsTest" time="0.66"/>
  <testcase name="testBoundaryValidation[[Ljava.lang.Object;@32c503d3](26)" classname="com.iot.selenium.tests.SettingsTest" time="0.184"/>
  <testcase name="testBoundaryValidation[[Ljava.lang.Object;@5623354e](27)" classname="com.iot.selenium.tests.SettingsTest" time="0.205"/>
  <testcase name="testContradiction[[Ljava.lang.Object;@758f755a](1)" classname="com.iot.selenium.tests.SettingsTest" time="0.81">
    <system-err><![CDATA[ERROR POIXMLDocumentPart Skipped invalid entry /xl/sharedStrings.xml
]]></system-err>
  </testcase>
  <testcase name="testContradiction[[Ljava.lang.Object;@5977f3d6](2)" classname="com.iot.selenium.tests.SettingsTest" time="0.332"/>
  <testcase name="testContradiction[[Ljava.lang.Object;@e75a138](3)" classname="com.iot.selenium.tests.SettingsTest" time="0.337"/>
  <testcase name="testContradiction[[Ljava.lang.Object;@55db4eea](4)" classname="com.iot.selenium.tests.SettingsTest" time="0.78"/>
  <testcase name="testContradiction[[Ljava.lang.Object;@5b2728db](5)" classname="com.iot.selenium.tests.SettingsTest" time="0.348"/>
  <testcase name="testContradiction[[Ljava.lang.Object;@3810d15d](6)" classname="com.iot.selenium.tests.SettingsTest" time="0.359"/>
  <testcase name="testContradiction[[Ljava.lang.Object;@5ceb9fae](7)" classname="com.iot.selenium.tests.SettingsTest" time="1.269"/>
  <testcase name="testContradiction[[Ljava.lang.Object;@6ac3ceda](8)" classname="com.iot.selenium.tests.SettingsTest" time="0.32"/>
  <testcase name="testInitialState[[Ljava.lang.Object;@24d815da](1)" classname="com.iot.selenium.tests.SettingsTest" time="0.181">
    <system-err><![CDATA[ERROR POIXMLDocumentPart Skipped invalid entry /xl/sharedStrings.xml
]]></system-err>
  </testcase>
  <testcase name="testInitialState[[Ljava.lang.Object;@6232025](2)" classname="com.iot.selenium.tests.SettingsTest" time="0.123"/>
  <testcase name="testInitialState[[Ljava.lang.Object;@2ae7ee25](3)" classname="com.iot.selenium.tests.SettingsTest" time="0.059"/>
  <testcase name="testInitialState[[Ljava.lang.Object;@5ace491](4)" classname="com.iot.selenium.tests.SettingsTest" time="0.069"/>
  <testcase name="testInitialState[[Ljava.lang.Object;@bf0e435](5)" classname="com.iot.selenium.tests.SettingsTest" time="0.06"/>
  <testcase name="testInitialState[[Ljava.lang.Object;@74948d11](6)" classname="com.iot.selenium.tests.SettingsTest" time="0.055"/>
  <testcase name="testInitialState[[Ljava.lang.Object;@2e1bbf2a](7)" classname="com.iot.selenium.tests.SettingsTest" time="0.068"/>
  <testcase name="testInitialState[[Ljava.lang.Object;@14344b44](8)" classname="com.iot.selenium.tests.SettingsTest" time="0.061"/>
  <testcase name="testInitialState[[Ljava.lang.Object;@3a8a823c](9)" classname="com.iot.selenium.tests.SettingsTest" time="0.07"/>
  <testcase name="testMultiUserIsolation[[Ljava.lang.Object;@38ec1c34](1)" classname="com.iot.selenium.tests.SettingsTest" time="1.578">
    <system-err><![CDATA[ERROR POIXMLDocumentPart Skipped invalid entry /xl/sharedStrings.xml
]]></system-err>
  </testcase>
  <testcase name="testNavigation[[Ljava.lang.Object;@7c0fd22d](1)" classname="com.iot.selenium.tests.SettingsTest" time="0.078">
    <system-err><![CDATA[ERROR POIXMLDocumentPart Skipped invalid entry /xl/sharedStrings.xml
]]></system-err>
  </testcase>
  <testcase name="testNavigation[[Ljava.lang.Object;@a674645](2)" classname="com.iot.selenium.tests.SettingsTest" time="0.059"/>
  <testcase name="testNavigation[[Ljava.lang.Object;@cc6baae](3)" classname="com.iot.selenium.tests.SettingsTest" time="0.072"/>
  <testcase name="testNavigation[[Ljava.lang.Object;@29866f6d](4)" classname="com.iot.selenium.tests.SettingsTest" time="1.256"/>
  <testcase name="testNavigation[[Ljava.lang.Object;@2269b05b](5)" classname="com.iot.selenium.tests.SettingsTest" time="0.599"/>
  <testcase name="testNavigation[[Ljava.lang.Object;@30e6c577](6)" classname="com.iot.selenium.tests.SettingsTest" time="0.13"/>
  <testcase name="testNavigation[[Ljava.lang.Object;@ce2077](7)" classname="com.iot.selenium.tests.SettingsTest" time="0.174"/>
  <testcase name="testNavigation[[Ljava.lang.Object;@622a4589](8)" classname="com.iot.selenium.tests.SettingsTest" time="0.135"/>
  <testcase name="testNewUserEmptyState[[Ljava.lang.Object;@71498a88](1)" classname="com.iot.selenium.tests.SettingsTest" time="0.86">
    <system-err><![CDATA[ERROR POIXMLDocumentPart Skipped invalid entry /xl/sharedStrings.xml
]]></system-err>
  </testcase>
  <testcase name="testPersistence[[Ljava.lang.Object;@2d25a125](1)" classname="com.iot.selenium.tests.SettingsTest" time="4.438">
    <system-err><![CDATA[ERROR POIXMLDocumentPart Skipped invalid entry /xl/sharedStrings.xml
]]></system-err>
  </testcase>
  <testcase name="testPersistence[[Ljava.lang.Object;@1bdbf918](2)" classname="com.iot.selenium.tests.SettingsTest" time="1.879"/>
  <testcase name="testPersistence[[Ljava.lang.Object;@1e7e67d3](3)" classname="com.iot.selenium.tests.SettingsTest" time="0.805"/>
  <testcase name="testSaveFlow[[Ljava.lang.Object;@53ba7b9c](1)" classname="com.iot.selenium.tests.SettingsTest" time="0.67">
    <system-err><![CDATA[ERROR POIXMLDocumentPart Skipped invalid entry /xl/sharedStrings.xml
]]></system-err>
  </testcase>
  <testcase name="testSaveFlow[[Ljava.lang.Object;@7f95dc2](2)" classname="com.iot.selenium.tests.SettingsTest" time="4.642"/>
  <testcase name="testToggleAddRemove[[Ljava.lang.Object;@74967bf2](1)" classname="com.iot.selenium.tests.SettingsTest" time="0.141">
    <system-err><![CDATA[ERROR POIXMLDocumentPart Skipped invalid entry /xl/sharedStrings.xml
]]></system-err>
  </testcase>
  <testcase name="testToggleAddRemove[[Ljava.lang.Object;@63ccc72c](2)" classname="com.iot.selenium.tests.SettingsTest" time="0.174"/>
  <testcase name="testToggleAddRemove[[Ljava.lang.Object;@1172a648](3)" classname="com.iot.selenium.tests.SettingsTest" time="0.742"/>
  <testcase name="testToggleAddRemove[[Ljava.lang.Object;@3fad151c](4)" classname="com.iot.selenium.tests.SettingsTest" time="0.196"/>
  <testcase name="testToggleAddRemove[[Ljava.lang.Object;@46014193](5)" classname="com.iot.selenium.tests.SettingsTest" time="0.176"/>
  <testcase name="testToggleAddRemove[[Ljava.lang.Object;@ed1bc80](6)" classname="com.iot.selenium.tests.SettingsTest" time="0.209"/>
  <testcase name="testToggleAddRemove[[Ljava.lang.Object;@79f05331](7)" classname="com.iot.selenium.tests.SettingsTest" time="0.158"/>
  <testcase name="testToggleAddRemove[[Ljava.lang.Object;@3d3bd9e3](8)" classname="com.iot.selenium.tests.SettingsTest" time="0.254"/>
  <testcase name="testToggleAddRemove[[Ljava.lang.Object;@551f927f](9)" classname="com.iot.selenium.tests.SettingsTest" time="0.369"/>
  <testcase name="testToggleAddRemove[[Ljava.lang.Object;@7b7030b7](10)" classname="com.iot.selenium.tests.SettingsTest" time="0.085"/>
  <testcase name="testToggleAddRemove[[Ljava.lang.Object;@2b7c980](11)" classname="com.iot.selenium.tests.SettingsTest" time="0.639"/>
  <testcase name="testToggleAddRemove[[Ljava.lang.Object;@1aa11ace](12)" classname="com.iot.selenium.tests.SettingsTest" time="0.689"/>
  <testcase name="testToggleAddRemove[[Ljava.lang.Object;@620ede3a](13)" classname="com.iot.selenium.tests.SettingsTest" time="0.724"/>
  <testcase name="testToggleAddRemove[[Ljava.lang.Object;@53d917df](14)" classname="com.iot.selenium.tests.SettingsTest" time="0.255"/>
  <testcase name="testToggleAddRemove[[Ljava.lang.Object;@2aae170c](15)" classname="com.iot.selenium.tests.SettingsTest" time="1.358"/>
  <testcase name="testConfiguration[[Ljava.lang.Object;@44e8d9dc](1)" classname="com.iot.selenium.tests.ConfigurationTest" time="1.939">
    <system-err><![CDATA[ERROR POIXMLDocumentPart Skipped invalid entry /xl/sharedStrings.xml
May 17, 2026 1:57:38 PM org.openqa.selenium.devtools.CdpVersionFinder findNearestMatch
WARNING: Unable to find CDP implementation matching 148
May 17, 2026 1:57:38 PM org.openqa.selenium.chromium.ChromiumDriver lambda$new$5
WARNING: Unable to find version of CDP to use for 148.0.7778.168. You may need to include a dependency on a specific version of the CDP using something similar to `org.seleniumhq.selenium:selenium-devtools-v86:4.27.0` where the version ("v86") matches the version of the chromium-based browser you're using and the version number of the artifact is the same as Selenium's.
]]></system-err>
  </testcase>
  <testcase name="testConfiguration[[Ljava.lang.Object;@78c7e153](2)" classname="com.iot.selenium.tests.ConfigurationTest" time="0.765"/>
  <testcase name="testConfiguration[[Ljava.lang.Object;@7e377c78](3)" classname="com.iot.selenium.tests.ConfigurationTest" time="1.277"/>
  <testcase name="testConfiguration[[Ljava.lang.Object;@57f35caf](4)" classname="com.iot.selenium.tests.ConfigurationTest" time="1.257"/>
  <testcase name="testConfiguration[[Ljava.lang.Object;@54ee31ff](5)" classname="com.iot.selenium.tests.ConfigurationTest" time="1.754"/>
  <testcase name="testConfiguration[[Ljava.lang.Object;@18505e39](6)" classname="com.iot.selenium.tests.ConfigurationTest" time="0.725"/>
  <testcase name="testConfiguration[[Ljava.lang.Object;@d90ac77](7)" classname="com.iot.selenium.tests.ConfigurationTest" time="1.213"/>
  <testcase name="testConfiguration[[Ljava.lang.Object;@59a630d4](8)" classname="com.iot.selenium.tests.ConfigurationTest" time="1.259"/>
  <testcase name="testConfiguration[[Ljava.lang.Object;@306e9bf0](9)" classname="com.iot.selenium.tests.ConfigurationTest" time="1.263"/>
  <testcase name="testConfiguration[[Ljava.lang.Object;@d66534c](10)" classname="com.iot.selenium.tests.ConfigurationTest" time="0.627"/>
  <testcase name="testConfiguration[[Ljava.lang.Object;@3cb3a3f6](11)" classname="com.iot.selenium.tests.ConfigurationTest" time="0.106"/>
  <testcase name="testConfiguration[[Ljava.lang.Object;@29b8acf3](12)" classname="com.iot.selenium.tests.ConfigurationTest" time="0.827"/>
  <testcase name="testDataAfterSeed" classname="com.iot.selenium.tests.SensorDashboardTest" time="1.506">
    <system-err><![CDATA[May 17, 2026 1:57:52 PM org.openqa.selenium.devtools.CdpVersionFinder findNearestMatch
WARNING: Unable to find CDP implementation matching 148
May 17, 2026 1:57:52 PM org.openqa.selenium.chromium.ChromiumDriver lambda$new$5
WARNING: Unable to find version of CDP to use for 148.0.7778.168. You may need to include a dependency on a specific version of the CDP using something similar to `org.seleniumhq.selenium:selenium-devtools-v86:4.27.0` where the version ("v86") matches the version of the chromium-based browser you're using and the version number of the artifact is the same as Selenium's.
ERROR POIXMLDocumentPart Skipped invalid entry /xl/sharedStrings.xml
ERROR POIXMLDocumentPart Skipped invalid entry /xl/sharedStrings.xml
ERROR POIXMLDocumentPart Skipped invalid entry /xl/sharedStrings.xml
]]></system-err>
  </testcase>
  <testcase name="testPanelOpenClose" classname="com.iot.selenium.tests.AlertsTest" time="6.992">
    <system-err><![CDATA[May 17, 2026 1:57:55 PM org.openqa.selenium.devtools.CdpVersionFinder findNearestMatch
WARNING: Unable to find CDP implementation matching 148
May 17, 2026 1:57:55 PM org.openqa.selenium.chromium.ChromiumDriver lambda$new$5
WARNING: Unable to find version of CDP to use for 148.0.7778.168. You may need to include a dependency on a specific version of the CDP using something similar to `org.seleniumhq.selenium:selenium-devtools-v86:4.27.0` where the version ("v86") matches the version of the chromium-based browser you're using and the version number of the artifact is the same as Selenium's.
ERROR POIXMLDocumentPart Skipped invalid entry /xl/sharedStrings.xml
ERROR POIXMLDocumentPart Skipped invalid entry /xl/sharedStrings.xml
]]></system-err>
  </testcase>
  <testcase name="testEmptyNotifications" classname="com.iot.selenium.tests.AlertsTest" time="0.954">
    <system-err><![CDATA[ERROR POIXMLDocumentPart Skipped invalid entry /xl/sharedStrings.xml
ERROR POIXMLDocumentPart Skipped invalid entry /xl/sharedStrings.xml
]]></system-err>
  </testcase>
  <testcase name="testSeededNotifications" classname="com.iot.selenium.tests.AlertsTest" time="6.657">
    <system-err><![CDATA[ERROR POIXMLDocumentPart Skipped invalid entry /xl/sharedStrings.xml
ERROR POIXMLDocumentPart Skipped invalid entry /xl/sharedStrings.xml
]]></system-err>
  </testcase>
  <testcase name="testJumpToSensorModal" classname="com.iot.selenium.tests.AlertsTest" time="0.0">
    <skipped message="[TC-AN08] No air-quality alert card in panel after seeding"/>
    <system-err><![CDATA[ERROR POIXMLDocumentPart Skipped invalid entry /xl/sharedStrings.xml
ERROR POIXMLDocumentPart Skipped invalid entry /xl/sharedStrings.xml
]]></system-err>
  </testcase>
  <testcase name="testDeleteFromModal" classname="com.iot.selenium.tests.AlertsTest" time="0.0">
    <skipped message="Method com.iot.selenium.tests.AlertsTest.testDeleteFromModal() on instance com.iot.selenium.tests.AlertsTest@7494f96a depends on not successfully finished methods &#10;[com.iot.selenium.tests.AlertsTest.testJumpToSensorModal() on instance com.iot.selenium.tests.AlertsTest@7494f96a]"/>
  </testcase>
  <testcase name="testPanelOnSettingsRoute" classname="com.iot.selenium.tests.AlertsTest" time="0.624">
    <system-err><![CDATA[ERROR POIXMLDocumentPart Skipped invalid entry /xl/sharedStrings.xml
]]></system-err>
  </testcase>
</testsuite>