<?xml version="1.0" encoding="UTF-8"?>
<testsuite xmlns:xsi="http://www.w3.org/2001/XMLSchema-instance" xsi:noNamespaceSchemaLocation="https://maven.apache.org/surefire/maven-surefire-plugin/xsd/surefire-test-report.xsd" version="3.0.2" name="TestSuite" time="18.572" tests="6" errors="0" skipped="0" failures="0">
  <properties>
[...]
</properties>
  <testcase name="shouldRegisterSuccessfully[{Test Case Name=Selenium Registration Success, Status=Ready, &quot;REG-&quot; &amp; TEXT(ROW()-2, &quot;00&quot;)=SEL-SIGNUP-01, Feature (Ticket #)=#selenium, Scope=Frontend, Level=System, Technique=E2E, Type=Positive, Steps to Reproduce=1. Open /signup.&#10;2. Enter a unique email and valid name/password data.&#10;3. Submit the form., Test Data Used=emailPrefix=signup.selenium; emailDomain=example.com; firstName=Alice; lastName=Brown; password=Signup123!; expectedGreetingName=Alice, Expected Results=Should create the account, sign in automatically, and show the dashboard greeting for Alice., Actual Results=-, Endpoint=http://localhost:4200/signup -&gt; /home, Assignee=Automation, Approver=QA, Notes=Used by SignupTest., API Contract Link=-}](1)" classname="com.iot.selenium.tests.SignupTest" time="1.815">
    <system-out><![CDATA[2026-05-04T00:51:05.400948400Z main ERROR Log4j API could not find a logging provider.
]]></system-out>
    <system-err><![CDATA[SLF4J(W): No SLF4J providers were found.
SLF4J(W): Defaulting to no-operation (NOP) logger implementation
SLF4J(W): See https://www.slf4j.org/codes.html#noProviders for further details.
May 04, 2026 3:51:07 AM org.openqa.selenium.devtools.CdpVersionFinder findNearestMatch
WARNING: Unable to find CDP implementation matching 147
May 04, 2026 3:51:07 AM org.openqa.selenium.chromium.ChromiumDriver lambda$new$5
WARNING: Unable to find version of CDP to use for 147.0.7727.138. You may need to include a dependency on a specific version of the CDP using something similar to `org.seleniumhq.selenium:selenium-devtools-v86:4.27.0` where the version ("v86") matches the version of the chromium-based browser you're using and the version number of the artifact is the same as Selenium's.
]]></system-err>
  </testcase>
  <testcase name="shouldLoginSuccessfully[{Test Case Name=Selenium Login Success, Status=Ready, Test Case ID=SEL-LOGIN-01, Feature (Ticket #)=#selenium, Scope=Frontend, Level=System, Technique=E2E, Type=Positive, Steps to Reproduce=1. Open /login.&#10;2. Enter valid credentials.&#10;3. Submit the form., Test Data Used=email=faridakhaled05@gmail.com; password=Farida123!; expectedGreetingName=Farida, Expected Results=Should navigate to the dashboard and show the greeting for Farida., Actual Results=-, Endpoint=http://localhost:4200/login -&gt; /home, Assignee=Automation, Approver=QA, Notes=Used by LoginTest and DashboardTest., API Contract Link=-}](1)" classname="com.iot.selenium.tests.SigninTest" time="1.024">
    <system-err><![CDATA[May 04, 2026 3:51:10 AM org.openqa.selenium.devtools.CdpVersionFinder findNearestMatch
WARNING: Unable to find CDP implementation matching 147
May 04, 2026 3:51:10 AM org.openqa.selenium.chromium.ChromiumDriver lambda$new$5
WARNING: Unable to find version of CDP to use for 147.0.7727.138. You may need to include a dependency on a specific version of the CDP using something similar to `org.seleniumhq.selenium:selenium-devtools-v86:4.27.0` where the version ("v86") matches the version of the chromium-based browser you're using and the version number of the artifact is the same as Selenium's.
]]></system-err>
  </testcase>
  <testcase name="shouldShowLoginErrorForInvalidCredentials[{Test Case Name=Selenium Login Failure, Status=Ready, Test Case ID=SEL-LOGIN-02, Feature (Ticket #)=#selenium, Scope=Frontend, Level=System, Technique=E2E, Type=Negative, Steps to Reproduce=1. Open /login.&#10;2. Enter an invalid password.&#10;3. Submit the form., Test Data Used=email=john@example.com; password=WrongPassword123!; expectedError=Invalid email or password., Expected Results=Should remain on the login page and show the invalid-credentials message., Actual Results=-, Endpoint=http://localhost:4200/login, Assignee=Automation, Approver=QA, Notes=Used by LoginTest negative coverage., API Contract Link=-}](1)" classname="com.iot.selenium.tests.SigninTest" time="0.745">
    <system-err><![CDATA[May 04, 2026 3:51:13 AM org.openqa.selenium.devtools.CdpVersionFinder findNearestMatch
WARNING: Unable to find CDP implementation matching 147
May 04, 2026 3:51:13 AM org.openqa.selenium.chromium.ChromiumDriver lambda$new$5
WARNING: Unable to find version of CDP to use for 147.0.7727.138. You may need to include a dependency on a specific version of the CDP using something similar to `org.seleniumhq.selenium:selenium-devtools-v86:4.27.0` where the version ("v86") matches the version of the chromium-based browser you're using and the version number of the artifact is the same as Selenium's.
]]></system-err>
  </testcase>
  <testcase name="shouldDisplayDashboardGreetingAndProfileShortcut[{Test Case Name=Selenium Login Success, Status=Ready, Test Case ID=SEL-LOGIN-01, Feature (Ticket #)=#selenium, Scope=Frontend, Level=System, Technique=E2E, Type=Positive, Steps to Reproduce=1. Open /login.&#10;2. Enter valid credentials.&#10;3. Submit the form., Test Data Used=email=faridakhaled05@gmail.com; password=Farida123!; expectedGreetingName=Farida, Expected Results=Should navigate to the dashboard and show the greeting for Farida., Actual Results=-, Endpoint=http://localhost:4200/login -&gt; /home, Assignee=Automation, Approver=QA, Notes=Used by LoginTest and DashboardTest., API Contract Link=-}](1)" classname="com.iot.selenium.tests.DashboardTest" time="1.26">
    <system-err><![CDATA[May 04, 2026 3:51:15 AM org.openqa.selenium.devtools.CdpVersionFinder findNearestMatch
WARNING: Unable to find CDP implementation matching 147
May 04, 2026 3:51:15 AM org.openqa.selenium.chromium.ChromiumDriver lambda$new$5
WARNING: Unable to find version of CDP to use for 147.0.7727.138. You may need to include a dependency on a specific version of the CDP using something similar to `org.seleniumhq.selenium:selenium-devtools-v86:4.27.0` where the version ("v86") matches the version of the chromium-based browser you're using and the version number of the artifact is the same as Selenium's.
]]></system-err>
  </testcase>
  <testcase name="shouldDisplayProfileDetails[{Test Case Name=Selenium Profile Smoke, Status=Ready, Test Case ID=SEL-PROFILE-01, Feature (Ticket #)=#selenium, Scope=Frontend, Level=System, Technique=E2E, Type=Positive, Steps to Reproduce=1. Log in with valid credentials.&#10;2. Open the profile page.&#10;3. Verify the displayed user details., Test Data Used=email=john@example.com; password=Password123!; expectedFirstName=John; expectedLastName=Doe; expectedEmail=john@example.com; expectedGreetingName=John, Expected Results=Should display the cached profile information and allow navigation back to the dashboard., Actual Results=-, Endpoint=http://localhost:4200/profile, Assignee=Automation, Approver=QA, Notes=Used by UserProfileTest., API Contract Link=-}](1)" classname="com.iot.selenium.tests.UserProfileTest" time="1.194">
    <system-err><![CDATA[May 04, 2026 3:51:18 AM org.openqa.selenium.devtools.CdpVersionFinder findNearestMatch
WARNING: Unable to find CDP implementation matching 147
May 04, 2026 3:51:18 AM org.openqa.selenium.chromium.ChromiumDriver lambda$new$5
WARNING: Unable to find version of CDP to use for 147.0.7727.138. You may need to include a dependency on a specific version of the CDP using something similar to `org.seleniumhq.selenium:selenium-devtools-v86:4.27.0` where the version ("v86") matches the version of the chromium-based browser you're using and the version number of the artifact is the same as Selenium's.
]]></system-err>
  </testcase>
  <testcase name="shouldReturnToDashboardFromProfile[{Test Case Name=Selenium Profile Smoke, Status=Ready, Test Case ID=SEL-PROFILE-01, Feature (Ticket #)=#selenium, Scope=Frontend, Level=System, Technique=E2E, Type=Positive, Steps to Reproduce=1. Log in with valid credentials.&#10;2. Open the profile page.&#10;3. Verify the displayed user details., Test Data Used=email=john@example.com; password=Password123!; expectedFirstName=John; expectedLastName=Doe; expectedEmail=john@example.com; expectedGreetingName=John, Expected Results=Should display the cached profile information and allow navigation back to the dashboard., Actual Results=-, Endpoint=http://localhost:4200/profile, Assignee=Automation, Approver=QA, Notes=Used by UserProfileTest., API Contract Link=-}](1)" classname="com.iot.selenium.tests.UserProfileTest" time="2.032">
    <system-err><![CDATA[May 04, 2026 3:51:21 AM org.openqa.selenium.devtools.CdpVersionFinder findNearestMatch
WARNING: Unable to find CDP implementation matching 147
May 04, 2026 3:51:21 AM org.openqa.selenium.chromium.ChromiumDriver lambda$new$5
WARNING: Unable to find version of CDP to use for 147.0.7727.138. You may need to include a dependency on a specific version of the CDP using something similar to `org.seleniumhq.selenium:selenium-devtools-v86:4.27.0` where the version ("v86") matches the version of the chromium-based browser you're using and the version number of the artifact is the same as Selenium's.
]]></system-err>
  </testcase>
</testsuite>